2019-12-18 17:12:116 INFO  indexPage:25 - testing logger class
2019-12-18 18:12:661 INFO  NavigationMenu:21 - NavigationMenu Class Object Created
2019-12-18 18:12:728 INFO  NavigationMenu:21 - NavigationMenu Class Object Created
2019-12-18 18:12:944 INFO  TestBase:51 - ============Starting the SUITE execution============
2019-12-18 18:12:951 INFO  TestBase:59 - ============Starting the TESTS execution============
2019-12-18 18:12:972 INFO  TestBase:78 - ============Launching the browser============
2019-12-18 18:12:79 INFO  TestBase:83 - ============test1============Started============
2019-12-18 18:12:315 INFO  TestBase:142 - Visiting to this URL = http://automationpractice.com/index.php
2019-12-18 18:12:331 INFO  TestBase:100 - ============test1============Finished============
2019-12-18 18:12:331 INFO  TestBase:105 - ============Closing the browser============
2019-12-18 18:12:160 INFO  TestBase:65 - ============Ending the TESTS execution============
2019-12-18 18:12:203 INFO  TestBase:119 - ============Ending the suite execution============
2019-12-18 18:12:697 INFO  NavigationMenu:23 - NavigationMenu Class Object Created
2019-12-18 18:12:968 INFO  TestBase:51 - ============Starting the SUITE execution============
2019-12-18 18:12:978 INFO  TestBase:59 - ============Starting the TESTS execution============
2019-12-18 18:12:02 INFO  TestBase:78 - ============Launching the browser============
2019-12-18 18:12:56 INFO  TestBase:83 - ============test1============Started============
2019-12-18 18:12:253 INFO  TestBase:142 - Visiting to this URL = http://automationpractice.com/index.php
2019-12-18 18:12:263 INFO  TestBase:100 - ============test1============Finished============
2019-12-18 18:12:264 INFO  TestBase:105 - ============Closing the browser============
2019-12-18 18:12:521 INFO  TestBase:65 - ============Ending the TESTS execution============
2019-12-18 18:12:567 INFO  TestBase:119 - ============Ending the suite execution============
2019-12-18 18:12:177 INFO  NavigationMenu:23 - NavigationMenu Class Object Created
2019-12-18 18:12:381 INFO  TestBase:51 - ============Starting the SUITE execution============
2019-12-18 18:12:389 INFO  TestBase:59 - ============Starting the TESTS execution============
2019-12-18 18:12:410 INFO  TestBase:78 - ============Launching the browser============
2019-12-18 18:12:219 INFO  TestBase:83 - ============test1============Started============
2019-12-18 18:12:861 INFO  TestBase:142 - Visiting to this URL = http://automationpractice.com/index.php
2019-12-18 18:12:889 INFO  TestBase:100 - ============test1============Finished============
2019-12-18 18:12:891 INFO  TestBase:105 - ============Closing the browser============
2019-12-18 18:12:758 INFO  TestBase:65 - ============Ending the TESTS execution============
2019-12-18 18:12:800 INFO  TestBase:119 - ============Ending the suite execution============
2019-12-23 16:12:336 INFO  NavigationMenu:23 - NavigationMenu Class Object Created
2019-12-23 16:12:865 INFO  TestBase:51 - ============Starting the SUITE execution============
2019-12-23 16:12:875 INFO  TestBase:59 - ============Starting the TESTS execution============
2019-12-23 16:12:910 INFO  TestBase:78 - ============Launching the browser============
2019-12-23 16:12:921 INFO  TestBase:83 - ============test1============Started============
2019-12-23 16:12:481 INFO  TestBase:142 - Visiting to this URL = http://automationpractice.com/index.php
2019-12-23 16:12:512 INFO  TestBase:100 - ============test1============Finished============
2019-12-23 16:12:513 INFO  TestBase:105 - ============Closing the browser============
2019-12-23 16:12:923 INFO  TestBase:65 - ============Ending the TESTS execution============
2019-12-23 16:12:901 INFO  TestBase:119 - ============Ending the suite execution============
2019-12-23 17:12:102 INFO  NavigationMenu:23 - NavigationMenu Class Object Created
2019-12-23 17:12:339 INFO  TestBase:51 - ============Starting the SUITE execution============
2019-12-23 17:12:347 INFO  TestBase:59 - ============Starting the TESTS execution============
2019-12-23 17:12:375 INFO  TestBase:78 - ============Launching the browser============
2019-12-23 17:12:822 INFO  TestBase:83 - ============test1============Started============
2019-12-23 17:12:924 INFO  TestBase:142 - Visiting to this URL = http://automationpractice.com/index.php
2019-12-23 17:12:925 INFO  NavigationMenu:60 - finding and clicking
2019-12-23 17:12:937 INFO  TestBase:100 - ============test1============Finished============
2019-12-23 17:12:938 INFO  TestBase:105 - ============Closing the browser============
2019-12-23 17:12:774 INFO  TestBase:65 - ============Ending the TESTS execution============
2019-12-23 17:12:819 INFO  TestBase:119 - ============Ending the suite execution============
2019-12-23 17:12:234 INFO  TestBase:51 - ============Starting the SUITE execution============
2019-12-23 17:12:243 INFO  TestBase:59 - ============Starting the TESTS execution============
2019-12-23 17:12:265 INFO  TestBase:78 - ============Launching the browser============
2019-12-23 17:12:452 INFO  TestBase:83 - ============test1============Started============
2019-12-23 17:12:859 INFO  TestBase:142 - Visiting to this URL = http://automationpractice.com/index.php
2019-12-23 17:12:892 INFO  NavigationMenu:23 - NavigationMenu Class Object Created
2019-12-23 17:12:893 INFO  NavigationMenu:60 - finding and clicking
2019-12-23 17:12:873 INFO  NavigationMenu:62 - clicked on women
2019-12-23 17:12:878 INFO  TestBase:100 - ============test1============Finished============
2019-12-23 17:12:878 INFO  TestBase:105 - ============Closing the browser============
2019-12-23 17:12:744 INFO  TestBase:65 - ============Ending the TESTS execution============
2019-12-23 17:12:778 INFO  TestBase:119 - ============Ending the suite execution============
2019-12-23 17:12:666 INFO  TestBase:51 - ============Starting the SUITE execution============
2019-12-23 17:12:676 INFO  TestBase:59 - ============Starting the TESTS execution============
2019-12-23 17:12:702 INFO  TestBase:78 - ============Launching the browser============
2019-12-23 17:12:987 INFO  TestBase:83 - ============test1============Started============
2019-12-23 17:12:968 INFO  TestBase:142 - Visiting to this URL = http://automationpractice.com/index.php
2019-12-23 17:12:00 INFO  NavigationMenu:23 - NavigationMenu Class Object Created
2019-12-23 17:12:00 INFO  NavigationMenu:60 - finding and clicking
2019-12-23 17:12:34 INFO  NavigationMenu:62 - clicked on women
2019-12-23 17:12:40 INFO  TestBase:100 - ============test1============Finished============
2019-12-23 17:12:40 INFO  TestBase:105 - ============Closing the browser============
2019-12-23 17:12:909 INFO  TestBase:65 - ============Ending the TESTS execution============
2019-12-23 17:12:946 INFO  TestBase:119 - ============Ending the suite execution============
2019-12-26 12:12:737 INFO  TestBase:51 - ============Starting the SUITE execution============
2019-12-26 12:12:757 INFO  TestBase:59 - ============Starting the TESTS execution============
2019-12-26 12:12:781 INFO  TestBase:78 - ============Launching the browser============
2019-12-26 12:12:195 INFO  TestBase:83 - ============test1============Started============
2019-12-26 12:12:122 INFO  TestBase:142 - Visiting to this URL = http://automationpractice.com/index.php
2019-12-26 12:12:178 INFO  NavigationMenu:28 - NavigationMenu Class Object Created
2019-12-26 12:12:330 INFO  TestBase:100 - ============test1============Finished============
2019-12-26 12:12:330 INFO  TestBase:105 - ============Closing the browser============
2019-12-26 12:12:219 INFO  TestBase:65 - ============Ending the TESTS execution============
2019-12-26 12:12:359 INFO  TestBase:119 - ============Ending the suite execution============
2019-12-26 12:12:478 INFO  TestBase:51 - ============Starting the SUITE execution============
2019-12-26 12:12:489 INFO  TestBase:59 - ============Starting the TESTS execution============
2019-12-26 12:12:518 INFO  TestBase:78 - ============Launching the browser============
2019-12-26 12:12:731 INFO  TestBase:83 - ============test1============Started============
2019-12-26 12:12:355 INFO  TestBase:142 - Visiting to this URL = http://automationpractice.com/index.php
2019-12-26 12:12:426 INFO  NavigationMenu:28 - NavigationMenu Class Object Created
2019-12-26 12:12:559 INFO  TestBase:100 - ============test1============Finished============
2019-12-26 12:12:560 INFO  TestBase:105 - ============Closing the browser============
2019-12-26 12:12:474 INFO  TestBase:65 - ============Ending the TESTS execution============
2019-12-26 12:12:517 INFO  TestBase:119 - ============Ending the suite execution============
2019-12-26 12:12:784 INFO  TestBase:51 - ============Starting the SUITE execution============
2019-12-26 12:12:793 INFO  TestBase:59 - ============Starting the TESTS execution============
2019-12-26 12:12:817 INFO  TestBase:78 - ============Launching the browser============
2019-12-26 12:12:107 INFO  TestBase:83 - ============test1============Started============
2019-12-26 12:12:917 INFO  TestBase:142 - Visiting to this URL = http://automationpractice.com/index.php
2019-12-26 12:12:958 INFO  NavigationMenu:28 - NavigationMenu Class Object Created
2019-12-26 12:12:232 INFO  NavigationMenu:51 - adding first product
2019-12-26 12:12:589 INFO  NavigationMenu:59 - closing window
2019-12-26 12:12:380 INFO  NavigationMenu:55 - adding second product
2019-12-26 12:12:133 INFO  NavigationMenu:59 - closing window
2019-12-26 12:12:182 INFO  testclass:26 - 2
2019-12-26 12:12:185 INFO  TestBase:100 - ============test1============Finished============
2019-12-26 12:12:185 INFO  TestBase:105 - ============Closing the browser============
2019-12-26 12:12:23 INFO  TestBase:65 - ============Ending the TESTS execution============
2019-12-26 12:12:56 INFO  TestBase:119 - ============Ending the suite execution============
2019-12-26 12:12:108 INFO  TestBase:51 - ============Starting the SUITE execution============
2019-12-26 12:12:116 INFO  TestBase:59 - ============Starting the TESTS execution============
2019-12-26 12:12:135 INFO  TestBase:78 - ============Launching the browser============
2019-12-26 12:12:524 INFO  TestBase:51 - ============Starting the SUITE execution============
2019-12-26 12:12:533 INFO  TestBase:59 - ============Starting the TESTS execution============
2019-12-26 12:12:552 INFO  TestBase:78 - ============Launching the browser============
2019-12-26 12:12:788 INFO  TestBase:83 - ============test1============Started============
2019-12-26 12:12:833 INFO  TestBase:142 - Visiting to this URL = http://automationpractice.com/index.php
2019-12-26 12:12:872 INFO  NavigationMenu:28 - NavigationMenu Class Object Created
2019-12-26 12:12:835 INFO  NavigationMenu:51 - adding first product
2019-12-26 12:12:110 INFO  NavigationMenu:59 - closing window
2019-12-26 12:12:627 INFO  NavigationMenu:55 - adding second product
2019-12-26 12:12:427 INFO  NavigationMenu:59 - closing window
2019-12-26 12:12:460 INFO  testclass:26 - 2
2019-12-26 12:12:494 INFO  testclass:27 - 
2019-12-26 12:12:527 INFO  testclass:28 - 
2019-12-26 12:12:533 INFO  TestBase:100 - ============test1============Finished============
2019-12-26 12:12:534 INFO  TestBase:105 - ============Closing the browser============
2019-12-26 12:12:453 INFO  TestBase:65 - ============Ending the TESTS execution============
2019-12-26 12:12:490 INFO  TestBase:119 - ============Ending the suite execution============
2019-12-26 16:12:543 INFO  WaitHelper:29 - WaitHelper Class Object Created
2019-12-26 16:12:543 INFO  WaitHelper:29 - WaitHelper Class Object Created
2019-12-29 16:12:523 INFO  WaitHelper:29 - WaitHelper Class Object Created
2019-12-29 16:12:873 INFO  WaitHelper:29 - WaitHelper Class Object Created
2019-12-29 16:12:409 INFO  TestBase:55 - ============Starting the SUITE execution============
2019-12-29 16:12:267 INFO  WaitHelper:29 - WaitHelper Class Object Created
2019-12-29 16:12:477 INFO  TestBase:55 - ============Starting the SUITE execution============
2019-12-29 16:12:484 INFO  TestBase:62 - ============Starting the TESTS execution============
2019-12-29 16:12:568 INFO  TestBase:81 - ============Launching the browser============
2019-12-29 16:12:712 INFO  TestBase:86 - ============test1============Started============
2019-12-29 16:12:249 INFO  TestBase:145 - Visiting to this URL = http://automationpractice.com/index.php?controller=authentication
2019-12-29 16:12:329 INFO  Page_authentication:23 - Page_authentication Class Object Created
2019-12-29 16:12:537 INFO  Page_authentication:75 - Typed = 'baymax1@gmail.com' email on already registered section email textbox field 
2019-12-29 16:12:644 INFO  Page_authentication:81 - Typed = 'baymax' password on already registered section password textbox field 
2019-12-29 16:12:344 INFO  Page_authentication:93 - Clicked on 'Sign in' button 
2019-12-29 16:12:348 INFO  Page_myAccount:22 - Page_myAccount Class Object Created
2019-12-29 16:12:349 INFO  Page_myAccount:22 - Page_myAccount Class Object Created
2019-12-29 16:12:397 INFO  Page_myAccount:62 - Clicking on 'Order History And Details
2019-12-29 16:12:414 INFO  TestBase:103 - ============test1============Finished============
2019-12-29 16:12:414 INFO  TestBase:108 - ============Closing the browser============
2019-12-29 16:12:459 INFO  TestBase:68 - ============Ending the TESTS execution============
2019-12-29 16:12:529 INFO  TestBase:122 - ============Ending the suite execution============
2019-12-29 16:12:494 INFO  WaitHelper:29 - WaitHelper Class Object Created
2019-12-29 16:12:721 INFO  TestBase:55 - ============Starting the SUITE execution============
2019-12-29 16:12:728 INFO  TestBase:62 - ============Starting the TESTS execution============
2019-12-29 16:12:748 INFO  TestBase:81 - ============Launching the browser============
2019-12-29 16:12:24 INFO  TestBase:86 - ============test1============Started============
2019-12-29 16:12:707 INFO  TestBase:145 - Visiting to this URL = http://automationpractice.com/index.php?controller=authentication
2019-12-29 16:12:741 INFO  Page_authentication:23 - Page_authentication Class Object Created
2019-12-29 16:12:974 INFO  Page_authentication:75 - Typed = 'baymax1@gmail.com' email on already registered section email textbox field 
2019-12-29 16:12:128 INFO  Page_authentication:81 - Typed = 'baymax' password on already registered section password textbox field 
2019-12-29 16:12:54 INFO  Page_authentication:93 - Clicked on 'Sign in' button 
2019-12-29 16:12:59 INFO  Page_myAccount:22 - Page_myAccount Class Object Created
2019-12-29 16:12:60 INFO  Page_myAccount:22 - Page_myAccount Class Object Created
2019-12-29 16:12:192 INFO  Page_myAccount:62 - Clicking on 'Order History And Details
2019-12-29 16:12:226 INFO  Page_history:26 - Page_history Class Object Created
2019-12-29 16:12:232 INFO  Page_history:26 - Page_history Class Object Created
2019-12-29 16:12:420 INFO  Page_history:273 - Clicking on 'LRZBVFASO' 
2019-12-29 16:12:432 INFO  TestBase:103 - ============test1============Finished============
2019-12-29 16:12:433 INFO  TestBase:108 - ============Closing the browser============
2019-12-29 16:12:301 INFO  TestBase:68 - ============Ending the TESTS execution============
2019-12-29 16:12:332 INFO  TestBase:122 - ============Ending the suite execution============
2019-12-29 16:12:700 INFO  WaitHelper:29 - WaitHelper Class Object Created
2019-12-29 16:12:904 INFO  TestBase:55 - ============Starting the SUITE execution============
2019-12-29 16:12:914 INFO  TestBase:62 - ============Starting the TESTS execution============
2019-12-29 16:12:942 INFO  TestBase:81 - ============Launching the browser============
2019-12-29 16:12:379 INFO  TestBase:86 - ============test1============Started============
2019-12-29 16:12:641 INFO  TestBase:145 - Visiting to this URL = http://automationpractice.com/index.php?controller=authentication
2019-12-29 16:12:675 INFO  Page_authentication:23 - Page_authentication Class Object Created
2019-12-29 16:12:854 INFO  Page_authentication:75 - Typed = 'baymax1@gmail.com' email on already registered section email textbox field 
2019-12-29 16:12:968 INFO  Page_authentication:81 - Typed = 'baymax' password on already registered section password textbox field 
2019-12-29 16:12:185 INFO  Page_authentication:93 - Clicked on 'Sign in' button 
2019-12-29 16:12:189 INFO  Page_myAccount:22 - Page_myAccount Class Object Created
2019-12-29 16:12:190 INFO  Page_myAccount:22 - Page_myAccount Class Object Created
2019-12-29 16:12:866 INFO  Page_myAccount:62 - Clicking on 'Order History And Details
2019-12-29 16:12:882 INFO  Page_history:26 - Page_history Class Object Created
2019-12-29 16:12:887 INFO  Page_history:26 - Page_history Class Object Created
2019-12-29 16:12:46 INFO  Page_history:273 - Clicking on 'LRZBVFASO' 
2019-12-29 16:12:80 INFO  TestBase:103 - ============test1============Finished============
2019-12-29 16:12:81 INFO  TestBase:108 - ============Closing the browser============
2019-12-29 16:12:950 INFO  TestBase:68 - ============Ending the TESTS execution============
2019-12-29 16:12:984 INFO  TestBase:122 - ============Ending the suite execution============
2019-12-29 16:12:524 INFO  WaitHelper:29 - WaitHelper Class Object Created
2019-12-29 16:12:715 INFO  TestBase:55 - ============Starting the SUITE execution============
2019-12-29 16:12:722 INFO  TestBase:62 - ============Starting the TESTS execution============
2019-12-29 16:12:742 INFO  TestBase:81 - ============Launching the browser============
2019-12-29 16:12:297 INFO  TestBase:86 - ============test1============Started============
2019-12-29 16:12:245 INFO  TestBase:145 - Visiting to this URL = http://automationpractice.com/index.php?controller=authentication
2019-12-29 16:12:297 INFO  Page_authentication:23 - Page_authentication Class Object Created
2019-12-29 16:12:492 INFO  Page_authentication:75 - Typed = 'baymax1@gmail.com' email on already registered section email textbox field 
2019-12-29 16:12:614 INFO  Page_authentication:81 - Typed = 'baymax' password on already registered section password textbox field 
2019-12-29 16:12:542 INFO  Page_authentication:93 - Clicked on 'Sign in' button 
2019-12-29 16:12:546 INFO  Page_myAccount:22 - Page_myAccount Class Object Created
2019-12-29 16:12:547 INFO  Page_myAccount:22 - Page_myAccount Class Object Created
2019-12-29 16:12:650 INFO  Page_myAccount:62 - Clicking on 'Order History And Details
2019-12-29 16:12:664 INFO  Page_history:26 - Page_history Class Object Created
2019-12-29 16:12:669 INFO  Page_history:26 - Page_history Class Object Created
2019-12-29 16:12:842 INFO  Page_history:274 - Clicking on 'LRZBVFASO' 
2019-12-29 16:12:855 INFO  TestBase:103 - ============test1============Finished============
2019-12-29 16:12:855 INFO  TestBase:108 - ============Closing the browser============
2019-12-29 16:12:714 INFO  TestBase:68 - ============Ending the TESTS execution============
2019-12-29 16:12:774 INFO  TestBase:122 - ============Ending the suite execution============
2019-12-29 16:12:751 INFO  WaitHelper:29 - WaitHelper Class Object Created
2019-12-29 16:12:943 INFO  TestBase:55 - ============Starting the SUITE execution============
2019-12-29 16:12:954 INFO  TestBase:62 - ============Starting the TESTS execution============
2019-12-29 16:12:978 INFO  TestBase:81 - ============Launching the browser============
2019-12-29 16:12:259 INFO  TestBase:86 - ============test1============Started============
2019-12-29 16:12:807 INFO  TestBase:145 - Visiting to this URL = http://automationpractice.com/index.php?controller=authentication
2019-12-29 16:12:850 INFO  Page_authentication:23 - Page_authentication Class Object Created
2019-12-29 16:12:50 INFO  Page_authentication:75 - Typed = 'baymax1@gmail.com' email on already registered section email textbox field 
2019-12-29 16:12:189 INFO  Page_authentication:81 - Typed = 'baymax' password on already registered section password textbox field 
2019-12-29 16:12:325 INFO  Page_authentication:93 - Clicked on 'Sign in' button 
2019-12-29 16:12:328 INFO  Page_myAccount:22 - Page_myAccount Class Object Created
2019-12-29 16:12:329 INFO  Page_myAccount:22 - Page_myAccount Class Object Created
2019-12-29 16:12:684 INFO  TestBase:103 - ============test1============Finished============
2019-12-29 16:12:687 INFO  TestBase:108 - ============Closing the browser============
2019-12-29 16:12:518 INFO  TestBase:68 - ============Ending the TESTS execution============
2019-12-29 16:12:574 INFO  TestBase:122 - ============Ending the suite execution============
2019-12-29 16:12:302 INFO  WaitHelper:29 - WaitHelper Class Object Created
2019-12-29 16:12:502 INFO  TestBase:55 - ============Starting the SUITE execution============
2019-12-29 16:12:518 INFO  TestBase:62 - ============Starting the TESTS execution============
2019-12-29 16:12:551 INFO  TestBase:81 - ============Launching the browser============
2019-12-29 16:12:28 INFO  TestBase:86 - ============test1============Started============
2019-12-29 16:12:42 INFO  TestBase:145 - Visiting to this URL = http://automationpractice.com/index.php?controller=authentication
2019-12-29 16:12:78 INFO  Page_authentication:23 - Page_authentication Class Object Created
2019-12-29 16:12:285 INFO  Page_authentication:75 - Typed = 'baymax1@gmail.com' email on already registered section email textbox field 
2019-12-29 16:12:403 INFO  Page_authentication:81 - Typed = 'baymax' password on already registered section password textbox field 
2019-12-29 16:12:156 INFO  Page_authentication:93 - Clicked on 'Sign in' button 
2019-12-29 16:12:163 INFO  Page_myAccount:22 - Page_myAccount Class Object Created
2019-12-29 16:12:165 INFO  Page_myAccount:22 - Page_myAccount Class Object Created
2019-12-29 16:12:372 INFO  Page_myAccount:62 - Clicking on 'Order History And Details
2019-12-29 16:12:391 INFO  Page_history:26 - Page_history Class Object Created
2019-12-29 16:12:398 INFO  Page_history:26 - Page_history Class Object Created
2019-12-29 16:12:575 INFO  Page_history:273 - Clicking on 'LRZBVFASO' 
2019-12-29 16:12:591 INFO  TestBase:103 - ============test1============Finished============
2019-12-29 16:12:592 INFO  TestBase:108 - ============Closing the browser============
2019-12-29 16:12:419 INFO  TestBase:68 - ============Ending the TESTS execution============
2019-12-29 16:12:465 INFO  TestBase:122 - ============Ending the suite execution============
2019-12-29 16:12:986 INFO  WaitHelper:29 - WaitHelper Class Object Created
2019-12-29 16:12:182 INFO  TestBase:55 - ============Starting the SUITE execution============
2019-12-29 16:12:194 INFO  TestBase:61 - ============Starting the TESTS execution============
2019-12-29 16:12:205 INFO  WaitHelper:29 - WaitHelper Class Object Created
2019-12-29 16:12:892 INFO  TestBase:55 - ============Starting the SUITE execution============
2019-12-29 16:12:901 INFO  TestBase:61 - ============Starting the TESTS execution============
2019-12-29 16:12:928 INFO  TestBase:83 - ============Launching the browser============
2019-12-29 16:12:562 INFO  TestBase:88 - ============test1============Started============
2019-12-29 16:12:94 INFO  TestBase:147 - Visiting to this URL = http://automationpractice.com/index.php?controller=authentication
2019-12-29 16:12:138 INFO  Page_authentication:23 - Page_authentication Class Object Created
2019-12-29 16:12:366 INFO  Page_authentication:75 - Typed = 'baymax1@gmail.com' email on already registered section email textbox field 
2019-12-29 16:12:489 INFO  Page_authentication:81 - Typed = 'baymax' password on already registered section password textbox field 
2019-12-29 16:12:121 INFO  Page_authentication:93 - Clicked on 'Sign in' button 
2019-12-29 16:12:125 INFO  Page_myAccount:22 - Page_myAccount Class Object Created
2019-12-29 16:12:127 INFO  Page_myAccount:22 - Page_myAccount Class Object Created
2019-12-29 16:12:186 INFO  Page_myAccount:62 - Clicking on 'Order History And Details
2019-12-29 16:12:204 INFO  Page_history:26 - Page_history Class Object Created
2019-12-29 16:12:213 INFO  Page_history:26 - Page_history Class Object Created
2019-12-29 16:12:309 INFO  TestBase:105 - ============test1============Finished============
2019-12-29 16:12:309 INFO  TestBase:110 - ============Closing the browser============
2019-12-29 16:12:155 INFO  TestBase:70 - ============Ending the TESTS execution============
2019-12-29 16:12:190 INFO  TestBase:124 - ============Ending the suite execution============
2020-02-22 13:02:982 INFO  TestBase:55 - ============Starting the SUITE execution============
2020-02-22 13:02:996 INFO  TestBase:61 - ============Starting the TESTS execution============
2020-02-22 13:02:18 INFO  TestBase:83 - ============Launching the browser============
2020-02-22 13:02:57 INFO  TestBase:88 - ============test1============Started============
2020-02-22 13:02:400 INFO  TestBase:147 - Visiting to this URL = http://automationpractice.com/index.php?controller=authentication
2020-02-22 13:02:433 INFO  Page_authentication:22 - Page_authentication Class Object Created
2020-02-22 13:02:697 INFO  Page_authentication:84 - Typed = 'baymax1@gmail.com' email on already registered section email textbox field 
2020-02-22 13:02:820 INFO  Page_authentication:91 - Typed = 'baymax' password on already registered section password textbox field 
2020-02-22 13:02:701 INFO  Page_authentication:105 - Clicked on 'Sign in' button 
2020-02-22 13:02:704 INFO  Page_myAccount:22 - Page_myAccount Class Object Created
2020-02-22 13:02:706 INFO  Page_myAccount:22 - Page_myAccount Class Object Created
2020-02-22 13:02:395 INFO  Page_myAccount:62 - Clicking on 'Order History And Details
2020-02-22 13:02:421 INFO  Page_history:27 - Page_history Class Object Created
2020-02-22 13:02:437 INFO  Page_history:27 - Page_history Class Object Created
2020-02-22 13:02:679 INFO  Page_history:289 - Clicking on 'LRZBVFASO' 
2020-02-22 13:02:691 INFO  TestBase:105 - ============test1============Finished============
2020-02-22 13:02:692 INFO  TestBase:110 - ============Closing the browser============
2020-02-22 13:02:388 INFO  TestBase:70 - ============Ending the TESTS execution============
2020-02-22 13:02:419 INFO  TestBase:124 - ============Ending the suite execution============
2020-02-22 15:02:905 INFO  TestBase:55 - ============Starting the SUITE execution============
2020-02-22 15:02:914 INFO  TestBase:61 - ============Starting the TESTS execution============
2020-02-22 15:02:933 INFO  TestBase:83 - ============Launching the browser============
2020-02-22 15:02:08 INFO  TestBase:88 - ============verifyWomenButtonFunctionality============Started============
2020-02-22 15:02:252 INFO  NavigationMenu:28 - NavigationMenu Class Object Created
2020-02-22 15:02:300 INFO  NavigationMenu:131 - clicked on 'WOMEN' menu
2020-02-22 15:02:330 INFO  NavigationMenu:28 - Navigated to url= http://automationpractice.com/index.php?id_category=3&controller=category
2020-02-22 15:02:346 INFO  Page_women:23 - Page_women Class Object Created
2020-02-22 15:02:347 INFO  VerificationHelper:20 - VericationHelper class Object created
2020-02-22 15:02:675 INFO  VerificationHelper:34 - element is Displayed
2020-02-22 15:02:757 INFO  VerificationHelper:89 - element isWomen
2020-02-22 15:02:814 INFO  VerificationHelper:122 - verifying if text is equals of 'Women' with 'Women'
2020-02-22 15:02:816 INFO  AssertionHelper:108 - Test is <<PASSED>>
2020-02-22 15:02:820 INFO  TestBase:105 - ============verifyWomenButtonFunctionality============Finished============
2020-02-22 15:02:821 INFO  TestBase:110 - ============Closing the browser============
2020-02-22 15:02:550 INFO  TestBase:70 - ============Ending the TESTS execution============
2020-02-22 15:02:580 INFO  TestBase:124 - ============Ending the suite execution============
2020-02-26 05:02:771 INFO  TestBase:55 - ============Starting the SUITE execution============
2020-02-26 05:02:785 INFO  TestBase:61 - ============Starting the TESTS execution============
2020-02-26 05:02:825 INFO  TestBase:83 - ============Launching the browser============
2020-02-26 05:02:235 INFO  TestBase:88 - ============verifyWomenButtonFunctionality============Started============
2020-02-26 05:02:16 INFO  NavigationMenu:28 - NavigationMenu Class Object Created
2020-02-26 05:02:324 INFO  NavigationMenu:131 - clicked on 'WOMEN' menu
2020-02-26 05:02:361 INFO  NavigationMenu:28 - Navigated to url= http://automationpractice.com/index.php?id_category=3&controller=category
2020-02-26 05:02:392 INFO  Page_women:23 - Page_women Class Object Created
2020-02-26 05:02:395 INFO  VerificationHelper:20 - VericationHelper class Object created
2020-02-26 05:02:168 INFO  VerificationHelper:34 - element is Displayed
2020-02-26 05:02:218 INFO  VerificationHelper:89 - element text is =Women
2020-02-26 05:02:288 INFO  VerificationHelper:122 - verifying if text is equals of 'Women' with 'Women'
2020-02-26 05:02:294 INFO  AssertionHelper:108 - Test is <<PASSED>>
2020-02-26 05:02:298 INFO  TestBase:105 - ============verifyWomenButtonFunctionality============Finished============
2020-02-26 05:02:298 INFO  TestBase:110 - ============Closing the browser============
2020-02-26 05:02:25 INFO  TestBase:70 - ============Ending the TESTS execution============
2020-02-26 05:02:87 INFO  TestBase:124 - ============Ending the suite execution============
2020-02-26 12:02:895 INFO  TestBase:55 - ============Starting the SUITE execution============
2020-02-26 12:02:906 INFO  TestBase:61 - ============Starting the TESTS execution============
2020-02-26 12:02:929 INFO  TestBase:83 - ============Launching the browser============
2020-02-26 12:02:927 INFO  TestBase:88 - ============ID02_verifyDressesButtonFunctionality============Started============
2020-02-26 12:02:941 INFO  WaitHelper:29 - WaitHelper Class Object Created
2020-02-26 12:02:946 INFO  WaitHelper:54 - Implicit wait set to = 60 seconds
2020-02-26 12:02:738 INFO  WaitHelper:41 - Pageload timeout set to = 60 seconds
2020-02-26 12:02:784 INFO  NavigationMenu:28 - NavigationMenu Class Object Created
2020-02-26 12:02:47 INFO  NavigationMenu:137 - clicked on 'DRESSES' menu
2020-02-26 12:02:87 INFO  NavigationMenu:62 - Navigated to url= http://automationpractice.com/index.php?id_category=8&controller=category
2020-02-26 12:02:99 INFO  Page_dresses:24 - Page_dresses Class Object Created
2020-02-26 12:02:100 INFO  VerificationHelper:20 - VericationHelper class Object created
2020-02-26 12:02:643 INFO  VerificationHelper:34 - element is Displayed
2020-02-26 12:02:672 INFO  VerificationHelper:89 - element text is => Women>Dresses
2020-02-26 12:02:769 INFO  VerificationHelper:122 - verifying if text is equals of '> Women>Dresses' with 'Dresses'
2020-02-26 12:02:771 INFO  AssertionHelper:100 - Test is <<FAILED>>
2020-02-26 12:02:785 INFO  TestBase:105 - ============ID02_verifyDressesButtonFunctionality============Finished============
2020-02-26 12:02:786 INFO  TestBase:110 - ============Closing the browser============
2020-02-26 12:02:574 INFO  TestBase:70 - ============Ending the TESTS execution============
2020-02-26 12:02:610 INFO  TestBase:124 - ============Ending the suite execution============
2020-02-26 12:02:378 INFO  TestBase:55 - ============Starting the SUITE execution============
2020-02-26 12:02:393 INFO  TestBase:61 - ============Starting the TESTS execution============
2020-02-26 12:02:425 INFO  TestBase:83 - ============Launching the browser============
2020-02-26 12:02:500 INFO  TestBase:88 - ============ID02_verifyDressesButtonFunctionality============Started============
2020-02-26 12:02:516 INFO  WaitHelper:29 - WaitHelper Class Object Created
2020-02-26 12:02:520 INFO  WaitHelper:54 - Implicit wait set to = 60 seconds
2020-02-26 12:02:585 INFO  WaitHelper:41 - Pageload timeout set to = 60 seconds
2020-02-26 12:02:633 INFO  NavigationMenu:28 - NavigationMenu Class Object Created
2020-02-26 12:02:554 INFO  NavigationMenu:137 - clicked on 'DRESSES' menu
2020-02-26 12:02:589 INFO  NavigationMenu:62 - Navigated to url= http://automationpractice.com/index.php?id_category=8&controller=category
2020-02-26 12:02:602 INFO  Page_dresses:24 - Page_dresses Class Object Created
2020-02-26 12:02:606 INFO  VerificationHelper:20 - VericationHelper class Object created
2020-02-26 12:02:48 INFO  VerificationHelper:34 - element is Displayed
2020-02-26 12:02:79 INFO  VerificationHelper:89 - element text is => Women>Dresses
2020-02-26 12:02:129 INFO  VerificationHelper:135 - verifying that='> Women>Dresses' contains text= 'Dresses'
2020-02-26 12:02:133 INFO  AssertionHelper:108 - Test is <<PASSED>>
2020-02-26 12:02:140 INFO  TestBase:105 - ============ID02_verifyDressesButtonFunctionality============Finished============
2020-02-26 12:02:142 INFO  TestBase:110 - ============Closing the browser============
2020-02-26 12:02:889 INFO  TestBase:70 - ============Ending the TESTS execution============
2020-02-26 12:02:918 INFO  TestBase:124 - ============Ending the suite execution============
2020-02-26 12:02:56 INFO  TestBase:55 - ============Starting the SUITE execution============
2020-02-26 12:02:67 INFO  TestBase:61 - ============Starting the TESTS execution============
2020-02-26 12:02:90 INFO  TestBase:83 - ============Launching the browser============
2020-02-26 12:02:366 INFO  TestBase:55 - ============Starting the SUITE execution============
2020-02-26 12:02:380 INFO  TestBase:61 - ============Starting the TESTS execution============
2020-02-26 12:02:403 INFO  TestBase:83 - ============Launching the browser============
2020-02-26 12:02:116 INFO  TestBase:88 - ============ID03_verifyTshirtsButtonFunctionality============Started============
2020-02-26 12:02:122 INFO  WaitHelper:29 - WaitHelper Class Object Created
2020-02-26 12:02:128 INFO  WaitHelper:54 - Implicit wait set to = 60 seconds
2020-02-26 12:02:514 INFO  TestBase:88 - ============ID03_verifyTshirtsButtonFunctionality============Started============
2020-02-26 12:02:523 INFO  WaitHelper:29 - WaitHelper Class Object Created
2020-02-26 12:02:534 INFO  WaitHelper:54 - Implicit wait set to = 60 seconds
2020-02-26 12:02:798 INFO  WaitHelper:41 - Pageload timeout set to = 60 seconds
2020-02-26 12:02:842 INFO  NavigationMenu:28 - NavigationMenu Class Object Created
2020-02-26 12:02:633 INFO  NavigationMenu:143 - clicked on 'T-SHIRTS' menu
2020-02-26 12:02:683 INFO  NavigationMenu:82 - Navigated to url= http://automationpractice.com/index.php?id_category=5&controller=category
2020-02-26 12:02:694 INFO  Page_tshirts:24 - Page_tshirts Class Object Created
2020-02-26 12:02:696 INFO  VerificationHelper:20 - VericationHelper class Object created
2020-02-26 12:02:983 INFO  VerificationHelper:34 - element is Displayed
2020-02-26 12:02:14 INFO  VerificationHelper:89 - element text is => Women>Tops>T-shirts
2020-02-26 12:02:69 INFO  VerificationHelper:135 - verifying that='> Women>Tops>T-shirts' contains text= 'T-shirts'
2020-02-26 12:02:72 INFO  AssertionHelper:108 - Test is <<PASSED>>
2020-02-26 12:02:77 INFO  TestBase:105 - ============ID03_verifyTshirtsButtonFunctionality============Finished============
2020-02-26 12:02:78 INFO  TestBase:110 - ============Closing the browser============
2020-02-26 12:02:228 INFO  TestBase:105 - ============ID03_verifyTshirtsButtonFunctionality============Finished============
2020-02-26 12:02:232 INFO  TestBase:110 - ============Closing the browser============
2020-02-26 12:02:789 INFO  TestBase:83 - ============Launching the browser============
2020-02-26 12:02:946 INFO  TestBase:83 - ============Launching the browser============
2020-02-26 12:02:213 INFO  TestBase:88 - ============ID04_verifyTopsButtonFunctionality============Started============
2020-02-26 12:02:227 INFO  TestBase:105 - ============ID04_verifyTopsButtonFunctionality============Finished============
2020-02-26 12:02:229 INFO  TestBase:110 - ============Closing the browser============
2020-02-26 12:02:780 INFO  TestBase:88 - ============ID04_verifyTopsButtonFunctionality============Started============
2020-02-26 12:02:782 INFO  WaitHelper:29 - WaitHelper Class Object Created
2020-02-26 12:02:794 INFO  WaitHelper:54 - Implicit wait set to = 60 seconds
2020-02-26 12:02:890 INFO  TestBase:70 - ============Ending the TESTS execution============
2020-02-26 12:02:986 INFO  TestBase:124 - ============Ending the suite execution============
2020-02-26 12:02:337 INFO  WaitHelper:41 - Pageload timeout set to = 60 seconds
2020-02-26 12:02:341 INFO  NavigationMenu:28 - NavigationMenu Class Object Created
2020-02-26 12:02:343 INFO  ActionHelper:20 - ActionHelper class Object created
2020-02-26 12:02:502 INFO  ActionHelper:27 - moved mouse pointer to webElement
2020-02-26 12:02:788 INFO  NavigationMenu:148 - clicked on 'tops'
2020-02-26 12:02:823 INFO  NavigationMenu:100 - Navigated to url= http://automationpractice.com/index.php?id_category=4&controller=category
2020-02-26 12:02:834 INFO  Page_tops:24 - Page_tops Class Object Created
2020-02-26 12:02:835 INFO  VerificationHelper:20 - VericationHelper class Object created
2020-02-26 12:02:571 INFO  VerificationHelper:34 - element is Displayed
2020-02-26 12:02:623 INFO  VerificationHelper:89 - element text is => Women>Tops
2020-02-26 12:02:690 INFO  VerificationHelper:135 - verifying that='> Women>Tops' contains text= 'T-shirts'
2020-02-26 12:02:690 INFO  AssertionHelper:100 - Test is <<FAILED>>
2020-02-26 12:02:704 INFO  TestBase:105 - ============ID04_verifyTopsButtonFunctionality============Finished============
2020-02-26 12:02:704 INFO  TestBase:110 - ============Closing the browser============
2020-02-26 12:02:442 INFO  TestBase:70 - ============Ending the TESTS execution============
2020-02-26 12:02:481 INFO  TestBase:124 - ============Ending the suite execution============
2020-02-26 13:02:500 INFO  TestBase:55 - ============Starting the SUITE execution============
2020-02-26 13:02:510 INFO  TestBase:61 - ============Starting the TESTS execution============
2020-02-26 13:02:534 INFO  TestBase:83 - ============Launching the browser============
2020-02-26 13:02:593 INFO  TestBase:88 - ============ID04_verifyTopsButtonFunctionality============Started============
2020-02-26 13:02:601 INFO  WaitHelper:29 - WaitHelper Class Object Created
2020-02-26 13:02:610 INFO  WaitHelper:54 - Implicit wait set to = 60 seconds
2020-02-26 13:02:810 INFO  WaitHelper:41 - Pageload timeout set to = 60 seconds
2020-02-26 13:02:879 INFO  NavigationMenu:28 - NavigationMenu Class Object Created
2020-02-26 13:02:882 INFO  ActionHelper:20 - ActionHelper class Object created
2020-02-26 13:02:144 INFO  TestBase:105 - ============ID04_verifyTopsButtonFunctionality============Finished============
2020-02-26 13:02:145 INFO  TestBase:110 - ============Closing the browser============
2020-02-26 13:02:773 INFO  TestBase:70 - ============Ending the TESTS execution============
2020-02-26 13:02:820 INFO  TestBase:124 - ============Ending the suite execution============
2020-02-26 13:02:959 INFO  TestBase:55 - ============Starting the SUITE execution============
2020-02-26 13:02:967 INFO  TestBase:61 - ============Starting the TESTS execution============
2020-02-26 13:02:987 INFO  TestBase:83 - ============Launching the browser============
2020-02-26 13:02:25 INFO  TestBase:88 - ============ID04_verifyTopsButtonFunctionality============Started============
2020-02-26 13:02:37 INFO  WaitHelper:29 - WaitHelper Class Object Created
2020-02-26 13:02:42 INFO  WaitHelper:54 - Implicit wait set to = 60 seconds
2020-02-26 13:02:272 INFO  WaitHelper:41 - Pageload timeout set to = 60 seconds
2020-02-26 13:02:354 INFO  NavigationMenu:28 - NavigationMenu Class Object Created
2020-02-26 13:02:355 INFO  ActionHelper:20 - ActionHelper class Object created
2020-02-26 13:02:664 INFO  TestBase:105 - ============ID04_verifyTopsButtonFunctionality============Finished============
2020-02-26 13:02:664 INFO  TestBase:110 - ============Closing the browser============
2020-02-26 13:02:285 INFO  TestBase:70 - ============Ending the TESTS execution============
2020-02-26 13:02:334 INFO  TestBase:124 - ============Ending the suite execution============
2020-02-26 13:02:796 INFO  TestBase:55 - ============Starting the SUITE execution============
2020-02-26 13:02:807 INFO  TestBase:61 - ============Starting the TESTS execution============
2020-02-26 13:02:827 INFO  TestBase:83 - ============Launching the browser============
2020-02-26 13:02:938 INFO  TestBase:88 - ============ID04_verifyTopsButtonFunctionality============Started============
2020-02-26 13:02:951 INFO  WaitHelper:29 - WaitHelper Class Object Created
2020-02-26 13:02:967 INFO  WaitHelper:54 - Implicit wait set to = 60 seconds
2020-02-26 13:02:189 INFO  WaitHelper:41 - Pageload timeout set to = 60 seconds
2020-02-26 13:02:262 INFO  NavigationMenu:28 - NavigationMenu Class Object Created
2020-02-26 13:02:265 INFO  ActionHelper:20 - ActionHelper class Object created
2020-02-26 13:02:917 INFO  TestBase:105 - ============ID04_verifyTopsButtonFunctionality============Finished============
2020-02-26 13:02:919 INFO  TestBase:110 - ============Closing the browser============
2020-02-26 13:02:535 INFO  TestBase:70 - ============Ending the TESTS execution============
2020-02-26 13:02:579 INFO  TestBase:124 - ============Ending the suite execution============
2020-02-26 13:02:950 INFO  TestBase:55 - ============Starting the SUITE execution============
2020-02-26 13:02:960 INFO  TestBase:61 - ============Starting the TESTS execution============
2020-02-26 13:02:981 INFO  TestBase:83 - ============Launching the browser============
2020-02-26 13:02:48 INFO  TestBase:88 - ============ID04_verifyTopsButtonFunctionality============Started============
2020-02-26 13:02:61 INFO  WaitHelper:29 - WaitHelper Class Object Created
2020-02-26 13:02:68 INFO  WaitHelper:54 - Implicit wait set to = 60 seconds
2020-02-26 13:02:177 INFO  WaitHelper:41 - Pageload timeout set to = 60 seconds
2020-02-26 13:02:232 INFO  NavigationMenu:28 - NavigationMenu Class Object Created
2020-02-26 13:02:235 INFO  ActionHelper:20 - ActionHelper class Object created
2020-02-26 13:02:399 INFO  ActionHelper:27 - moved mouse pointer to webElement
2020-02-26 13:02:310 INFO  NavigationMenu:148 - clicked on 'tops'
2020-02-26 13:02:364 INFO  NavigationMenu:100 - Navigated to url= http://automationpractice.com/index.php?id_category=4&controller=category
2020-02-26 13:02:378 INFO  Page_tops:24 - Page_tops Class Object Created
2020-02-26 13:02:380 INFO  VerificationHelper:20 - VericationHelper class Object created
2020-02-26 13:02:856 INFO  VerificationHelper:34 - element is Displayed
2020-02-26 13:02:885 INFO  VerificationHelper:89 - element text is => Women>Tops
2020-02-26 13:02:963 INFO  VerificationHelper:135 - verifying that='> Women>Tops' contains text= 'Tops'
2020-02-26 13:02:965 INFO  AssertionHelper:108 - Test is <<PASSED>>
2020-02-26 13:02:968 INFO  TestBase:105 - ============ID04_verifyTopsButtonFunctionality============Finished============
2020-02-26 13:02:968 INFO  TestBase:110 - ============Closing the browser============
2020-02-26 13:02:684 INFO  TestBase:70 - ============Ending the TESTS execution============
2020-02-26 13:02:721 INFO  TestBase:124 - ============Ending the suite execution============
2020-02-26 13:02:751 INFO  TestBase:55 - ============Starting the SUITE execution============
2020-02-26 13:02:763 INFO  TestBase:61 - ============Starting the TESTS execution============
2020-02-26 13:02:787 INFO  TestBase:83 - ============Launching the browser============
2020-02-26 13:02:826 INFO  TestBase:88 - ============ID01_verifyWomenMenuButtonFunctionality============Started============
2020-02-26 13:02:128 INFO  NavigationMenu:28 - NavigationMenu Class Object Created
2020-02-26 13:02:61 INFO  NavigationMenu:131 - clicked on 'WOMEN' menu
2020-02-26 13:02:114 INFO  NavigationMenu:48 - Navigated to url= http://automationpractice.com/index.php?id_category=3&controller=category
2020-02-26 13:02:131 INFO  Page_women:23 - Page_women Class Object Created
2020-02-26 13:02:133 INFO  VerificationHelper:20 - VericationHelper class Object created
2020-02-26 13:02:92 INFO  VerificationHelper:34 - element is Displayed
2020-02-26 13:02:285 INFO  VerificationHelper:89 - element text is => Women
2020-02-26 13:02:335 INFO  VerificationHelper:122 - verifying if text is equals of '> Women' with 'Women'
2020-02-26 13:02:336 INFO  AssertionHelper:100 - Test is <<FAILED>>
2020-02-26 13:02:346 INFO  TestBase:105 - ============ID01_verifyWomenMenuButtonFunctionality============Finished============
2020-02-26 13:02:347 INFO  TestBase:110 - ============Closing the browser============
2020-02-26 13:02:43 INFO  TestBase:83 - ============Launching the browser============
2020-02-26 13:02:345 INFO  TestBase:88 - ============ID02_verifyDressesMenuButtonFunctionality============Started============
2020-02-26 13:02:355 INFO  WaitHelper:29 - WaitHelper Class Object Created
2020-02-26 13:02:360 INFO  WaitHelper:54 - Implicit wait set to = 60 seconds
2020-02-26 13:02:611 INFO  WaitHelper:41 - Pageload timeout set to = 60 seconds
2020-02-26 13:02:613 INFO  NavigationMenu:28 - NavigationMenu Class Object Created
2020-02-26 13:02:664 INFO  NavigationMenu:137 - clicked on 'DRESSES' menu
2020-02-26 13:02:725 INFO  NavigationMenu:65 - Navigated to url= http://automationpractice.com/index.php?id_category=8&controller=category
2020-02-26 13:02:736 INFO  Page_dresses:24 - Page_dresses Class Object Created
2020-02-26 13:02:736 INFO  VerificationHelper:20 - VericationHelper class Object created
2020-02-26 13:02:878 INFO  VerificationHelper:34 - element is Displayed
2020-02-26 13:02:919 INFO  VerificationHelper:89 - element text is => Women>Dresses
2020-02-26 13:02:979 INFO  VerificationHelper:135 - verifying that='> Women>Dresses' contains text= 'Dresses'
2020-02-26 13:02:979 INFO  AssertionHelper:108 - Test is <<PASSED>>
2020-02-26 13:02:983 INFO  TestBase:105 - ============ID02_verifyDressesMenuButtonFunctionality============Finished============
2020-02-26 13:02:984 INFO  TestBase:110 - ============Closing the browser============
2020-02-26 13:02:789 INFO  TestBase:83 - ============Launching the browser============
2020-02-26 13:02:78 INFO  TestBase:88 - ============ID03_verifyTshirtsMenuButtonFunctionality============Started============
2020-02-26 13:02:79 INFO  WaitHelper:29 - WaitHelper Class Object Created
2020-02-26 13:02:90 INFO  WaitHelper:54 - Implicit wait set to = 60 seconds
2020-02-26 13:02:901 INFO  WaitHelper:41 - Pageload timeout set to = 60 seconds
2020-02-26 13:02:903 INFO  NavigationMenu:28 - NavigationMenu Class Object Created
2020-02-26 13:02:673 INFO  NavigationMenu:143 - clicked on 'T-SHIRTS' menu
2020-02-26 13:02:724 INFO  NavigationMenu:82 - Navigated to url= http://automationpractice.com/index.php?id_category=5&controller=category
2020-02-26 13:02:737 INFO  Page_tshirts:24 - Page_tshirts Class Object Created
2020-02-26 13:02:738 INFO  VerificationHelper:20 - VericationHelper class Object created
2020-02-26 13:02:753 INFO  VerificationHelper:34 - element is Displayed
2020-02-26 13:02:793 INFO  VerificationHelper:89 - element text is => Women>Tops>T-shirts
2020-02-26 13:02:844 INFO  VerificationHelper:135 - verifying that='> Women>Tops>T-shirts' contains text= 'T-shirts'
2020-02-26 13:02:844 INFO  AssertionHelper:108 - Test is <<PASSED>>
2020-02-26 13:02:847 INFO  TestBase:105 - ============ID03_verifyTshirtsMenuButtonFunctionality============Finished============
2020-02-26 13:02:847 INFO  TestBase:110 - ============Closing the browser============
2020-02-26 13:02:552 INFO  TestBase:83 - ============Launching the browser============
2020-02-26 13:02:812 INFO  TestBase:88 - ============ID04_verifyTopsButtonFunctionality============Started============
2020-02-26 13:02:815 INFO  WaitHelper:29 - WaitHelper Class Object Created
2020-02-26 13:02:823 INFO  WaitHelper:54 - Implicit wait set to = 60 seconds
2020-02-26 13:02:786 INFO  WaitHelper:41 - Pageload timeout set to = 60 seconds
2020-02-26 13:02:788 INFO  NavigationMenu:28 - NavigationMenu Class Object Created
2020-02-26 13:02:789 INFO  ActionHelper:20 - ActionHelper class Object created
2020-02-26 13:02:949 INFO  ActionHelper:30 - moved mouse pointer to webElement
2020-02-26 13:02:13 INFO  NavigationMenu:148 - clicked on 'tops'
2020-02-26 13:02:67 INFO  NavigationMenu:100 - Navigated to url= http://automationpractice.com/index.php?id_category=4&controller=category
2020-02-26 13:02:77 INFO  Page_tops:24 - Page_tops Class Object Created
2020-02-26 13:02:78 INFO  VerificationHelper:20 - VericationHelper class Object created
2020-02-26 13:02:136 INFO  VerificationHelper:34 - element is Displayed
2020-02-26 13:02:174 INFO  VerificationHelper:89 - element text is => Women>Tops
2020-02-26 13:02:236 INFO  VerificationHelper:135 - verifying that='> Women>Tops' contains text= 'Tops'
2020-02-26 13:02:237 INFO  AssertionHelper:108 - Test is <<PASSED>>
2020-02-26 13:02:238 INFO  TestBase:105 - ============ID04_verifyTopsButtonFunctionality============Finished============
2020-02-26 13:02:239 INFO  TestBase:110 - ============Closing the browser============
2020-02-26 13:02:973 INFO  TestBase:83 - ============Launching the browser============
2020-02-26 13:02:289 INFO  TestBase:88 - ============ID05_verifyTshirtsButtonFunctionality============Started============
2020-02-26 13:02:292 INFO  WaitHelper:29 - WaitHelper Class Object Created
2020-02-26 13:02:296 INFO  WaitHelper:54 - Implicit wait set to = 60 seconds
2020-02-26 13:02:129 INFO  WaitHelper:41 - Pageload timeout set to = 60 seconds
2020-02-26 13:02:131 INFO  NavigationMenu:28 - NavigationMenu Class Object Created
2020-02-26 13:02:132 INFO  ActionHelper:20 - ActionHelper class Object created
2020-02-26 13:02:277 INFO  ActionHelper:30 - moved mouse pointer to webElement
2020-02-26 13:02:83 INFO  NavigationMenu:153 - clicked on 'T-shirts'
2020-02-26 13:02:148 INFO  NavigationMenu:119 - Navigated to url= http://automationpractice.com/index.php?id_category=5&controller=category
2020-02-26 13:02:154 INFO  Page_tshirts:24 - Page_tshirts Class Object Created
2020-02-26 13:02:154 INFO  VerificationHelper:20 - VericationHelper class Object created
2020-02-26 13:02:197 INFO  VerificationHelper:34 - element is Displayed
2020-02-26 13:02:235 INFO  VerificationHelper:89 - element text is => Women>Tops>T-shirts
2020-02-26 13:02:285 INFO  VerificationHelper:135 - verifying that='> Women>Tops>T-shirts' contains text= 'T-shirts'
2020-02-26 13:02:285 INFO  AssertionHelper:108 - Test is <<PASSED>>
2020-02-26 13:02:287 INFO  TestBase:105 - ============ID05_verifyTshirtsButtonFunctionality============Finished============
2020-02-26 13:02:287 INFO  TestBase:110 - ============Closing the browser============
2020-02-26 13:02:15 INFO  TestBase:83 - ============Launching the browser============
2020-02-26 13:02:312 INFO  TestBase:88 - ============ID06_verifyBlousesButtonFunctionality============Started============
2020-02-26 13:02:313 INFO  WaitHelper:29 - WaitHelper Class Object Created
2020-02-26 13:02:319 INFO  WaitHelper:54 - Implicit wait set to = 60 seconds
2020-02-26 13:02:02 INFO  WaitHelper:41 - Pageload timeout set to = 60 seconds
2020-02-26 13:02:04 INFO  NavigationMenu:28 - NavigationMenu Class Object Created
2020-02-26 13:02:05 INFO  ActionHelper:20 - ActionHelper class Object created
2020-02-26 13:02:198 INFO  ActionHelper:30 - moved mouse pointer to webElement
2020-02-26 13:02:06 INFO  NavigationMenu:158 - clicked on 'Blouses
2020-02-26 13:02:52 INFO  NavigationMenu:137 - Navigated to url= http://automationpractice.com/index.php?id_category=7&controller=category
2020-02-26 13:02:59 INFO  Page_blouses:24 - Page_blouses Class Object Created
2020-02-26 13:02:59 INFO  VerificationHelper:20 - VericationHelper class Object created
2020-02-26 13:02:64 INFO  VerificationHelper:34 - element is Displayed
2020-02-26 13:02:97 INFO  VerificationHelper:89 - element text is => Women>Tops>Blouses
2020-02-26 13:02:149 INFO  VerificationHelper:135 - verifying that='> Women>Tops>Blouses' contains text= 'Blouses'
2020-02-26 13:02:149 INFO  AssertionHelper:108 - Test is <<PASSED>>
2020-02-26 13:02:151 INFO  TestBase:105 - ============ID06_verifyBlousesButtonFunctionality============Finished============
2020-02-26 13:02:151 INFO  TestBase:110 - ============Closing the browser============
2020-02-26 13:02:890 INFO  TestBase:83 - ============Launching the browser============
2020-02-26 13:02:198 INFO  TestBase:88 - ============ID07_verifyDressesButtonFunctionality============Started============
2020-02-26 13:02:204 INFO  WaitHelper:29 - WaitHelper Class Object Created
2020-02-26 13:02:209 INFO  WaitHelper:54 - Implicit wait set to = 60 seconds
2020-02-26 13:02:78 INFO  WaitHelper:41 - Pageload timeout set to = 60 seconds
2020-02-26 13:02:80 INFO  NavigationMenu:28 - NavigationMenu Class Object Created
2020-02-26 13:02:80 INFO  ActionHelper:20 - ActionHelper class Object created
2020-02-26 13:02:225 INFO  ActionHelper:30 - moved mouse pointer to webElement
2020-02-26 13:02:520 INFO  NavigationMenu:163 - clicked on 'DRESSES'
2020-02-26 13:02:553 INFO  NavigationMenu:155 - Navigated to url= http://automationpractice.com/index.php?id_category=8&controller=category
2020-02-26 13:02:560 INFO  Page_dresses:24 - Page_dresses Class Object Created
2020-02-26 13:02:561 INFO  VerificationHelper:20 - VericationHelper class Object created
2020-02-26 13:02:621 INFO  VerificationHelper:34 - element is Displayed
2020-02-26 13:02:654 INFO  VerificationHelper:89 - element text is => Women>Dresses
2020-02-26 13:02:715 INFO  VerificationHelper:135 - verifying that='> Women>Dresses' contains text= 'Dresses'
2020-02-26 13:02:715 INFO  AssertionHelper:108 - Test is <<PASSED>>
2020-02-26 13:02:717 INFO  TestBase:105 - ============ID07_verifyDressesButtonFunctionality============Finished============
2020-02-26 13:02:717 INFO  TestBase:110 - ============Closing the browser============
2020-02-26 13:02:430 INFO  TestBase:83 - ============Launching the browser============
2020-02-26 13:02:792 INFO  TestBase:88 - ============ID08_verifyCasualDressesButtonFunctionality============Started============
2020-02-26 13:02:793 INFO  WaitHelper:29 - WaitHelper Class Object Created
2020-02-26 13:02:797 INFO  WaitHelper:54 - Implicit wait set to = 60 seconds
2020-02-26 13:02:751 INFO  WaitHelper:41 - Pageload timeout set to = 60 seconds
2020-02-26 13:02:752 INFO  NavigationMenu:28 - NavigationMenu Class Object Created
2020-02-26 13:02:753 INFO  ActionHelper:20 - ActionHelper class Object created
2020-02-26 13:02:904 INFO  ActionHelper:30 - moved mouse pointer to webElement
2020-02-26 13:02:808 INFO  NavigationMenu:163 - clicked on 'DRESSES'
2020-02-26 13:02:835 INFO  NavigationMenu:173 - Navigated to url= http://automationpractice.com/index.php?id_category=8&controller=category
2020-02-26 13:02:841 INFO  Page_casualDresses:22 - Page_casualDresses Class Object Created
2020-02-26 13:02:842 INFO  VerificationHelper:20 - VericationHelper class Object created
2020-02-26 13:02:941 INFO  VerificationHelper:34 - element is Displayed
2020-02-26 13:02:982 INFO  VerificationHelper:89 - element text is => Women>Dresses
2020-02-26 13:02:30 INFO  VerificationHelper:135 - verifying that='> Women>Dresses' contains text= 'Casual Dresses'
2020-02-26 13:02:30 INFO  AssertionHelper:100 - Test is <<FAILED>>
2020-02-26 13:02:33 INFO  TestBase:105 - ============ID08_verifyCasualDressesButtonFunctionality============Finished============
2020-02-26 13:02:33 INFO  TestBase:110 - ============Closing the browser============
2020-02-26 13:02:729 INFO  TestBase:83 - ============Launching the browser============
2020-02-26 13:02:25 INFO  TestBase:88 - ============ID09_verifyEveningDressesButtonFunctionality============Started============
2020-02-26 13:02:27 INFO  WaitHelper:29 - WaitHelper Class Object Created
2020-02-26 13:02:31 INFO  WaitHelper:54 - Implicit wait set to = 60 seconds
2020-02-26 13:02:20 INFO  WaitHelper:41 - Pageload timeout set to = 60 seconds
2020-02-26 13:02:21 INFO  NavigationMenu:28 - NavigationMenu Class Object Created
2020-02-26 13:02:22 INFO  ActionHelper:20 - ActionHelper class Object created
2020-02-26 13:02:173 INFO  ActionHelper:30 - moved mouse pointer to webElement
2020-02-26 13:02:997 INFO  NavigationMenu:173 - clicked on 'Evening Dresses'
2020-02-26 13:02:28 INFO  NavigationMenu:191 - Navigated to url= http://automationpractice.com/index.php?id_category=10&controller=category
2020-02-26 13:02:37 INFO  Page_eveningDresses:22 - Page_eveningDresses Class Object Created
2020-02-26 13:02:37 INFO  VerificationHelper:20 - VericationHelper class Object created
2020-02-26 13:02:57 INFO  VerificationHelper:34 - element is Displayed
2020-02-26 13:02:86 INFO  VerificationHelper:89 - element text is => Women>Dresses>Evening Dresses
2020-02-26 13:02:150 INFO  VerificationHelper:135 - verifying that='> Women>Dresses>Evening Dresses' contains text= 'Evening Dresses'
2020-02-26 13:02:150 INFO  AssertionHelper:108 - Test is <<PASSED>>
2020-02-26 13:02:156 INFO  TestBase:105 - ============ID09_verifyEveningDressesButtonFunctionality============Finished============
2020-02-26 13:02:156 INFO  TestBase:110 - ============Closing the browser============
2020-02-26 13:02:910 INFO  TestBase:83 - ============Launching the browser============
2020-02-26 13:02:180 INFO  TestBase:88 - ============ID10_verifySummerDressesButtonFunctionality============Started============
2020-02-26 13:02:181 INFO  WaitHelper:29 - WaitHelper Class Object Created
2020-02-26 13:02:189 INFO  WaitHelper:54 - Implicit wait set to = 60 seconds
2020-02-26 13:02:954 INFO  WaitHelper:41 - Pageload timeout set to = 60 seconds
2020-02-26 13:02:956 INFO  NavigationMenu:28 - NavigationMenu Class Object Created
2020-02-26 13:02:957 INFO  ActionHelper:20 - ActionHelper class Object created
2020-02-26 13:02:104 INFO  ActionHelper:30 - moved mouse pointer to webElement
2020-02-26 13:02:908 INFO  NavigationMenu:178 - clicked on 'Summer Dresses'
2020-02-26 13:02:946 INFO  NavigationMenu:209 - Navigated to url= http://automationpractice.com/index.php?id_category=11&controller=category
2020-02-26 13:02:954 INFO  Page_summerDresses:22 - Page_summerDresses Class Object Created
2020-02-26 13:02:954 INFO  VerificationHelper:20 - VericationHelper class Object created
2020-02-26 13:02:01 INFO  VerificationHelper:34 - element is Displayed
2020-02-26 13:02:35 INFO  VerificationHelper:89 - element text is => Women>Dresses>Summer Dresses
2020-02-26 13:02:91 INFO  VerificationHelper:135 - verifying that='> Women>Dresses>Summer Dresses' contains text= 'Summer Dresses'
2020-02-26 13:02:91 INFO  AssertionHelper:108 - Test is <<PASSED>>
2020-02-26 13:02:105 INFO  TestBase:105 - ============ID10_verifySummerDressesButtonFunctionality============Finished============
2020-02-26 13:02:105 INFO  TestBase:110 - ============Closing the browser============
2020-02-26 13:02:865 INFO  TestBase:83 - ============Launching the browser============
2020-02-26 13:02:177 INFO  TestBase:88 - ============ID11_verifyCasualDressesButtonFunctionality============Started============
2020-02-26 13:02:178 INFO  WaitHelper:29 - WaitHelper Class Object Created
2020-02-26 13:02:180 INFO  WaitHelper:54 - Implicit wait set to = 60 seconds
2020-02-26 13:02:891 INFO  WaitHelper:41 - Pageload timeout set to = 60 seconds
2020-02-26 13:02:892 INFO  NavigationMenu:28 - NavigationMenu Class Object Created
2020-02-26 13:02:893 INFO  ActionHelper:20 - ActionHelper class Object created
2020-02-26 13:02:39 INFO  ActionHelper:30 - moved mouse pointer to webElement
2020-02-26 13:02:914 INFO  NavigationMenu:194 - clicked on 'CASUAL DRESSES'
2020-02-26 13:02:946 INFO  NavigationMenu:231 - Navigated to url= http://automationpractice.com/index.php?id_category=9&controller=category
2020-02-26 13:02:951 INFO  Page_casualDresses:22 - Page_casualDresses Class Object Created
2020-02-26 13:02:951 INFO  VerificationHelper:20 - VericationHelper class Object created
2020-02-26 13:02:976 INFO  VerificationHelper:34 - element is Displayed
2020-02-26 13:02:24 INFO  VerificationHelper:89 - element text is => Women>Dresses>Casual Dresses
2020-02-26 13:02:79 INFO  VerificationHelper:135 - verifying that='> Women>Dresses>Casual Dresses' contains text= 'Casual Dresses'
2020-02-26 13:02:79 INFO  AssertionHelper:108 - Test is <<PASSED>>
2020-02-26 13:02:81 INFO  TestBase:105 - ============ID11_verifyCasualDressesButtonFunctionality============Finished============
2020-02-26 13:02:82 INFO  TestBase:110 - ============Closing the browser============
2020-02-26 13:02:798 INFO  TestBase:83 - ============Launching the browser============
2020-02-26 13:02:48 INFO  TestBase:88 - ============ID12_verifyEveningDressesButtonFunctionality============Started============
2020-02-26 13:02:49 INFO  WaitHelper:29 - WaitHelper Class Object Created
2020-02-26 13:02:55 INFO  WaitHelper:54 - Implicit wait set to = 60 seconds
2020-02-26 13:02:44 INFO  WaitHelper:41 - Pageload timeout set to = 60 seconds
2020-02-26 13:02:45 INFO  NavigationMenu:28 - NavigationMenu Class Object Created
2020-02-26 13:02:45 INFO  ActionHelper:20 - ActionHelper class Object created
2020-02-26 13:02:192 INFO  ActionHelper:30 - moved mouse pointer to webElement
2020-02-26 13:02:992 INFO  NavigationMenu:199 - clicked on 'EVENING DRESSES'
2020-02-26 13:02:20 INFO  NavigationMenu:249 - Navigated to url= http://automationpractice.com/index.php?id_category=9&controller=category
2020-02-26 13:02:25 INFO  Page_eveningDresses:22 - Page_eveningDresses Class Object Created
2020-02-26 13:02:25 INFO  VerificationHelper:20 - VericationHelper class Object created
2020-02-26 13:02:984 INFO  VerificationHelper:34 - element is Displayed
2020-02-26 13:02:15 INFO  VerificationHelper:89 - element text is => Women>Dresses>Casual Dresses
2020-02-26 13:02:64 INFO  VerificationHelper:135 - verifying that='> Women>Dresses>Casual Dresses' contains text= 'Evening Dresses'
2020-02-26 13:02:64 INFO  AssertionHelper:100 - Test is <<FAILED>>
2020-02-26 13:02:72 INFO  TestBase:105 - ============ID12_verifyEveningDressesButtonFunctionality============Finished============
2020-02-26 13:02:72 INFO  TestBase:110 - ============Closing the browser============
2020-02-26 13:02:779 INFO  TestBase:83 - ============Launching the browser============
2020-02-26 13:02:51 INFO  TestBase:88 - ============ID13_verifySummerDressesButtonFunctionality============Started============
2020-02-26 13:02:52 INFO  WaitHelper:29 - WaitHelper Class Object Created
2020-02-26 13:02:58 INFO  WaitHelper:54 - Implicit wait set to = 60 seconds
2020-02-26 13:02:227 INFO  WaitHelper:41 - Pageload timeout set to = 60 seconds
2020-02-26 13:02:228 INFO  NavigationMenu:28 - NavigationMenu Class Object Created
2020-02-26 13:02:228 INFO  ActionHelper:20 - ActionHelper class Object created
2020-02-26 13:02:375 INFO  ActionHelper:30 - moved mouse pointer to webElement
2020-02-26 13:02:367 INFO  NavigationMenu:204 - clicked on 'SUMMER DRESSES'
2020-02-26 13:02:424 INFO  NavigationMenu:267 - Navigated to url= http://automationpractice.com/index.php?id_category=11&controller=category
2020-02-26 13:02:434 INFO  Page_summerDresses:22 - Page_summerDresses Class Object Created
2020-02-26 13:02:434 INFO  VerificationHelper:20 - VericationHelper class Object created
2020-02-26 13:02:467 INFO  VerificationHelper:34 - element is Displayed
2020-02-26 13:02:519 INFO  VerificationHelper:89 - element text is => Women>Dresses>Summer Dresses
2020-02-26 13:02:570 INFO  VerificationHelper:135 - verifying that='> Women>Dresses>Summer Dresses' contains text= 'Summer Dresses'
2020-02-26 13:02:572 INFO  AssertionHelper:108 - Test is <<PASSED>>
2020-02-26 13:02:574 INFO  TestBase:105 - ============ID13_verifySummerDressesButtonFunctionality============Finished============
2020-02-26 13:02:574 INFO  TestBase:110 - ============Closing the browser============
2020-02-26 13:02:340 INFO  TestBase:70 - ============Ending the TESTS execution============
2020-02-26 13:02:385 INFO  TestBase:124 - ============Ending the suite execution============
2020-02-26 14:02:22 INFO  TestBase:55 - ============Starting the SUITE execution============
2020-02-26 14:02:33 INFO  TestBase:61 - ============Starting the TESTS execution============
2020-02-26 14:02:54 INFO  TestBase:83 - ============Launching the browser============
2020-02-26 14:02:99 INFO  TestBase:88 - ============ID01_verifyWomenMenuButtonFunctionality============Started============
2020-02-26 14:02:41 INFO  NavigationMenu:28 - NavigationMenu Class Object Created
2020-02-26 14:02:41 INFO  NavigationMenu:131 - clicked on 'WOMEN' menu
2020-02-26 14:02:85 INFO  NavigationMenu:48 - Navigated to url= http://automationpractice.com/index.php?id_category=3&controller=category
2020-02-26 14:02:94 INFO  Page_women:23 - Page_women Class Object Created
2020-02-26 14:02:97 INFO  VerificationHelper:20 - VericationHelper class Object created
2020-02-26 14:02:256 INFO  VerificationHelper:34 - element is Displayed
2020-02-26 14:02:290 INFO  VerificationHelper:89 - element text is => Women
2020-02-26 14:02:339 INFO  VerificationHelper:135 - verifying that='> Women' contains text= 'Women'
2020-02-26 14:02:343 INFO  AssertionHelper:108 - Test is <<PASSED>>
2020-02-26 14:02:349 INFO  TestBase:105 - ============ID01_verifyWomenMenuButtonFunctionality============Finished============
2020-02-26 14:02:350 INFO  TestBase:110 - ============Closing the browser============
2020-02-26 14:02:77 INFO  TestBase:83 - ============Launching the browser============
2020-02-26 14:02:370 INFO  TestBase:88 - ============ID08_verifyCasualDressesButtonFunctionality============Started============
2020-02-26 14:02:377 INFO  WaitHelper:29 - WaitHelper Class Object Created
2020-02-26 14:02:384 INFO  WaitHelper:54 - Implicit wait set to = 60 seconds
2020-02-26 14:02:586 INFO  WaitHelper:41 - Pageload timeout set to = 60 seconds
2020-02-26 14:02:589 INFO  NavigationMenu:28 - NavigationMenu Class Object Created
2020-02-26 14:02:590 INFO  ActionHelper:20 - ActionHelper class Object created
2020-02-26 14:02:742 INFO  ActionHelper:30 - moved mouse pointer to webElement
2020-02-26 14:02:532 INFO  NavigationMenu:168 - clicked on 'Casual Dresses'
2020-02-26 14:02:544 INFO  NavigationMenu:173 - Navigated to url= http://automationpractice.com/index.php?id_category=9&controller=category
2020-02-26 14:02:557 INFO  Page_casualDresses:22 - Page_casualDresses Class Object Created
2020-02-26 14:02:558 INFO  VerificationHelper:20 - VericationHelper class Object created
2020-02-26 14:02:771 INFO  VerificationHelper:34 - element is Displayed
2020-02-26 14:02:805 INFO  VerificationHelper:89 - element text is => Women>Dresses>Casual Dresses
2020-02-26 14:02:862 INFO  VerificationHelper:135 - verifying that='> Women>Dresses>Casual Dresses' contains text= 'Casual Dresses'
2020-02-26 14:02:863 INFO  AssertionHelper:108 - Test is <<PASSED>>
2020-02-26 14:02:866 INFO  TestBase:105 - ============ID08_verifyCasualDressesButtonFunctionality============Finished============
2020-02-26 14:02:866 INFO  TestBase:110 - ============Closing the browser============
2020-02-26 14:02:614 INFO  TestBase:83 - ============Launching the browser============
2020-02-26 14:02:927 INFO  TestBase:88 - ============ID12_verifyEveningDressesButtonFunctionality============Started============
2020-02-26 14:02:929 INFO  WaitHelper:29 - WaitHelper Class Object Created
2020-02-26 14:02:932 INFO  WaitHelper:54 - Implicit wait set to = 60 seconds
2020-02-26 14:02:797 INFO  WaitHelper:41 - Pageload timeout set to = 60 seconds
2020-02-26 14:02:800 INFO  NavigationMenu:28 - NavigationMenu Class Object Created
2020-02-26 14:02:800 INFO  ActionHelper:20 - ActionHelper class Object created
2020-02-26 14:02:945 INFO  ActionHelper:30 - moved mouse pointer to webElement
2020-02-26 14:02:938 INFO  NavigationMenu:199 - clicked on 'EVENING DRESSES'
2020-02-26 14:02:974 INFO  NavigationMenu:249 - Navigated to url= http://automationpractice.com/index.php?id_category=10&controller=category
2020-02-26 14:02:987 INFO  Page_eveningDresses:22 - Page_eveningDresses Class Object Created
2020-02-26 14:02:990 INFO  VerificationHelper:20 - VericationHelper class Object created
2020-02-26 14:02:959 INFO  VerificationHelper:34 - element is Displayed
2020-02-26 14:02:20 INFO  VerificationHelper:89 - element text is => Women>Dresses>Evening Dresses
2020-02-26 14:02:69 INFO  VerificationHelper:135 - verifying that='> Women>Dresses>Evening Dresses' contains text= 'Evening Dresses'
2020-02-26 14:02:69 INFO  AssertionHelper:108 - Test is <<PASSED>>
2020-02-26 14:02:71 INFO  TestBase:105 - ============ID12_verifyEveningDressesButtonFunctionality============Finished============
2020-02-26 14:02:71 INFO  TestBase:110 - ============Closing the browser============
2020-02-26 14:02:784 INFO  TestBase:70 - ============Ending the TESTS execution============
2020-02-26 14:02:819 INFO  TestBase:124 - ============Ending the suite execution============
2020-02-27 07:02:572 INFO  TestBase:55 - ============Starting the SUITE execution============
2020-02-27 07:02:582 INFO  TestBase:61 - ============Starting the TESTS execution============
2020-02-27 07:02:603 INFO  TestBase:83 - ============Launching the browser============
2020-02-27 07:02:433 INFO  TestBase:88 - ============ID_verifyLoginFunctionality============Started============
2020-02-27 07:02:470 INFO  TestBase:105 - ============ID_verifyLoginFunctionality============Finished============
2020-02-27 07:02:470 INFO  TestBase:110 - ============Closing the browser============
2020-02-27 07:02:663 INFO  TestBase:70 - ============Ending the TESTS execution============
2020-02-27 07:02:703 INFO  TestBase:124 - ============Ending the suite execution============
2020-02-27 07:02:460 INFO  TestBase:55 - ============Starting the SUITE execution============
2020-02-27 07:02:474 INFO  TestBase:61 - ============Starting the TESTS execution============
2020-02-27 07:02:494 INFO  TestBase:83 - ============Launching the browser============
2020-02-27 07:02:565 INFO  TestBase:88 - ============ID_verifyLoginFunctionality============Started============
2020-02-27 07:02:154 INFO  TestBase:105 - ============ID_verifyLoginFunctionality============Finished============
2020-02-27 07:02:155 INFO  TestBase:110 - ============Closing the browser============
2020-02-27 07:02:923 INFO  TestBase:70 - ============Ending the TESTS execution============
2020-02-27 07:02:958 INFO  TestBase:124 - ============Ending the suite execution============
2020-02-27 07:02:353 INFO  TestBase:55 - ============Starting the SUITE execution============
2020-02-27 07:02:367 INFO  TestBase:61 - ============Starting the TESTS execution============
2020-02-27 07:02:390 INFO  TestBase:83 - ============Launching the browser============
2020-02-27 07:02:419 INFO  TestBase:88 - ============ID_verifyLoginFunctionality============Started============
2020-02-27 07:02:438 INFO  WaitHelper:29 - WaitHelper Class Object Created
2020-02-27 07:02:451 INFO  WaitHelper:54 - Implicit wait set to = 60 seconds
2020-02-27 07:02:468 INFO  WaitHelper:41 - Pageload timeout set to = 60 seconds
2020-02-27 07:02:165 INFO  Header:22 - HeaderBar Class Object Created
2020-02-27 07:02:838 INFO  Header:59 - Clicking on 'Sign In'
2020-02-27 07:02:893 INFO  authentication:35 - Navigated to url= http://automationpractice.com/index.php?controller=authentication&back=my-account
2020-02-27 07:02:907 INFO  Page_authentication:22 - Page_authentication Class Object Created
2020-02-27 07:02:886 INFO  TestBase:105 - ============ID_verifyLoginFunctionality============Finished============
2020-02-27 07:02:886 INFO  TestBase:110 - ============Closing the browser============
2020-02-27 07:02:617 INFO  TestBase:70 - ============Ending the TESTS execution============
2020-02-27 07:02:665 INFO  TestBase:124 - ============Ending the suite execution============
2020-02-27 07:02:637 INFO  TestBase:55 - ============Starting the SUITE execution============
2020-02-27 07:02:688 INFO  TestBase:61 - ============Starting the TESTS execution============
2020-02-27 07:02:721 INFO  TestBase:83 - ============Launching the browser============
2020-02-27 07:02:26 INFO  TestBase:88 - ============ID_verifyLoginFunctionality============Started============
2020-02-27 07:02:44 INFO  WaitHelper:29 - WaitHelper Class Object Created
2020-02-27 07:02:57 INFO  WaitHelper:54 - Implicit wait set to = 60 seconds
2020-02-27 07:02:63 INFO  WaitHelper:41 - Pageload timeout set to = 60 seconds
2020-02-27 07:02:604 INFO  Header:22 - HeaderBar Class Object Created
2020-02-27 07:02:875 INFO  Header:59 - Clicking on 'Sign In'
2020-02-27 07:02:945 INFO  authentication:35 - Navigated to url= http://automationpractice.com/index.php?controller=authentication&back=my-account
2020-02-27 07:02:953 INFO  Page_authentication:22 - Page_authentication Class Object Created
2020-02-27 07:02:955 INFO  VerificationHelper:20 - VericationHelper class Object created
2020-02-27 07:02:534 INFO  VerificationHelper:135 - verifying that='> Authentication' contains text= 'Authentication'
2020-02-27 07:02:545 INFO  SoftAssertionHelper:21 - Test step is : <<PASSED>>
2020-02-27 07:02:770 INFO  Page_authentication:87 - Typed = 'baymax@gmail.com' email on already registered section email textbox field 
2020-02-27 07:02:880 INFO  Page_authentication:94 - Typed = 'baymax' password on already registered section password textbox field 
2020-02-27 07:02:459 INFO  Page_authentication:108 - Clicked on 'Sign in' button 
2020-02-27 07:02:463 INFO  Page_myAccount:22 - Page_myAccount Class Object Created
2020-02-27 07:02:474 INFO  authentication:43 - Navigated to url= http://automationpractice.com/index.php?controller=my-account
2020-02-27 07:02:484 INFO  Page_myAccount:22 - Page_myAccount Class Object Created
2020-02-27 07:02:536 INFO  VerificationHelper:135 - verifying that='> My account' contains text= 'My account'
2020-02-27 07:02:536 INFO  SoftAssertionHelper:21 - Test step is : <<PASSED>>
2020-02-27 07:02:540 INFO  TestBase:105 - ============ID_verifyLoginFunctionality============Finished============
2020-02-27 07:02:541 INFO  TestBase:110 - ============Closing the browser============
2020-02-27 07:02:275 INFO  TestBase:70 - ============Ending the TESTS execution============
2020-02-27 07:02:307 INFO  TestBase:124 - ============Ending the suite execution============
2020-02-27 16:02:890 INFO  TestBase:55 - ============Starting the SUITE execution============
2020-02-27 16:02:900 INFO  TestBase:61 - ============Starting the TESTS execution============
2020-02-27 16:02:926 INFO  TestBase:83 - ============Launching the browser============
2020-02-27 16:02:595 INFO  TestBase:88 - ============TC_navigatioMenu_ID_15_verifyCartButonFunctionality============Started============
2020-02-27 16:02:611 INFO  WaitHelper:29 - WaitHelper Class Object Created
2020-02-27 16:02:628 INFO  WaitHelper:54 - Implicit wait set to = 60 seconds
2020-02-27 16:02:86 INFO  WaitHelper:41 - Pageload timeout set to = 60 seconds
2020-02-27 16:02:133 INFO  NavigationMenu:28 - NavigationMenu Class Object Created
2020-02-27 16:02:962 INFO  NavigationMenu:220 - clicked on cart
2020-02-27 16:02:11 INFO  NavigationMenu:302 - Navigated to url= http://automationpractice.com/index.php?controller=order
2020-02-27 16:02:16 INFO  VerificationHelper:20 - VericationHelper class Object created
2020-02-27 16:02:36 INFO  Page_yourShoppingCart:23 - Page_yourShoppingCart Class Object Created
2020-02-27 16:02:98 INFO  VerificationHelper:135 - verifying that='> Your shopping cart' contains text= 'Your shopping cart'
2020-02-27 16:02:102 INFO  AssertionHelper:108 - Test is <<PASSED>>
2020-02-27 16:02:107 INFO  TestBase:105 - ============TC_navigatioMenu_ID_15_verifyCartButonFunctionality============Finished============
2020-02-27 16:02:108 INFO  TestBase:110 - ============Closing the browser============
2020-02-27 16:02:876 INFO  TestBase:70 - ============Ending the TESTS execution============
2020-02-27 16:02:927 INFO  TestBase:124 - ============Ending the suite execution============
2020-02-27 16:02:941 INFO  TestBase:55 - ============Starting the SUITE execution============
2020-02-27 16:02:951 INFO  TestBase:61 - ============Starting the TESTS execution============
2020-02-27 16:02:974 INFO  TestBase:83 - ============Launching the browser============
2020-02-27 16:02:51 INFO  TestBase:88 - ============TC_navigatioMenu_ID_14_verifyYourLogoImageFunctionality============Started============
2020-02-27 16:02:62 INFO  WaitHelper:29 - WaitHelper Class Object Created
2020-02-27 16:02:66 INFO  WaitHelper:54 - Implicit wait set to = 60 seconds
2020-02-27 16:02:295 INFO  WaitHelper:41 - Pageload timeout set to = 60 seconds
2020-02-27 16:02:334 INFO  NavigationMenu:28 - NavigationMenu Class Object Created
2020-02-27 16:02:647 INFO  NavigationMenu:209 - clicked on 'Your Logo' image
2020-02-27 16:02:716 INFO  NavigationMenu:286 - Navigated to url= http://automationpractice.com/index.php
2020-02-27 16:02:724 INFO  VerificationHelper:20 - VericationHelper class Object created
2020-02-27 16:02:730 INFO  VerificationHelper:122 - verifying if text is equals of 'http://automationpractice.com/index.php' with 'http://automationpractice.com/index.php'
2020-02-27 16:02:735 INFO  AssertionHelper:108 - Test is <<PASSED>>
2020-02-27 16:02:738 INFO  TestBase:105 - ============TC_navigatioMenu_ID_14_verifyYourLogoImageFunctionality============Finished============
2020-02-27 16:02:738 INFO  TestBase:110 - ============Closing the browser============
2020-02-27 16:02:422 INFO  TestBase:83 - ============Launching the browser============
2020-02-27 16:02:733 INFO  TestBase:88 - ============TC_navigatioMenu_ID_15_verifyCartButonFunctionality============Started============
2020-02-27 16:02:735 INFO  WaitHelper:29 - WaitHelper Class Object Created
2020-02-27 16:02:742 INFO  WaitHelper:54 - Implicit wait set to = 60 seconds
2020-02-27 16:02:887 INFO  WaitHelper:41 - Pageload timeout set to = 60 seconds
2020-02-27 16:02:890 INFO  NavigationMenu:28 - NavigationMenu Class Object Created
2020-02-27 16:02:625 INFO  NavigationMenu:220 - clicked on cart
2020-02-27 16:02:682 INFO  NavigationMenu:302 - Navigated to url= http://automationpractice.com/index.php?controller=order
2020-02-27 16:02:690 INFO  VerificationHelper:20 - VericationHelper class Object created
2020-02-27 16:02:694 INFO  Page_yourShoppingCart:23 - Page_yourShoppingCart Class Object Created
2020-02-27 16:02:222 INFO  VerificationHelper:135 - verifying that='> Your shopping cart' contains text= 'Your shopping cart'
2020-02-27 16:02:223 INFO  AssertionHelper:108 - Test is <<PASSED>>
2020-02-27 16:02:226 INFO  TestBase:105 - ============TC_navigatioMenu_ID_15_verifyCartButonFunctionality============Finished============
2020-02-27 16:02:227 INFO  TestBase:110 - ============Closing the browser============
2020-02-27 16:02:935 INFO  TestBase:70 - ============Ending the TESTS execution============
2020-02-27 16:02:972 INFO  TestBase:124 - ============Ending the suite execution============
2020-02-27 17:02:443 INFO  TestBase:55 - ============Starting the SUITE execution============
2020-02-27 17:02:461 INFO  TestBase:61 - ============Starting the TESTS execution============
2020-02-27 17:02:484 INFO  TestBase:83 - ============Launching the browser============
2020-02-27 17:02:644 INFO  TestBase:88 - ============TC_header_ID_01_verifySale70percentageOffImageFunctionality============Started============
2020-02-27 17:02:660 INFO  WaitHelper:29 - WaitHelper Class Object Created
2020-02-27 17:02:671 INFO  WaitHelper:54 - Implicit wait set to = 60 seconds
2020-02-27 17:02:675 INFO  WaitHelper:41 - Pageload timeout set to = 60 seconds
2020-02-27 17:02:44 INFO  Header:22 - HeaderBar Class Object Created
2020-02-27 17:02:993 INFO  Header:49 - Clicking on Image Sale 70% off all products
2020-02-27 17:02:60 INFO  header:38 - Navigated to url= http://automationpractice.com/index.php
2020-02-27 17:02:65 INFO  VerificationHelper:20 - VericationHelper class Object created
2020-02-27 17:02:85 INFO  VerificationHelper:122 - verifying if text is equals of 'http://automationpractice.com/index.php' with 'http://automationpractice.com/index.php'
2020-02-27 17:02:91 INFO  AssertionHelper:108 - Test is <<PASSED>>
2020-02-27 17:02:94 INFO  TestBase:105 - ============TC_header_ID_01_verifySale70percentageOffImageFunctionality============Finished============
2020-02-27 17:02:94 INFO  TestBase:110 - ============Closing the browser============
2020-02-27 17:02:819 INFO  TestBase:83 - ============Launching the browser============
2020-02-27 17:02:111 INFO  TestBase:88 - ============TC_header_ID_02_verifyCallUsNowContactNumberFunctionality============Started============
2020-02-27 17:02:117 INFO  WaitHelper:29 - WaitHelper Class Object Created
2020-02-27 17:02:122 INFO  WaitHelper:54 - Implicit wait set to = 60 seconds
2020-02-27 17:02:127 INFO  WaitHelper:41 - Pageload timeout set to = 60 seconds
2020-02-27 17:02:12 INFO  Header:22 - HeaderBar Class Object Created
2020-02-27 17:02:13 INFO  VerificationHelper:20 - VericationHelper class Object created
2020-02-27 17:02:95 INFO  VerificationHelper:34 - element is Displayed
2020-02-27 17:02:130 INFO  VerificationHelper:89 - element text is =0123-456-789
2020-02-27 17:02:169 INFO  VerificationHelper:122 - verifying if text is equals of '0123-456-789' with '0123-456-789'
2020-02-27 17:02:170 INFO  AssertionHelper:108 - Test is <<PASSED>>
2020-02-27 17:02:172 INFO  TestBase:105 - ============TC_header_ID_02_verifyCallUsNowContactNumberFunctionality============Finished============
2020-02-27 17:02:172 INFO  TestBase:110 - ============Closing the browser============
2020-02-27 17:02:890 INFO  TestBase:83 - ============Launching the browser============
2020-02-27 17:02:174 INFO  TestBase:88 - ============TC_header_ID_03_verifyContactUsTabButtonFunctionality============Started============
2020-02-27 17:02:176 INFO  WaitHelper:29 - WaitHelper Class Object Created
2020-02-27 17:02:182 INFO  WaitHelper:54 - Implicit wait set to = 60 seconds
2020-02-27 17:02:188 INFO  WaitHelper:41 - Pageload timeout set to = 60 seconds
2020-02-27 17:02:984 INFO  Header:22 - HeaderBar Class Object Created
2020-02-27 17:02:856 INFO  Header:54 - Clicking on 'Contact Us'
2020-02-27 17:02:887 INFO  header:67 - Navigated to url= http://automationpractice.com/index.php?controller=contact
2020-02-27 17:02:898 INFO  Page_contact:22 - Page_contact Class Object Created
2020-02-27 17:02:899 INFO  VerificationHelper:20 - VericationHelper class Object created
2020-02-27 17:02:421 INFO  VerificationHelper:34 - element is Displayed
2020-02-27 17:02:457 INFO  VerificationHelper:89 - element text is => Contact
2020-02-27 17:02:505 INFO  VerificationHelper:122 - verifying if text is equals of '> Contact' with 'Contact'
2020-02-27 17:02:505 INFO  AssertionHelper:100 - Test is <<FAILED>>
2020-02-27 17:02:515 INFO  TestBase:105 - ============TC_header_ID_03_verifyContactUsTabButtonFunctionality============Finished============
2020-02-27 17:02:516 INFO  TestBase:110 - ============Closing the browser============
2020-02-27 17:02:278 INFO  TestBase:70 - ============Ending the TESTS execution============
2020-02-27 17:02:317 INFO  TestBase:124 - ============Ending the suite execution============
2020-02-27 17:02:519 INFO  TestBase:55 - ============Starting the SUITE execution============
2020-02-27 17:02:532 INFO  TestBase:61 - ============Starting the TESTS execution============
2020-02-27 17:02:553 INFO  TestBase:83 - ============Launching the browser============
2020-02-27 17:02:699 INFO  TestBase:88 - ============TC_header_ID_03_verifyContactUsTabButtonFunctionality============Started============
2020-02-27 17:02:729 INFO  WaitHelper:29 - WaitHelper Class Object Created
2020-02-27 17:02:737 INFO  WaitHelper:54 - Implicit wait set to = 60 seconds
2020-02-27 17:02:803 INFO  WaitHelper:41 - Pageload timeout set to = 60 seconds
2020-02-27 17:02:888 INFO  Header:22 - HeaderBar Class Object Created
2020-02-27 17:02:545 INFO  Header:54 - Clicking on 'Contact Us'
2020-02-27 17:02:589 INFO  header:67 - Navigated to url= http://automationpractice.com/index.php?controller=contact
2020-02-27 17:02:602 INFO  Page_contact:22 - Page_contact Class Object Created
2020-02-27 17:02:605 INFO  VerificationHelper:20 - VericationHelper class Object created
2020-02-27 17:02:115 INFO  VerificationHelper:34 - element is Displayed
2020-02-27 17:02:144 INFO  VerificationHelper:89 - element text is => Contact
2020-02-27 17:02:186 INFO  VerificationHelper:135 - verifying that='> Contact' contains text= 'Contact'
2020-02-27 17:02:189 INFO  AssertionHelper:108 - Test is <<PASSED>>
2020-02-27 17:02:195 INFO  TestBase:105 - ============TC_header_ID_03_verifyContactUsTabButtonFunctionality============Finished============
2020-02-27 17:02:196 INFO  TestBase:110 - ============Closing the browser============
2020-02-27 17:02:889 INFO  TestBase:70 - ============Ending the TESTS execution============
2020-02-27 17:02:931 INFO  TestBase:124 - ============Ending the suite execution============
2020-02-27 17:02:993 INFO  TestBase:55 - ============Starting the SUITE execution============
2020-02-27 17:02:05 INFO  TestBase:61 - ============Starting the TESTS execution============
2020-02-27 17:02:29 INFO  TestBase:83 - ============Launching the browser============
2020-02-27 17:02:988 INFO  TestBase:88 - ============TC_header_ID_04_verifySignInButtonFunctionality============Started============
2020-02-27 17:02:06 INFO  WaitHelper:29 - WaitHelper Class Object Created
2020-02-27 17:02:20 INFO  WaitHelper:54 - Implicit wait set to = 60 seconds
2020-02-27 17:02:25 INFO  WaitHelper:41 - Pageload timeout set to = 60 seconds
2020-02-27 17:02:869 INFO  Header:22 - HeaderBar Class Object Created
2020-02-27 17:02:768 INFO  Header:59 - Clicking on 'Sign In'
2020-02-27 17:02:821 INFO  header:87 - Navigated to url= http://automationpractice.com/index.php?controller=authentication&back=my-account
2020-02-27 17:02:830 INFO  Page_authentication:22 - Page_authentication Class Object Created
2020-02-27 17:02:831 INFO  VerificationHelper:20 - VericationHelper class Object created
2020-02-27 17:02:416 INFO  VerificationHelper:34 - element is Displayed
2020-02-27 17:02:449 INFO  VerificationHelper:89 - element text is => Authentication
2020-02-27 17:02:496 INFO  VerificationHelper:135 - verifying that='> Authentication' contains text= 'Authentication'
2020-02-27 17:02:498 INFO  AssertionHelper:108 - Test is <<PASSED>>
2020-02-27 17:02:502 INFO  TestBase:105 - ============TC_header_ID_04_verifySignInButtonFunctionality============Finished============
2020-02-27 17:02:503 INFO  TestBase:110 - ============Closing the browser============
2020-02-27 17:02:245 INFO  TestBase:70 - ============Ending the TESTS execution============
2020-02-27 17:02:278 INFO  TestBase:124 - ============Ending the suite execution============
2020-02-27 17:02:484 INFO  TestBase:55 - ============Starting the SUITE execution============
2020-02-27 17:02:493 INFO  TestBase:61 - ============Starting the TESTS execution============
2020-02-27 17:02:514 INFO  TestBase:83 - ============Launching the browser============
2020-02-27 17:02:548 INFO  TestBase:88 - ============TC_header_ID_05_verifySignoutButtonFunctionality============Started============
2020-02-27 17:02:560 INFO  WaitHelper:29 - WaitHelper Class Object Created
2020-02-27 17:02:565 INFO  WaitHelper:54 - Implicit wait set to = 60 seconds
2020-02-27 17:02:574 INFO  WaitHelper:41 - Pageload timeout set to = 60 seconds
2020-02-27 17:02:312 INFO  TestBase:147 - Visiting to this URL = http://automationpractice.com/index.php
2020-02-27 17:02:351 INFO  Header:22 - HeaderBar Class Object Created
2020-02-27 17:02:37 INFO  Header:59 - Clicking on 'Sign In'
2020-02-27 17:02:64 INFO  header:107 - Navigated to url= http://automationpractice.com/index.php?controller=authentication&back=my-account
2020-02-27 17:02:73 INFO  Page_authentication:22 - Page_authentication Class Object Created
2020-02-27 17:02:76 INFO  VerificationHelper:20 - VericationHelper class Object created
2020-02-27 17:02:674 INFO  VerificationHelper:34 - element is Displayed
2020-02-27 17:02:708 INFO  VerificationHelper:89 - element text is => Authentication
2020-02-27 17:02:759 INFO  VerificationHelper:135 - verifying that='> Authentication' contains text= 'Authentication'
2020-02-27 17:02:770 INFO  SoftAssertionHelper:21 - Test step is : <<PASSED>>
2020-02-27 17:02:943 INFO  Page_authentication:87 - Typed = 'baymax@gmail.com' email on already registered section email textbox field 
2020-02-27 17:02:65 INFO  Page_authentication:94 - Typed = 'baymax' password on already registered section password textbox field 
2020-02-27 17:02:79 INFO  Page_authentication:108 - Clicked on 'Sign in' button 
2020-02-27 17:02:82 INFO  Page_myAccount:22 - Page_myAccount Class Object Created
2020-02-27 17:02:90 INFO  header:118 - Navigated to url= http://automationpractice.com/index.php?controller=my-account
2020-02-27 17:02:287 INFO  Header:64 - Clicking on 'Sign Out'
2020-02-27 17:02:296 INFO  header:121 - Navigated to url= http://automationpractice.com/index.php?controller=authentication&back=my-account
2020-02-27 17:02:348 INFO  VerificationHelper:34 - element is Displayed
2020-02-27 17:02:378 INFO  VerificationHelper:89 - element text is => Authentication
2020-02-27 17:02:419 INFO  VerificationHelper:135 - verifying that='> Authentication' contains text= 'Authentication'
2020-02-27 17:02:419 INFO  SoftAssertionHelper:21 - Test step is : <<PASSED>>
2020-02-27 17:02:422 INFO  TestBase:105 - ============TC_header_ID_05_verifySignoutButtonFunctionality============Finished============
2020-02-27 17:02:423 INFO  TestBase:110 - ============Closing the browser============
2020-02-27 17:02:110 INFO  TestBase:70 - ============Ending the TESTS execution============
2020-02-27 17:02:141 INFO  TestBase:124 - ============Ending the suite execution============
2020-02-27 17:02:726 INFO  TestBase:55 - ============Starting the SUITE execution============
2020-02-27 17:02:735 INFO  TestBase:61 - ============Starting the TESTS execution============
2020-02-27 17:02:755 INFO  TestBase:83 - ============Launching the browser============
2020-02-27 17:02:767 INFO  TestBase:88 - ============TC_header_ID_05_verifySignoutButtonFunctionality============Started============
2020-02-27 17:02:778 INFO  WaitHelper:29 - WaitHelper Class Object Created
2020-02-27 17:02:782 INFO  WaitHelper:54 - Implicit wait set to = 60 seconds
2020-02-27 17:02:786 INFO  WaitHelper:41 - Pageload timeout set to = 60 seconds
2020-02-27 17:02:985 INFO  TestBase:147 - Visiting to this URL = http://automationpractice.com/index.php
2020-02-27 17:02:16 INFO  Header:22 - HeaderBar Class Object Created
2020-02-27 17:02:208 INFO  Header:59 - Clicking on 'Sign In'
2020-02-27 17:02:226 INFO  TestBase:207 - Navigated to url= http://automationpractice.com/index.php?controller=authentication&back=my-account
2020-02-27 17:02:240 INFO  Page_authentication:22 - Page_authentication Class Object Created
2020-02-27 17:02:241 INFO  VerificationHelper:20 - VericationHelper class Object created
2020-02-27 17:02:813 INFO  VerificationHelper:34 - element is Displayed
2020-02-27 17:02:845 INFO  VerificationHelper:89 - element text is => Authentication
2020-02-27 17:02:902 INFO  VerificationHelper:135 - verifying that='> Authentication' contains text= 'Authentication'
2020-02-27 17:02:907 INFO  SoftAssertionHelper:21 - Test step is : <<PASSED>>
2020-02-27 17:02:74 INFO  Page_authentication:87 - Typed = 'baymax@gmail.com' email on already registered section email textbox field 
2020-02-27 17:02:194 INFO  Page_authentication:94 - Typed = 'baymax' password on already registered section password textbox field 
2020-02-27 17:02:727 INFO  Page_authentication:108 - Clicked on 'Sign in' button 
2020-02-27 17:02:730 INFO  Page_myAccount:22 - Page_myAccount Class Object Created
2020-02-27 17:02:736 INFO  TestBase:207 - Navigated to url= http://automationpractice.com/index.php?controller=my-account
2020-02-27 17:02:773 INFO  Header:64 - Clicking on 'Sign Out'
2020-02-27 17:02:782 INFO  TestBase:207 - Navigated to url= http://automationpractice.com/index.php?controller=authentication&back=my-account
2020-02-27 17:02:833 INFO  VerificationHelper:34 - element is Displayed
2020-02-27 17:02:862 INFO  VerificationHelper:89 - element text is => Authentication
2020-02-27 17:02:903 INFO  VerificationHelper:135 - verifying that='> Authentication' contains text= 'Authentication'
2020-02-27 17:02:904 INFO  SoftAssertionHelper:21 - Test step is : <<PASSED>>
2020-02-27 17:02:906 INFO  TestBase:105 - ============TC_header_ID_05_verifySignoutButtonFunctionality============Finished============
2020-02-27 17:02:906 INFO  TestBase:110 - ============Closing the browser============
2020-02-27 17:02:595 INFO  TestBase:70 - ============Ending the TESTS execution============
2020-02-27 17:02:628 INFO  TestBase:124 - ============Ending the suite execution============
2020-02-27 17:02:159 INFO  TestBase:55 - ============Starting the SUITE execution============
2020-02-27 17:02:172 INFO  TestBase:61 - ============Starting the TESTS execution============
2020-02-27 17:02:200 INFO  TestBase:83 - ============Launching the browser============
2020-02-27 17:02:221 INFO  TestBase:88 - ============TC_header_ID_05_verifySignoutButtonFunctionality============Started============
2020-02-27 17:02:234 INFO  WaitHelper:29 - WaitHelper Class Object Created
2020-02-27 17:02:239 INFO  WaitHelper:54 - Implicit wait set to = 60 seconds
2020-02-27 17:02:245 INFO  WaitHelper:41 - Pageload timeout set to = 60 seconds
2020-02-27 17:02:977 INFO  TestBase:147 - Visiting to this URL = http://automationpractice.com/index.php
2020-02-27 17:02:07 INFO  Header:22 - HeaderBar Class Object Created
2020-02-27 17:02:95 INFO  Header:59 - Clicking on 'Sign In'
2020-02-27 17:02:116 INFO  TestBase:207 - Navigated to url= http://automationpractice.com/index.php?controller=authentication&back=my-account
2020-02-27 17:02:126 INFO  Page_authentication:22 - Page_authentication Class Object Created
2020-02-27 17:02:129 INFO  VerificationHelper:20 - VericationHelper class Object created
2020-02-27 17:02:699 INFO  VerificationHelper:34 - element is Displayed
2020-02-27 17:02:732 INFO  VerificationHelper:89 - element text is => Authentication
2020-02-27 17:02:794 INFO  VerificationHelper:135 - verifying that='> Authentication' contains text= 'Authentication'
2020-02-27 17:02:798 INFO  SoftAssertionHelper:21 - Test step is : <<PASSED>>
2020-02-27 17:02:967 INFO  Page_authentication:87 - Typed = 'baymax@gmail.com' email on already registered section email textbox field 
2020-02-27 17:02:78 INFO  Page_authentication:94 - Typed = 'baymax' password on already registered section password textbox field 
2020-02-27 17:02:852 INFO  Page_authentication:108 - Clicked on 'Sign in' button 
2020-02-27 17:02:856 INFO  Page_myAccount:22 - Page_myAccount Class Object Created
2020-02-27 17:02:862 INFO  TestBase:207 - Navigated to url= http://automationpractice.com/index.php?controller=my-account
2020-02-27 17:02:992 INFO  Header:64 - Clicking on 'Sign Out'
2020-02-27 17:02:998 INFO  TestBase:207 - Navigated to url= http://automationpractice.com/index.php?controller=authentication&back=my-account
2020-02-27 17:02:58 INFO  VerificationHelper:34 - element is Displayed
2020-02-27 17:02:84 INFO  VerificationHelper:89 - element text is => Authentication
2020-02-27 17:02:124 INFO  VerificationHelper:135 - verifying that='> Authentication' contains text= 'Authentication'
2020-02-27 17:02:124 INFO  SoftAssertionHelper:21 - Test step is : <<PASSED>>
2020-02-27 17:02:128 INFO  TestBase:105 - ============TC_header_ID_05_verifySignoutButtonFunctionality============Finished============
2020-02-27 17:02:129 INFO  TestBase:110 - ============Closing the browser============
2020-02-27 17:02:816 INFO  TestBase:83 - ============Launching the browser============
2020-02-27 17:02:135 INFO  TestBase:88 - ============TC_header_ID_06_verifyUsernameButtonFunctionality============Started============
2020-02-27 17:02:137 INFO  WaitHelper:29 - WaitHelper Class Object Created
2020-02-27 17:02:145 INFO  WaitHelper:54 - Implicit wait set to = 60 seconds
2020-02-27 17:02:149 INFO  WaitHelper:41 - Pageload timeout set to = 60 seconds
2020-02-27 17:02:610 INFO  TestBase:147 - Visiting to this URL = http://automationpractice.com/index.php
2020-02-27 17:02:611 INFO  Header:22 - HeaderBar Class Object Created
2020-02-27 17:02:960 INFO  Header:59 - Clicking on 'Sign In'
2020-02-27 17:02:996 INFO  TestBase:207 - Navigated to url= http://automationpractice.com/index.php?controller=authentication&back=my-account
2020-02-27 17:02:10 INFO  Page_authentication:22 - Page_authentication Class Object Created
2020-02-27 17:02:11 INFO  VerificationHelper:20 - VericationHelper class Object created
2020-02-27 17:02:635 INFO  VerificationHelper:34 - element is Displayed
2020-02-27 17:02:667 INFO  VerificationHelper:89 - element text is => Authentication
2020-02-27 17:02:708 INFO  VerificationHelper:135 - verifying that='> Authentication' contains text= 'Authentication'
2020-02-27 17:02:709 INFO  SoftAssertionHelper:21 - Test step is : <<PASSED>>
2020-02-27 17:02:922 INFO  Page_authentication:87 - Typed = 'baymax@gmail.com' email on already registered section email textbox field 
2020-02-27 17:02:39 INFO  Page_authentication:94 - Typed = 'baymax' password on already registered section password textbox field 
2020-02-27 17:02:741 INFO  Page_authentication:108 - Clicked on 'Sign in' button 
2020-02-27 17:02:742 INFO  Page_myAccount:22 - Page_myAccount Class Object Created
2020-02-27 17:02:747 INFO  TestBase:207 - Navigated to url= http://automationpractice.com/index.php?controller=my-account
2020-02-27 17:02:850 INFO  Header:69 - Clicking on User Account
2020-02-27 17:02:859 INFO  TestBase:207 - Navigated to url= http://automationpractice.com/index.php?controller=my-account
2020-02-27 17:02:867 INFO  Page_myAccount:22 - Page_myAccount Class Object Created
2020-02-27 17:02:910 INFO  VerificationHelper:34 - element is Displayed
2020-02-27 17:02:943 INFO  VerificationHelper:89 - element text is => My account
2020-02-27 17:02:988 INFO  VerificationHelper:135 - verifying that='> My account' contains text= 'My account'
2020-02-27 17:02:989 INFO  SoftAssertionHelper:21 - Test step is : <<PASSED>>
2020-02-27 17:02:991 INFO  TestBase:105 - ============TC_header_ID_06_verifyUsernameButtonFunctionality============Finished============
2020-02-27 17:02:992 INFO  TestBase:110 - ============Closing the browser============
2020-02-27 17:02:684 INFO  TestBase:70 - ============Ending the TESTS execution============
2020-02-27 17:02:718 INFO  TestBase:124 - ============Ending the suite execution============
2020-02-28 12:02:441 INFO  TestBase:55 - ============Starting the SUITE execution============
2020-02-28 12:02:456 INFO  TestBase:61 - ============Starting the TESTS execution============
2020-02-28 12:02:488 INFO  TestBase:83 - ============Launching the browser============
2020-02-28 12:02:916 INFO  TestBase:88 - ============TC_footer_ID_01_verifyNewsletterSubscriptionFunctionality============Started============
2020-02-28 12:02:924 INFO  WaitHelper:29 - WaitHelper Class Object Created
2020-02-28 12:02:937 INFO  WaitHelper:54 - Implicit wait set to = 60 seconds
2020-02-28 12:02:940 INFO  WaitHelper:41 - Pageload timeout set to = 60 seconds
2020-02-28 12:02:393 INFO  TestBase:147 - Visiting to this URL = http://automationpractice.com/index.php
2020-02-28 12:02:428 INFO  Footer:21 - FooterBar Class Object Created
2020-02-28 12:02:686 INFO  Footer:103 - Typed = 'testmail20@yahoo.com' on newsletter field
2020-02-28 12:02:289 INFO  Footer:108 - Clicking on newslettersubmit arrow button next to email field
2020-02-28 12:02:295 INFO  VerificationHelper:20 - VericationHelper class Object created
2020-02-28 12:02:465 INFO  VerificationHelper:34 - element is Displayed
2020-02-28 12:02:680 INFO  VerificationHelper:89 - element text is =Newsletter : You have successfully subscribed to this newsletter.
2020-02-28 12:02:738 INFO  VerificationHelper:135 - verifying that='Newsletter : You have successfully subscribed to this newsletter.' contains text= 'Newsletter : You have successfully subscribed to this newsletter.'
2020-02-28 12:02:740 INFO  AssertionHelper:108 - Test is <<PASSED>>
2020-02-28 12:02:746 INFO  TestBase:105 - ============TC_footer_ID_01_verifyNewsletterSubscriptionFunctionality============Finished============
2020-02-28 12:02:746 INFO  TestBase:110 - ============Closing the browser============
2020-02-28 12:02:495 INFO  TestBase:70 - ============Ending the TESTS execution============
2020-02-28 12:02:529 INFO  TestBase:124 - ============Ending the suite execution============
2020-02-28 12:02:980 INFO  TestBase:55 - ============Starting the SUITE execution============
2020-02-28 12:02:990 INFO  TestBase:61 - ============Starting the TESTS execution============
2020-02-28 12:02:14 INFO  TestBase:83 - ============Launching the browser============
2020-02-28 12:02:325 INFO  TestBase:88 - ============TC_footer_ID_01_verifyNewsletterSubscriptionFunctionality============Started============
2020-02-28 12:02:339 INFO  WaitHelper:29 - WaitHelper Class Object Created
2020-02-28 12:02:349 INFO  WaitHelper:54 - Implicit wait set to = 60 seconds
2020-02-28 12:02:352 INFO  WaitHelper:41 - Pageload timeout set to = 60 seconds
2020-02-28 12:02:195 INFO  TestBase:147 - Visiting to this URL = http://automationpractice.com/index.php
2020-02-28 12:02:235 INFO  Footer:21 - FooterBar Class Object Created
2020-02-28 12:02:460 INFO  Footer:103 - Typed = 'testmail20@yahoo.com' on newsletter field
2020-02-28 12:02:214 INFO  Footer:108 - Clicking on newslettersubmit arrow button next to email field
2020-02-28 12:02:216 INFO  VerificationHelper:20 - VericationHelper class Object created
2020-02-28 12:02:399 INFO  VerificationHelper:34 - element is Displayed
2020-02-28 12:02:449 INFO  VerificationHelper:89 - element text is =Newsletter : This email address is already registered.
2020-02-28 12:02:578 INFO  VerificationHelper:135 - verifying that='Newsletter : This email address is already registered.' contains text= 'Newsletter : You have successfully subscribed to this newsletter.'
2020-02-28 12:02:581 INFO  AssertionHelper:100 - Test is <<FAILED>>
2020-02-28 12:02:600 INFO  TestBase:105 - ============TC_footer_ID_01_verifyNewsletterSubscriptionFunctionality============Finished============
2020-02-28 12:02:603 INFO  TestBase:110 - ============Closing the browser============
2020-02-28 12:02:312 INFO  TestBase:83 - ============Launching the browser============
2020-02-28 12:02:614 INFO  TestBase:88 - ============TC_footer_ID_02_verifyNewsletterSubscriptionFunctionality============Started============
2020-02-28 12:02:616 INFO  WaitHelper:29 - WaitHelper Class Object Created
2020-02-28 12:02:621 INFO  WaitHelper:54 - Implicit wait set to = 60 seconds
2020-02-28 12:02:629 INFO  WaitHelper:41 - Pageload timeout set to = 60 seconds
2020-02-28 12:02:908 INFO  TestBase:147 - Visiting to this URL = http://automationpractice.com/index.php
2020-02-28 12:02:910 INFO  Footer:21 - FooterBar Class Object Created
2020-02-28 12:02:160 INFO  Footer:103 - Typed = 'testmail20@yahoo.com' on newsletter field
2020-02-28 12:02:680 INFO  Footer:108 - Clicking on newslettersubmit arrow button next to email field
2020-02-28 12:02:681 INFO  VerificationHelper:20 - VericationHelper class Object created
2020-02-28 12:02:738 INFO  VerificationHelper:34 - element is Displayed
2020-02-28 12:02:805 INFO  VerificationHelper:89 - element text is =Newsletter : This email address is already registered.
2020-02-28 12:02:869 INFO  VerificationHelper:135 - verifying that='Newsletter : This email address is already registered.' contains text= 'Newsletter : This email address is already registered.'
2020-02-28 12:02:869 INFO  AssertionHelper:108 - Test is <<PASSED>>
2020-02-28 12:02:871 INFO  TestBase:105 - ============TC_footer_ID_02_verifyNewsletterSubscriptionFunctionality============Finished============
2020-02-28 12:02:872 INFO  TestBase:110 - ============Closing the browser============
2020-02-28 12:02:536 INFO  TestBase:83 - ============Launching the browser============
2020-02-28 12:02:945 INFO  TestBase:88 - ============TC_footer_ID_03_verifyNewsletterSubscriptionFunctionality============Started============
2020-02-28 12:02:949 INFO  WaitHelper:29 - WaitHelper Class Object Created
2020-02-28 12:02:958 INFO  WaitHelper:54 - Implicit wait set to = 60 seconds
2020-02-28 12:02:961 INFO  WaitHelper:41 - Pageload timeout set to = 60 seconds
2020-02-28 12:02:308 INFO  TestBase:147 - Visiting to this URL = http://automationpractice.com/index.php
2020-02-28 12:02:313 INFO  Footer:21 - FooterBar Class Object Created
2020-02-28 12:02:710 INFO  Footer:103 - Typed = 'testmail21@yahoo.com' on newsletter field
2020-02-28 12:02:940 INFO  Footer:108 - Clicking on newslettersubmit arrow button next to email field
2020-02-28 12:02:941 INFO  VerificationHelper:20 - VericationHelper class Object created
2020-02-28 12:02:996 INFO  VerificationHelper:34 - element is Displayed
2020-02-28 12:02:39 INFO  VerificationHelper:89 - element text is =
2020-02-28 12:02:80 INFO  VerificationHelper:135 - verifying that='' contains text= 'You have successfully subscribed to this newsletter.'
2020-02-28 12:02:80 INFO  AssertionHelper:100 - Test is <<FAILED>>
2020-02-28 12:02:85 INFO  TestBase:105 - ============TC_footer_ID_03_verifyNewsletterSubscriptionFunctionality============Finished============
2020-02-28 12:02:85 INFO  TestBase:110 - ============Closing the browser============
2020-02-28 12:02:870 INFO  TestBase:83 - ============Launching the browser============
2020-02-28 12:02:145 INFO  TestBase:88 - ============TC_footer_ID_04_verifyNewsletterSubscriptionFunctionality============Started============
2020-02-28 12:02:146 INFO  WaitHelper:29 - WaitHelper Class Object Created
2020-02-28 12:02:151 INFO  WaitHelper:54 - Implicit wait set to = 60 seconds
2020-02-28 12:02:159 INFO  WaitHelper:41 - Pageload timeout set to = 60 seconds
2020-02-28 12:02:453 INFO  TestBase:147 - Visiting to this URL = http://automationpractice.com/index.php
2020-02-28 12:02:454 INFO  Footer:21 - FooterBar Class Object Created
2020-02-28 12:02:695 INFO  Footer:103 - Typed = 'testmail21@yahoo.com' on newsletter field
2020-02-28 12:02:184 INFO  Footer:108 - Clicking on newslettersubmit arrow button next to email field
2020-02-28 12:02:185 INFO  VerificationHelper:20 - VericationHelper class Object created
2020-02-28 12:02:236 INFO  VerificationHelper:34 - element is Displayed
2020-02-28 12:02:275 INFO  VerificationHelper:89 - element text is =
2020-02-28 12:02:392 INFO  VerificationHelper:135 - verifying that='' contains text= 'this email address is already registered'
2020-02-28 12:02:394 INFO  AssertionHelper:100 - Test is <<FAILED>>
2020-02-28 12:02:399 INFO  TestBase:105 - ============TC_footer_ID_04_verifyNewsletterSubscriptionFunctionality============Finished============
2020-02-28 12:02:399 INFO  TestBase:110 - ============Closing the browser============
2020-02-28 12:02:107 INFO  TestBase:70 - ============Ending the TESTS execution============
2020-02-28 12:02:157 INFO  TestBase:124 - ============Ending the suite execution============
2020-02-28 13:02:679 INFO  TestBase:55 - ============Starting the SUITE execution============
2020-02-28 13:02:693 INFO  TestBase:61 - ============Starting the TESTS execution============
2020-02-28 13:02:721 INFO  TestBase:83 - ============Launching the browser============
2020-02-28 13:02:808 INFO  TestBase:88 - ============TC_footer_ID_03_verifyNewsletterSubscriptionFunctionality============Started============
2020-02-28 13:02:835 INFO  WaitHelper:29 - WaitHelper Class Object Created
2020-02-28 13:02:841 INFO  WaitHelper:54 - Implicit wait set to = 60 seconds
2020-02-28 13:02:854 INFO  WaitHelper:41 - Pageload timeout set to = 60 seconds
2020-02-28 13:02:131 INFO  TestBase:147 - Visiting to this URL = http://automationpractice.com/index.php
2020-02-28 13:02:165 INFO  Footer:21 - FooterBar Class Object Created
2020-02-28 13:02:419 INFO  Footer:103 - Typed = 'testmail22@yahoo.com' on newsletter field
2020-02-28 13:02:864 INFO  Footer:108 - Clicking on newslettersubmit arrow button next to email field
2020-02-28 13:02:939 INFO  VerificationHelper:20 - VericationHelper class Object created
2020-02-28 13:02:939 INFO  VerificationHelper:135 - verifying that='You have successfully subscribed to this newsletter.' contains text= 'You have successfully subscribed to this newsletter.'
2020-02-28 13:02:942 INFO  AssertionHelper:108 - Test is <<PASSED>>
2020-02-28 13:02:951 INFO  TestBase:105 - ============TC_footer_ID_03_verifyNewsletterSubscriptionFunctionality============Finished============
2020-02-28 13:02:952 INFO  TestBase:110 - ============Closing the browser============
2020-02-28 13:02:729 INFO  TestBase:83 - ============Launching the browser============
2020-02-28 13:02:73 INFO  TestBase:88 - ============TC_footer_ID_04_verifyNewsletterSubscriptionFunctionality============Started============
2020-02-28 13:02:75 INFO  WaitHelper:29 - WaitHelper Class Object Created
2020-02-28 13:02:80 INFO  WaitHelper:54 - Implicit wait set to = 60 seconds
2020-02-28 13:02:86 INFO  WaitHelper:41 - Pageload timeout set to = 60 seconds
2020-02-28 13:02:305 INFO  TestBase:147 - Visiting to this URL = http://automationpractice.com/index.php
2020-02-28 13:02:307 INFO  Footer:21 - FooterBar Class Object Created
2020-02-28 13:02:508 INFO  Footer:103 - Typed = 'testmail22@yahoo.com' on newsletter field
2020-02-28 13:02:169 INFO  Footer:108 - Clicking on newslettersubmit arrow button next to email field
2020-02-28 13:02:899 INFO  VerificationHelper:20 - VericationHelper class Object created
2020-02-28 13:02:899 INFO  VerificationHelper:135 - verifying that='This email address is already registered.' contains text= 'this email address is already registered'
2020-02-28 13:02:900 INFO  AssertionHelper:100 - Test is <<FAILED>>
2020-02-28 13:02:914 INFO  TestBase:105 - ============TC_footer_ID_04_verifyNewsletterSubscriptionFunctionality============Finished============
2020-02-28 13:02:915 INFO  TestBase:110 - ============Closing the browser============
2020-02-28 13:02:690 INFO  TestBase:70 - ============Ending the TESTS execution============
2020-02-28 13:02:735 INFO  TestBase:124 - ============Ending the suite execution============
2020-02-28 13:02:934 INFO  TestBase:55 - ============Starting the SUITE execution============
2020-02-28 13:02:944 INFO  TestBase:61 - ============Starting the TESTS execution============
2020-02-28 13:02:964 INFO  TestBase:83 - ============Launching the browser============
2020-02-28 13:02:83 INFO  TestBase:88 - ============TC_footer_ID_03_verifyNewsletterSubscriptionFunctionality============Started============
2020-02-28 13:02:100 INFO  WaitHelper:29 - WaitHelper Class Object Created
2020-02-28 13:02:117 INFO  WaitHelper:54 - Implicit wait set to = 60 seconds
2020-02-28 13:02:125 INFO  WaitHelper:41 - Pageload timeout set to = 60 seconds
2020-02-28 13:02:584 INFO  TestBase:147 - Visiting to this URL = http://automationpractice.com/index.php
2020-02-28 13:02:619 INFO  Footer:21 - FooterBar Class Object Created
2020-02-28 13:02:854 INFO  Footer:103 - Typed = 'testmail22@yahoo.com' on newsletter field
2020-02-28 13:02:619 INFO  Footer:108 - Clicking on newslettersubmit arrow button next to email field
2020-02-28 13:02:509 INFO  VerificationHelper:20 - VericationHelper class Object created
2020-02-28 13:02:509 INFO  VerificationHelper:135 - verifying that='This email address is already registered.' contains text= 'You have successfully subscribed to this newsletter.'
2020-02-28 13:02:516 INFO  AssertionHelper:100 - Test is <<FAILED>>
2020-02-28 13:02:534 INFO  TestBase:105 - ============TC_footer_ID_03_verifyNewsletterSubscriptionFunctionality============Finished============
2020-02-28 13:02:534 INFO  TestBase:110 - ============Closing the browser============
2020-02-28 13:02:459 INFO  TestBase:83 - ============Launching the browser============
2020-02-28 13:02:857 INFO  TestBase:88 - ============TC_footer_ID_04_verifyNewsletterSubscriptionFunctionality============Started============
2020-02-28 13:02:859 INFO  WaitHelper:29 - WaitHelper Class Object Created
2020-02-28 13:02:864 INFO  WaitHelper:54 - Implicit wait set to = 60 seconds
2020-02-28 13:02:873 INFO  WaitHelper:41 - Pageload timeout set to = 60 seconds
2020-02-28 13:02:590 INFO  TestBase:147 - Visiting to this URL = http://automationpractice.com/index.php
2020-02-28 13:02:593 INFO  Footer:21 - FooterBar Class Object Created
2020-02-28 13:02:08 INFO  Footer:103 - Typed = 'testmail22@yahoo.com' on newsletter field
2020-02-28 13:02:765 INFO  Footer:108 - Clicking on newslettersubmit arrow button next to email field
2020-02-28 13:02:800 INFO  VerificationHelper:20 - VericationHelper class Object created
2020-02-28 13:02:801 INFO  VerificationHelper:135 - verifying that='This email address is already registered.' contains text= 'this email address is already registered.'
2020-02-28 13:02:801 INFO  AssertionHelper:100 - Test is <<FAILED>>
2020-02-28 13:02:810 INFO  TestBase:105 - ============TC_footer_ID_04_verifyNewsletterSubscriptionFunctionality============Finished============
2020-02-28 13:02:811 INFO  TestBase:110 - ============Closing the browser============
2020-02-28 13:02:630 INFO  TestBase:70 - ============Ending the TESTS execution============
2020-02-28 13:02:690 INFO  TestBase:124 - ============Ending the suite execution============
2020-02-28 13:02:192 INFO  TestBase:55 - ============Starting the SUITE execution============
2020-02-28 13:02:202 INFO  TestBase:61 - ============Starting the TESTS execution============
2020-02-28 13:02:225 INFO  TestBase:83 - ============Launching the browser============
2020-02-28 13:02:414 INFO  TestBase:88 - ============TC_footer_ID_04_verifyNewsletterSubscriptionFunctionality============Started============
2020-02-28 13:02:437 INFO  WaitHelper:29 - WaitHelper Class Object Created
2020-02-28 13:02:443 INFO  WaitHelper:54 - Implicit wait set to = 60 seconds
2020-02-28 13:02:457 INFO  WaitHelper:41 - Pageload timeout set to = 60 seconds
2020-02-28 13:02:565 INFO  TestBase:147 - Visiting to this URL = http://automationpractice.com/index.php
2020-02-28 13:02:600 INFO  Footer:21 - FooterBar Class Object Created
2020-02-28 13:02:865 INFO  Footer:103 - Typed = 'testmail22@yahoo.com' on newsletter field
2020-02-28 13:02:400 INFO  Footer:108 - Clicking on newslettersubmit arrow button next to email field
2020-02-28 13:02:540 INFO  VerificationHelper:20 - VericationHelper class Object created
2020-02-28 13:02:541 INFO  VerificationHelper:135 - verifying that='This email address is already registered.' contains text= 'This email address is already registered.'
2020-02-28 13:02:545 INFO  AssertionHelper:108 - Test is <<PASSED>>
2020-02-28 13:02:555 INFO  TestBase:105 - ============TC_footer_ID_04_verifyNewsletterSubscriptionFunctionality============Finished============
2020-02-28 13:02:555 INFO  TestBase:110 - ============Closing the browser============
2020-02-28 13:02:323 INFO  TestBase:70 - ============Ending the TESTS execution============
2020-02-28 13:02:364 INFO  TestBase:124 - ============Ending the suite execution============
2020-02-28 13:02:330 INFO  TestBase:55 - ============Starting the SUITE execution============
2020-02-28 13:02:340 INFO  TestBase:61 - ============Starting the TESTS execution============
2020-02-28 13:02:364 INFO  TestBase:83 - ============Launching the browser============
2020-02-28 13:02:412 INFO  TestBase:88 - ============TC_footer_ID_06_verifyTwitterButtonFunctionality============Started============
2020-02-28 13:02:427 INFO  WaitHelper:29 - WaitHelper Class Object Created
2020-02-28 13:02:435 INFO  WaitHelper:54 - Implicit wait set to = 60 seconds
2020-02-28 13:02:444 INFO  WaitHelper:41 - Pageload timeout set to = 60 seconds
2020-02-28 13:02:417 INFO  TestBase:147 - Visiting to this URL = http://automationpractice.com/index.php
2020-02-28 13:02:451 INFO  Footer:21 - FooterBar Class Object Created
2020-02-28 13:02:673 INFO  Footer:118 - Clicking on 'Twitter image link'
2020-02-28 13:02:680 INFO  TestBase:207 - Navigated to url= http://automationpractice.com/index.php
2020-02-28 13:02:692 INFO  VerificationHelper:20 - VericationHelper class Object created
2020-02-28 13:02:704 INFO  VerificationHelper:122 - verifying if text is equals of 'http://automationpractice.com/index.php' with 'https://twitter.com/seleniumfrmwrk'
2020-02-28 13:02:706 INFO  AssertionHelper:100 - Test is <<FAILED>>
2020-02-28 13:02:756 INFO  TestBase:105 - ============TC_footer_ID_06_verifyTwitterButtonFunctionality============Finished============
2020-02-28 13:02:757 INFO  TestBase:110 - ============Closing the browser============
2020-02-28 13:02:521 INFO  TestBase:70 - ============Ending the TESTS execution============
2020-02-28 13:02:563 INFO  TestBase:124 - ============Ending the suite execution============
2020-02-28 13:02:352 INFO  TestBase:55 - ============Starting the SUITE execution============
2020-02-28 13:02:361 INFO  TestBase:61 - ============Starting the TESTS execution============
2020-02-28 13:02:383 INFO  TestBase:83 - ============Launching the browser============
2020-02-28 13:02:433 INFO  TestBase:88 - ============TC_footer_ID_05_verifyFacebookButtonFunctionality============Started============
2020-02-28 13:02:450 INFO  WaitHelper:29 - WaitHelper Class Object Created
2020-02-28 13:02:453 INFO  WaitHelper:54 - Implicit wait set to = 60 seconds
2020-02-28 13:02:460 INFO  WaitHelper:41 - Pageload timeout set to = 60 seconds
2020-02-28 13:02:443 INFO  TestBase:147 - Visiting to this URL = http://automationpractice.com/index.php
2020-02-28 13:02:480 INFO  Footer:21 - FooterBar Class Object Created
2020-02-28 13:02:653 INFO  Footer:113 - Clicking on 'facebook image link'
2020-02-28 13:02:671 INFO  TestBase:207 - Navigated to url= http://automationpractice.com/index.php
2020-02-28 13:02:679 INFO  VerificationHelper:20 - VericationHelper class Object created
2020-02-28 13:02:694 INFO  VerificationHelper:122 - verifying if text is equals of 'http://automationpractice.com/index.php' with 'https://www.facebook.com/groups/525066904174158/'
2020-02-28 13:02:698 INFO  AssertionHelper:100 - Test is <<FAILED>>
2020-02-28 13:02:732 INFO  TestBase:105 - ============TC_footer_ID_05_verifyFacebookButtonFunctionality============Finished============
2020-02-28 13:02:733 INFO  TestBase:110 - ============Closing the browser============
2020-02-28 13:02:474 INFO  TestBase:83 - ============Launching the browser============
2020-02-28 13:02:812 INFO  TestBase:88 - ============TC_footer_ID_06_verifyTwitterButtonFunctionality============Started============
2020-02-28 13:02:816 INFO  WaitHelper:29 - WaitHelper Class Object Created
2020-02-28 13:02:820 INFO  WaitHelper:54 - Implicit wait set to = 60 seconds
2020-02-28 13:02:828 INFO  WaitHelper:41 - Pageload timeout set to = 60 seconds
2020-02-28 13:02:80 INFO  TestBase:147 - Visiting to this URL = http://automationpractice.com/index.php
2020-02-28 13:02:82 INFO  Footer:21 - FooterBar Class Object Created
2020-02-28 13:02:246 INFO  Footer:118 - Clicking on 'Twitter image link'
2020-02-28 13:02:317 INFO  TestBase:207 - Navigated to url= http://automationpractice.com/index.php
2020-02-28 13:02:330 INFO  VerificationHelper:20 - VericationHelper class Object created
2020-02-28 13:02:338 INFO  VerificationHelper:122 - verifying if text is equals of 'http://automationpractice.com/index.php' with 'https://twitter.com/seleniumfrmwrk'
2020-02-28 13:02:340 INFO  AssertionHelper:100 - Test is <<FAILED>>
2020-02-28 13:02:347 INFO  TestBase:105 - ============TC_footer_ID_06_verifyTwitterButtonFunctionality============Finished============
2020-02-28 13:02:347 INFO  TestBase:110 - ============Closing the browser============
2020-02-28 13:02:93 INFO  TestBase:83 - ============Launching the browser============
2020-02-28 13:02:455 INFO  TestBase:88 - ============TC_footer_ID_07_verifyYoutubeButtonFunctionality============Started============
2020-02-28 13:02:461 INFO  WaitHelper:29 - WaitHelper Class Object Created
2020-02-28 13:02:467 INFO  WaitHelper:54 - Implicit wait set to = 60 seconds
2020-02-28 13:02:471 INFO  WaitHelper:41 - Pageload timeout set to = 60 seconds
2020-02-28 13:02:461 INFO  TestBase:147 - Visiting to this URL = http://automationpractice.com/index.php
2020-02-28 13:02:463 INFO  Footer:21 - FooterBar Class Object Created
2020-02-28 13:02:702 INFO  Footer:123 - Clicking on 'Youtube image link'
2020-02-28 13:02:715 INFO  TestBase:207 - Navigated to url= http://automationpractice.com/index.php
2020-02-28 13:02:723 INFO  VerificationHelper:20 - VericationHelper class Object created
2020-02-28 13:02:735 INFO  VerificationHelper:122 - verifying if text is equals of 'http://automationpractice.com/index.php' with 'https://www.youtube.com/channel/UCHl59sI3SRjQ-qPcTrgt0tA'
2020-02-28 13:02:736 INFO  AssertionHelper:100 - Test is <<FAILED>>
2020-02-28 13:02:745 INFO  TestBase:105 - ============TC_footer_ID_07_verifyYoutubeButtonFunctionality============Finished============
2020-02-28 13:02:746 INFO  TestBase:110 - ============Closing the browser============
2020-02-28 13:02:471 INFO  TestBase:83 - ============Launching the browser============
2020-02-28 13:02:797 INFO  TestBase:88 - ============TC_footer_ID_08_verifyGooglePlusButtonFunctionality============Started============
2020-02-28 13:02:799 INFO  WaitHelper:29 - WaitHelper Class Object Created
2020-02-28 13:02:803 INFO  WaitHelper:54 - Implicit wait set to = 60 seconds
2020-02-28 13:02:811 INFO  WaitHelper:41 - Pageload timeout set to = 60 seconds
2020-02-28 13:02:28 INFO  TestBase:147 - Visiting to this URL = http://automationpractice.com/index.php
2020-02-28 13:02:30 INFO  Footer:21 - FooterBar Class Object Created
2020-02-28 13:02:195 INFO  Footer:128 - Clicking on 'Google Plud image link'
2020-02-28 13:02:212 INFO  TestBase:207 - Navigated to url= http://automationpractice.com/index.php
2020-02-28 13:02:220 INFO  VerificationHelper:20 - VericationHelper class Object created
2020-02-28 13:02:276 INFO  VerificationHelper:122 - verifying if text is equals of 'http://automationpractice.com/index.php' with 'https://plus.google.com/111979135243110831526/posts'
2020-02-28 13:02:277 INFO  AssertionHelper:100 - Test is <<FAILED>>
2020-02-28 13:02:280 INFO  TestBase:105 - ============TC_footer_ID_08_verifyGooglePlusButtonFunctionality============Finished============
2020-02-28 13:02:281 INFO  TestBase:110 - ============Closing the browser============
2020-02-28 13:02:48 INFO  TestBase:70 - ============Ending the TESTS execution============
2020-02-28 13:02:94 INFO  TestBase:124 - ============Ending the suite execution============
2020-02-28 13:02:70 INFO  TestBase:55 - ============Starting the SUITE execution============
2020-02-28 13:02:81 INFO  TestBase:61 - ============Starting the TESTS execution============
2020-02-28 13:02:111 INFO  TestBase:83 - ============Launching the browser============
2020-02-28 13:02:498 INFO  TestBase:88 - ============TC_footer_ID_05_verifyFacebookButtonFunctionality============Started============
2020-02-28 13:02:514 INFO  WaitHelper:29 - WaitHelper Class Object Created
2020-02-28 13:02:522 INFO  WaitHelper:54 - Implicit wait set to = 60 seconds
2020-02-28 13:02:529 INFO  WaitHelper:41 - Pageload timeout set to = 60 seconds
2020-02-28 13:02:636 INFO  TestBase:147 - Visiting to this URL = http://automationpractice.com/index.php
2020-02-28 13:02:671 INFO  Footer:21 - FooterBar Class Object Created
2020-02-28 13:02:897 INFO  Footer:113 - Clicking on 'facebook image link'
2020-02-28 13:02:905 INFO  TestBase:207 - Navigated to url= http://automationpractice.com/index.php
2020-02-28 13:02:929 INFO  VerificationHelper:20 - VericationHelper class Object created
2020-02-28 13:02:935 INFO  VerificationHelper:122 - verifying if text is equals of 'http://automationpractice.com/index.php' with 'https://www.facebook.com/groups/525066904174158/'
2020-02-28 13:02:936 INFO  AssertionHelper:100 - Test is <<FAILED>>
2020-02-28 13:02:944 INFO  TestBase:105 - ============TC_footer_ID_05_verifyFacebookButtonFunctionality============Finished============
2020-02-28 13:02:945 INFO  TestBase:110 - ============Closing the browser============
2020-02-28 13:02:897 INFO  TestBase:70 - ============Ending the TESTS execution============
2020-02-28 13:02:938 INFO  TestBase:124 - ============Ending the suite execution============
2020-02-28 13:02:571 INFO  TestBase:55 - ============Starting the SUITE execution============
2020-02-28 13:02:583 INFO  TestBase:61 - ============Starting the TESTS execution============
2020-02-28 13:02:609 INFO  TestBase:83 - ============Launching the browser============
2020-02-28 13:02:854 INFO  TestBase:88 - ============TC_footer_ID_05_verifyFacebookButtonFunctionality============Started============
2020-02-28 13:02:872 INFO  WaitHelper:29 - WaitHelper Class Object Created
2020-02-28 13:02:878 INFO  WaitHelper:54 - Implicit wait set to = 60 seconds
2020-02-28 13:02:884 INFO  WaitHelper:41 - Pageload timeout set to = 60 seconds
2020-02-28 13:02:92 INFO  TestBase:147 - Visiting to this URL = http://automationpractice.com/index.php
2020-02-28 13:02:123 INFO  Footer:21 - FooterBar Class Object Created
2020-02-28 13:02:287 INFO  Footer:113 - Clicking on 'facebook image link'
2020-02-28 13:02:335 INFO  TestBase:207 - Navigated to url= http://automationpractice.com/index.php
2020-02-28 13:02:343 INFO  VerificationHelper:20 - VericationHelper class Object created
2020-02-28 13:02:344 INFO  WindowHelper:22 -  WindowHelper Class Object Created
2020-02-28 13:02:356 INFO  WindowHelper:66 - switching to1window
2020-02-28 13:02:382 INFO  VerificationHelper:122 - verifying if text is equals of 'https://www.facebook.com/groups/525066904174158/' with 'https://www.facebook.com/groups/525066904174158/'
2020-02-28 13:02:385 INFO  AssertionHelper:108 - Test is <<PASSED>>
2020-02-28 13:02:388 INFO  TestBase:105 - ============TC_footer_ID_05_verifyFacebookButtonFunctionality============Finished============
2020-02-28 13:02:388 INFO  TestBase:110 - ============Closing the browser============
2020-02-28 13:02:127 INFO  TestBase:70 - ============Ending the TESTS execution============
2020-02-28 13:02:169 INFO  TestBase:124 - ============Ending the suite execution============
2020-02-28 13:02:644 INFO  TestBase:55 - ============Starting the SUITE execution============
2020-02-28 13:02:655 INFO  TestBase:61 - ============Starting the TESTS execution============
2020-02-28 13:02:678 INFO  TestBase:83 - ============Launching the browser============
2020-02-28 13:02:747 INFO  TestBase:88 - ============TC_footer_ID_05_verifyFacebookButtonFunctionality============Started============
2020-02-28 13:02:753 INFO  WaitHelper:29 - WaitHelper Class Object Created
2020-02-28 13:02:763 INFO  WaitHelper:54 - Implicit wait set to = 60 seconds
2020-02-28 13:02:768 INFO  WaitHelper:41 - Pageload timeout set to = 60 seconds
2020-02-28 13:02:624 INFO  TestBase:147 - Visiting to this URL = http://automationpractice.com/index.php
2020-02-28 13:02:670 INFO  Footer:21 - FooterBar Class Object Created
2020-02-28 13:02:856 INFO  Footer:113 - Clicking on 'facebook image link'
2020-02-28 13:02:875 INFO  TestBase:207 - Navigated to url= http://automationpractice.com/index.php
2020-02-28 13:02:885 INFO  VerificationHelper:20 - VericationHelper class Object created
2020-02-28 13:02:887 INFO  WindowHelper:22 -  WindowHelper Class Object Created
2020-02-28 13:02:901 INFO  WindowHelper:66 - switching to window = 1
2020-02-28 13:02:933 INFO  VerificationHelper:122 - verifying if text is equals of 'https://www.facebook.com/groups/525066904174158/' with 'https://www.facebook.com/groups/525066904174158/'
2020-02-28 13:02:935 INFO  AssertionHelper:108 - Test is <<PASSED>>
2020-02-28 13:02:939 INFO  TestBase:105 - ============TC_footer_ID_05_verifyFacebookButtonFunctionality============Finished============
2020-02-28 13:02:940 INFO  TestBase:110 - ============Closing the browser============
2020-02-28 13:02:676 INFO  TestBase:83 - ============Launching the browser============
2020-02-28 13:02:06 INFO  TestBase:88 - ============TC_footer_ID_06_verifyTwitterButtonFunctionality============Started============
2020-02-28 13:02:08 INFO  WaitHelper:29 - WaitHelper Class Object Created
2020-02-28 13:02:14 INFO  WaitHelper:54 - Implicit wait set to = 60 seconds
2020-02-28 13:02:23 INFO  WaitHelper:41 - Pageload timeout set to = 60 seconds
2020-02-28 13:02:139 INFO  TestBase:147 - Visiting to this URL = http://automationpractice.com/index.php
2020-02-28 13:02:141 INFO  Footer:21 - FooterBar Class Object Created
2020-02-28 13:02:334 INFO  Footer:118 - Clicking on 'Twitter image link'
2020-02-28 13:02:377 INFO  TestBase:207 - Navigated to url= http://automationpractice.com/index.php
2020-02-28 13:02:388 INFO  WindowHelper:22 -  WindowHelper Class Object Created
2020-02-28 13:02:397 INFO  WindowHelper:66 - switching to window = 1
2020-02-28 13:02:411 INFO  VerificationHelper:20 - VericationHelper class Object created
2020-02-28 13:02:439 INFO  VerificationHelper:122 - verifying if text is equals of 'https://twitter.com/seleniumfrmwrk' with 'https://twitter.com/seleniumfrmwrk'
2020-02-28 13:02:439 INFO  AssertionHelper:108 - Test is <<PASSED>>
2020-02-28 13:02:442 INFO  TestBase:105 - ============TC_footer_ID_06_verifyTwitterButtonFunctionality============Finished============
2020-02-28 13:02:442 INFO  TestBase:110 - ============Closing the browser============
2020-02-28 13:02:174 INFO  TestBase:83 - ============Launching the browser============
2020-02-28 13:02:468 INFO  TestBase:88 - ============TC_footer_ID_07_verifyYoutubeButtonFunctionality============Started============
2020-02-28 13:02:471 INFO  WaitHelper:29 - WaitHelper Class Object Created
2020-02-28 13:02:482 INFO  WaitHelper:54 - Implicit wait set to = 60 seconds
2020-02-28 13:02:486 INFO  WaitHelper:41 - Pageload timeout set to = 60 seconds
2020-02-28 13:02:386 INFO  TestBase:147 - Visiting to this URL = http://automationpractice.com/index.php
2020-02-28 13:02:388 INFO  Footer:21 - FooterBar Class Object Created
2020-02-28 13:02:597 INFO  Footer:123 - Clicking on 'Youtube image link'
2020-02-28 13:02:616 INFO  TestBase:207 - Navigated to url= http://automationpractice.com/index.php
2020-02-28 13:02:629 INFO  WindowHelper:22 -  WindowHelper Class Object Created
2020-02-28 13:02:644 INFO  WindowHelper:66 - switching to window = 1
2020-02-28 13:02:657 INFO  VerificationHelper:20 - VericationHelper class Object created
2020-02-28 13:02:55 INFO  VerificationHelper:122 - verifying if text is equals of 'https://www.youtube.com/channel/UCHl59sI3SRjQ-qPcTrgt0tA' with 'https://www.youtube.com/channel/UCHl59sI3SRjQ-qPcTrgt0tA'
2020-02-28 13:02:56 INFO  AssertionHelper:108 - Test is <<PASSED>>
2020-02-28 13:02:58 INFO  TestBase:105 - ============TC_footer_ID_07_verifyYoutubeButtonFunctionality============Finished============
2020-02-28 13:02:64 INFO  TestBase:110 - ============Closing the browser============
2020-02-28 13:02:869 INFO  TestBase:83 - ============Launching the browser============
2020-02-28 13:02:176 INFO  TestBase:88 - ============TC_footer_ID_08_verifyGooglePlusButtonFunctionality============Started============
2020-02-28 13:02:178 INFO  WaitHelper:29 - WaitHelper Class Object Created
2020-02-28 13:02:188 INFO  WaitHelper:54 - Implicit wait set to = 60 seconds
2020-02-28 13:02:193 INFO  WaitHelper:41 - Pageload timeout set to = 60 seconds
2020-02-28 13:02:690 INFO  TestBase:147 - Visiting to this URL = http://automationpractice.com/index.php
2020-02-28 13:02:692 INFO  Footer:21 - FooterBar Class Object Created
2020-02-28 13:02:866 INFO  Footer:128 - Clicking on 'Google Plud image link'
2020-02-28 13:02:891 INFO  TestBase:207 - Navigated to url= http://automationpractice.com/index.php
2020-02-28 13:02:903 INFO  WindowHelper:22 -  WindowHelper Class Object Created
2020-02-28 13:02:909 INFO  WindowHelper:66 - switching to window = 1
2020-02-28 13:02:922 INFO  VerificationHelper:20 - VericationHelper class Object created
2020-02-28 13:02:939 INFO  VerificationHelper:122 - verifying if text is equals of 'https://accounts.google.com/signin/v2/identifier?passive=1209600&osid=1&continue=https%3A%2F%2Fplus.google.com%2F111979135243110831526%2Fposts&followup=https%3A%2F%2Fplus.google.com%2F111979135243110831526%2Fposts&flowName=GlifWebSignIn&flowEntry=ServiceLogin' with 'https://plus.google.com/111979135243110831526/posts'
2020-02-28 13:02:939 INFO  AssertionHelper:100 - Test is <<FAILED>>
2020-02-28 13:02:946 INFO  TestBase:105 - ============TC_footer_ID_08_verifyGooglePlusButtonFunctionality============Finished============
2020-02-28 13:02:946 INFO  TestBase:110 - ============Closing the browser============
2020-02-28 13:02:774 INFO  TestBase:70 - ============Ending the TESTS execution============
2020-02-28 13:02:823 INFO  TestBase:124 - ============Ending the suite execution============
2020-03-01 12:03:240 INFO  TestBase:55 - ============Starting the SUITE execution============
2020-03-01 12:03:253 INFO  TestBase:61 - ============Starting the TESTS execution============
2020-03-01 12:03:275 INFO  TestBase:83 - ============Launching the browser============
2020-03-01 12:03:613 INFO  TestBase:88 - ============TC_footer_ID_09_verifyWomenLinkFunctionality============Started============
2020-03-01 12:03:628 INFO  WaitHelper:29 - WaitHelper Class Object Created
2020-03-01 12:03:641 INFO  WaitHelper:54 - Implicit wait set to = 60 seconds
2020-03-01 12:03:646 INFO  WaitHelper:41 - Pageload timeout set to = 60 seconds
2020-03-01 12:03:327 INFO  TestBase:147 - Visiting to this URL = http://automationpractice.com/index.php
2020-03-01 12:03:383 INFO  Footer:21 - FooterBar Class Object Created
2020-03-01 12:03:748 INFO  Footer:133 - Clicking on 'women' link
2020-03-01 12:03:776 INFO  TestBase:207 - Navigated to url= http://automationpractice.com/index.php?id_category=3&controller=category
2020-03-01 12:03:797 INFO  Page_women:23 - Page_women Class Object Created
2020-03-01 12:03:799 INFO  VerificationHelper:20 - VericationHelper class Object created
2020-03-01 12:03:170 INFO  VerificationHelper:34 - element is Displayed
2020-03-01 12:03:204 INFO  VerificationHelper:89 - element text is => Women
2020-03-01 12:03:289 INFO  VerificationHelper:135 - verifying that='> Women' contains text= 'Women'
2020-03-01 12:03:298 INFO  AssertionHelper:108 - Test is <<PASSED>>
2020-03-01 12:03:303 INFO  TestBase:105 - ============TC_footer_ID_09_verifyWomenLinkFunctionality============Finished============
2020-03-01 12:03:304 INFO  TestBase:110 - ============Closing the browser============
2020-03-01 12:03:27 INFO  TestBase:83 - ============Launching the browser============
2020-03-01 12:03:345 INFO  TestBase:88 - ============TC_footer_ID_10_verifySpecialsLinkFunctionality============Started============
2020-03-01 12:03:350 INFO  WaitHelper:29 - WaitHelper Class Object Created
2020-03-01 12:03:360 INFO  WaitHelper:54 - Implicit wait set to = 60 seconds
2020-03-01 12:03:364 INFO  WaitHelper:41 - Pageload timeout set to = 60 seconds
2020-03-01 12:03:383 INFO  TestBase:147 - Visiting to this URL = http://automationpractice.com/index.php
2020-03-01 12:03:386 INFO  Footer:21 - FooterBar Class Object Created
2020-03-01 12:03:532 INFO  Footer:133 - Clicking on 'women' link
2020-03-01 12:03:552 INFO  TestBase:207 - Navigated to url= http://automationpractice.com/index.php?id_category=3&controller=category
2020-03-01 12:03:563 INFO  Page_pricesDrop:24 - Page_pricesDrop Class Object Created
2020-03-01 12:03:564 INFO  VerificationHelper:20 - VericationHelper class Object created
2020-03-01 12:03:620 INFO  VerificationHelper:34 - element is Displayed
2020-03-01 12:03:667 INFO  VerificationHelper:89 - element text is => Women
2020-03-01 12:03:716 INFO  VerificationHelper:135 - verifying that='> Women' contains text= 'Price drop'
2020-03-01 12:03:716 INFO  AssertionHelper:100 - Test is <<FAILED>>
2020-03-01 12:03:728 INFO  TestBase:105 - ============TC_footer_ID_10_verifySpecialsLinkFunctionality============Finished============
2020-03-01 12:03:729 INFO  TestBase:110 - ============Closing the browser============
2020-03-01 12:03:448 INFO  TestBase:83 - ============Launching the browser============
2020-03-01 12:03:749 INFO  TestBase:88 - ============TC_footer_ID_11_verifyNewProductsLinkFunctionality============Started============
2020-03-01 12:03:757 INFO  WaitHelper:29 - WaitHelper Class Object Created
2020-03-01 12:03:762 INFO  WaitHelper:54 - Implicit wait set to = 60 seconds
2020-03-01 12:03:766 INFO  WaitHelper:41 - Pageload timeout set to = 60 seconds
2020-03-01 12:03:233 INFO  TestBase:147 - Visiting to this URL = http://automationpractice.com/index.php
2020-03-01 12:03:235 INFO  Footer:21 - FooterBar Class Object Created
2020-03-01 12:03:389 INFO  Footer:133 - Clicking on 'women' link
2020-03-01 12:03:427 INFO  TestBase:207 - Navigated to url= http://automationpractice.com/index.php?id_category=3&controller=category
2020-03-01 12:03:435 INFO  Page_newProducts:21 - Page_newProducts Class Object Created
2020-03-01 12:03:436 INFO  VerificationHelper:20 - VericationHelper class Object created
2020-03-01 12:03:508 INFO  VerificationHelper:34 - element is Displayed
2020-03-01 12:03:582 INFO  VerificationHelper:89 - element text is => Women
2020-03-01 12:03:625 INFO  VerificationHelper:135 - verifying that='> Women' contains text= 'New products'
2020-03-01 12:03:627 INFO  AssertionHelper:100 - Test is <<FAILED>>
2020-03-01 12:03:632 INFO  TestBase:105 - ============TC_footer_ID_11_verifyNewProductsLinkFunctionality============Finished============
2020-03-01 12:03:632 INFO  TestBase:110 - ============Closing the browser============
2020-03-01 12:03:357 INFO  TestBase:83 - ============Launching the browser============
2020-03-01 12:03:678 INFO  TestBase:88 - ============TC_footer_ID_12_verifyBestSellersLinkFunctionality============Started============
2020-03-01 12:03:680 INFO  WaitHelper:29 - WaitHelper Class Object Created
2020-03-01 12:03:685 INFO  WaitHelper:54 - Implicit wait set to = 60 seconds
2020-03-01 12:03:693 INFO  WaitHelper:41 - Pageload timeout set to = 60 seconds
2020-03-01 12:03:793 INFO  TestBase:147 - Visiting to this URL = http://automationpractice.com/index.php
2020-03-01 12:03:795 INFO  Footer:21 - FooterBar Class Object Created
2020-03-01 12:03:88 INFO  Footer:133 - Clicking on 'women' link
2020-03-01 12:03:130 INFO  TestBase:207 - Navigated to url= http://automationpractice.com/index.php?id_category=3&controller=category
2020-03-01 12:03:136 INFO  Page_bestSales:23 - Page_bestSales Class Object Created
2020-03-01 12:03:137 INFO  VerificationHelper:20 - VericationHelper class Object created
2020-03-01 12:03:35 INFO  VerificationHelper:34 - element is Displayed
2020-03-01 12:03:66 INFO  VerificationHelper:89 - element text is => Women
2020-03-01 12:03:112 INFO  VerificationHelper:135 - verifying that='> Women' contains text= 'Best sellers'
2020-03-01 12:03:112 INFO  AssertionHelper:100 - Test is <<FAILED>>
2020-03-01 12:03:120 INFO  TestBase:105 - ============TC_footer_ID_12_verifyBestSellersLinkFunctionality============Finished============
2020-03-01 12:03:121 INFO  TestBase:110 - ============Closing the browser============
2020-03-01 12:03:845 INFO  TestBase:83 - ============Launching the browser============
2020-03-01 12:03:148 INFO  TestBase:88 - ============TC_footer_ID_13_verifyOurStoresLinkFunctionality============Started============
2020-03-01 12:03:150 INFO  WaitHelper:29 - WaitHelper Class Object Created
2020-03-01 12:03:160 INFO  WaitHelper:54 - Implicit wait set to = 60 seconds
2020-03-01 12:03:164 INFO  WaitHelper:41 - Pageload timeout set to = 60 seconds
2020-03-01 12:03:567 INFO  TestBase:147 - Visiting to this URL = http://automationpractice.com/index.php
2020-03-01 12:03:568 INFO  Footer:21 - FooterBar Class Object Created
2020-03-01 12:03:611 INFO  Footer:133 - Clicking on 'women' link
2020-03-01 12:03:653 INFO  TestBase:207 - Navigated to url= http://automationpractice.com/index.php?id_category=3&controller=category
2020-03-01 12:03:660 INFO  Page_stores:23 - Page_stores Class Object Created
2020-03-01 12:03:661 INFO  VerificationHelper:20 - VericationHelper class Object created
2020-03-01 12:03:609 INFO  VerificationHelper:34 - element is Displayed
2020-03-01 12:03:643 INFO  VerificationHelper:89 - element text is => Women
2020-03-01 12:03:870 INFO  VerificationHelper:135 - verifying that='> Women' contains text= 'Our store(s)!'
2020-03-01 12:03:870 INFO  AssertionHelper:100 - Test is <<FAILED>>
2020-03-01 12:03:873 INFO  TestBase:105 - ============TC_footer_ID_13_verifyOurStoresLinkFunctionality============Finished============
2020-03-01 12:03:873 INFO  TestBase:110 - ============Closing the browser============
2020-03-01 12:03:620 INFO  TestBase:83 - ============Launching the browser============
2020-03-01 12:03:929 INFO  TestBase:88 - ============TC_footer_ID_14_verifyContactusLinkFunctionality============Started============
2020-03-01 12:03:930 INFO  WaitHelper:29 - WaitHelper Class Object Created
2020-03-01 12:03:933 INFO  WaitHelper:54 - Implicit wait set to = 60 seconds
2020-03-01 12:03:940 INFO  WaitHelper:41 - Pageload timeout set to = 60 seconds
2020-03-01 12:03:386 INFO  TestBase:147 - Visiting to this URL = http://automationpractice.com/index.php
2020-03-01 12:03:388 INFO  Footer:21 - FooterBar Class Object Created
2020-03-01 12:03:293 INFO  Footer:133 - Clicking on 'women' link
2020-03-01 12:03:337 INFO  TestBase:207 - Navigated to url= http://automationpractice.com/index.php?id_category=3&controller=category
2020-03-01 12:03:350 INFO  Page_contact:22 - Page_contact Class Object Created
2020-03-01 12:03:351 INFO  VerificationHelper:20 - VericationHelper class Object created
2020-03-01 12:03:395 INFO  VerificationHelper:34 - element is Displayed
2020-03-01 12:03:428 INFO  VerificationHelper:89 - element text is => Women
2020-03-01 12:03:490 INFO  VerificationHelper:135 - verifying that='> Women' contains text= 'Contact'
2020-03-01 12:03:490 INFO  AssertionHelper:100 - Test is <<FAILED>>
2020-03-01 12:03:499 INFO  TestBase:105 - ============TC_footer_ID_14_verifyContactusLinkFunctionality============Finished============
2020-03-01 12:03:500 INFO  TestBase:110 - ============Closing the browser============
2020-03-01 12:03:236 INFO  TestBase:83 - ============Launching the browser============
2020-03-01 12:03:497 INFO  TestBase:88 - ============TC_footer_ID_15_verifyTermsAndConditionsOfUseLinkFunctionality============Started============
2020-03-01 12:03:498 INFO  WaitHelper:29 - WaitHelper Class Object Created
2020-03-01 12:03:503 INFO  WaitHelper:54 - Implicit wait set to = 60 seconds
2020-03-01 12:03:513 INFO  WaitHelper:41 - Pageload timeout set to = 60 seconds
2020-03-01 12:03:203 INFO  TestBase:147 - Visiting to this URL = http://automationpractice.com/index.php
2020-03-01 12:03:205 INFO  Footer:21 - FooterBar Class Object Created
2020-03-01 12:03:385 INFO  Footer:133 - Clicking on 'women' link
2020-03-01 12:03:428 INFO  TestBase:207 - Navigated to url= http://automationpractice.com/index.php?id_category=3&controller=category
2020-03-01 12:03:434 INFO  Page_termsAndConditionsOfUse:21 - Page_termsAndConditionsOfUse Class Object Created
2020-03-01 12:03:435 INFO  VerificationHelper:20 - VericationHelper class Object created
2020-03-01 12:03:507 INFO  VerificationHelper:34 - element is Displayed
2020-03-01 12:03:543 INFO  VerificationHelper:89 - element text is => Women
2020-03-01 12:03:597 INFO  VerificationHelper:135 - verifying that='> Women' contains text= 'Terms and conditions of use'
2020-03-01 12:03:597 INFO  AssertionHelper:100 - Test is <<FAILED>>
2020-03-01 12:03:600 INFO  TestBase:105 - ============TC_footer_ID_15_verifyTermsAndConditionsOfUseLinkFunctionality============Finished============
2020-03-01 12:03:600 INFO  TestBase:110 - ============Closing the browser============
2020-03-01 12:03:345 INFO  TestBase:83 - ============Launching the browser============
2020-03-01 12:03:632 INFO  TestBase:88 - ============TC_footer_ID_16_verifyAboutUsLinkFunctionality============Started============
2020-03-01 12:03:633 INFO  WaitHelper:29 - WaitHelper Class Object Created
2020-03-01 12:03:641 INFO  WaitHelper:54 - Implicit wait set to = 60 seconds
2020-03-01 12:03:648 INFO  WaitHelper:41 - Pageload timeout set to = 60 seconds
2020-03-01 12:03:193 INFO  TestBase:147 - Visiting to this URL = http://automationpractice.com/index.php
2020-03-01 12:03:194 INFO  Footer:21 - FooterBar Class Object Created
2020-03-01 12:03:132 INFO  Footer:133 - Clicking on 'women' link
2020-03-01 12:03:173 INFO  TestBase:207 - Navigated to url= http://automationpractice.com/index.php?id_category=3&controller=category
2020-03-01 12:03:178 INFO  Page_aboutUs:21 - Page_aboutUs Class Object Created
2020-03-01 12:03:179 INFO  VerificationHelper:20 - VericationHelper class Object created
2020-03-01 12:03:488 INFO  VerificationHelper:34 - element is Displayed
2020-03-01 12:03:514 INFO  VerificationHelper:89 - element text is => Women
2020-03-01 12:03:563 INFO  VerificationHelper:135 - verifying that='> Women' contains text= 'About us'
2020-03-01 12:03:563 INFO  AssertionHelper:100 - Test is <<FAILED>>
2020-03-01 12:03:566 INFO  TestBase:105 - ============TC_footer_ID_16_verifyAboutUsLinkFunctionality============Finished============
2020-03-01 12:03:566 INFO  TestBase:110 - ============Closing the browser============
2020-03-01 12:03:306 INFO  TestBase:83 - ============Launching the browser============
2020-03-01 12:03:629 INFO  TestBase:88 - ============TC_footer_ID_17_verifySitemapLinkFunctionality============Started============
2020-03-01 12:03:630 INFO  WaitHelper:29 - WaitHelper Class Object Created
2020-03-01 12:03:634 INFO  WaitHelper:54 - Implicit wait set to = 60 seconds
2020-03-01 12:03:643 INFO  WaitHelper:41 - Pageload timeout set to = 60 seconds
2020-03-01 12:03:777 INFO  TestBase:147 - Visiting to this URL = http://automationpractice.com/index.php
2020-03-01 12:03:778 INFO  Footer:21 - FooterBar Class Object Created
2020-03-01 12:03:993 INFO  Footer:133 - Clicking on 'women' link
2020-03-01 12:03:17 INFO  TestBase:207 - Navigated to url= http://automationpractice.com/index.php?id_category=3&controller=category
2020-03-01 12:03:24 INFO  Page_sitemap:21 - Page_sitemap Class Object Created
2020-03-01 12:03:25 INFO  VerificationHelper:20 - VericationHelper class Object created
2020-03-01 12:03:936 INFO  VerificationHelper:34 - element is Displayed
2020-03-01 12:03:159 INFO  VerificationHelper:89 - element text is => Women
2020-03-01 12:03:208 INFO  VerificationHelper:135 - verifying that='> Women' contains text= 'Sitemap'
2020-03-01 12:03:208 INFO  AssertionHelper:100 - Test is <<FAILED>>
2020-03-01 12:03:210 INFO  TestBase:105 - ============TC_footer_ID_17_verifySitemapLinkFunctionality============Finished============
2020-03-01 12:03:210 INFO  TestBase:110 - ============Closing the browser============
2020-03-01 12:03:960 INFO  TestBase:70 - ============Ending the TESTS execution============
2020-03-01 12:03:999 INFO  TestBase:124 - ============Ending the suite execution============
2020-03-01 12:03:867 INFO  TestBase:55 - ============Starting the SUITE execution============
2020-03-01 12:03:878 INFO  TestBase:61 - ============Starting the TESTS execution============
2020-03-01 12:03:898 INFO  TestBase:83 - ============Launching the browser============
2020-03-01 12:03:935 INFO  TestBase:88 - ============TC_footer_ID_09_verifyWomenLinkFunctionality============Started============
2020-03-01 12:03:945 INFO  WaitHelper:29 - WaitHelper Class Object Created
2020-03-01 12:03:955 INFO  WaitHelper:54 - Implicit wait set to = 60 seconds
2020-03-01 12:03:959 INFO  WaitHelper:41 - Pageload timeout set to = 60 seconds
2020-03-01 12:03:290 INFO  TestBase:147 - Visiting to this URL = http://automationpractice.com/index.php
2020-03-01 12:03:326 INFO  Footer:21 - FooterBar Class Object Created
2020-03-01 12:03:693 INFO  Footer:133 - Clicking on 'women' link
2020-03-01 12:03:743 INFO  TestBase:207 - Navigated to url= http://automationpractice.com/index.php?id_category=3&controller=category
2020-03-01 12:03:757 INFO  Page_women:23 - Page_women Class Object Created
2020-03-01 12:03:757 INFO  VerificationHelper:20 - VericationHelper class Object created
2020-03-01 12:03:820 INFO  VerificationHelper:34 - element is Displayed
2020-03-01 12:03:849 INFO  VerificationHelper:89 - element text is => Women
2020-03-01 12:03:914 INFO  VerificationHelper:135 - verifying that='> Women' contains text= 'Women'
2020-03-01 12:03:924 INFO  AssertionHelper:108 - Test is <<PASSED>>
2020-03-01 12:03:930 INFO  TestBase:105 - ============TC_footer_ID_09_verifyWomenLinkFunctionality============Finished============
2020-03-01 12:03:930 INFO  TestBase:110 - ============Closing the browser============
2020-03-01 12:03:657 INFO  TestBase:83 - ============Launching the browser============
2020-03-01 12:03:990 INFO  TestBase:88 - ============TC_footer_ID_10_verifySpecialsLinkFunctionality============Started============
2020-03-01 12:03:992 INFO  WaitHelper:29 - WaitHelper Class Object Created
2020-03-01 12:03:04 INFO  WaitHelper:54 - Implicit wait set to = 60 seconds
2020-03-01 12:03:16 INFO  WaitHelper:41 - Pageload timeout set to = 60 seconds
2020-03-01 12:03:770 INFO  TestBase:147 - Visiting to this URL = http://automationpractice.com/index.php
2020-03-01 12:03:773 INFO  Footer:21 - FooterBar Class Object Created
2020-03-01 12:03:513 INFO  Footer:138 - Clicking on 'specials'
2020-03-01 12:03:604 INFO  TestBase:207 - Navigated to url= http://automationpractice.com/index.php?controller=prices-drop
2020-03-01 12:03:618 INFO  Page_pricesDrop:24 - Page_pricesDrop Class Object Created
2020-03-01 12:03:618 INFO  VerificationHelper:20 - VericationHelper class Object created
2020-03-01 12:03:942 INFO  VerificationHelper:34 - element is Displayed
2020-03-01 12:03:980 INFO  VerificationHelper:89 - element text is => Price drop
2020-03-01 12:03:29 INFO  VerificationHelper:135 - verifying that='> Price drop' contains text= 'Price drop'
2020-03-01 12:03:30 INFO  AssertionHelper:108 - Test is <<PASSED>>
2020-03-01 12:03:32 INFO  TestBase:105 - ============TC_footer_ID_10_verifySpecialsLinkFunctionality============Finished============
2020-03-01 12:03:33 INFO  TestBase:110 - ============Closing the browser============
2020-03-01 12:03:767 INFO  TestBase:83 - ============Launching the browser============
2020-03-01 12:03:141 INFO  TestBase:88 - ============TC_footer_ID_11_verifyNewProductsLinkFunctionality============Started============
2020-03-01 12:03:145 INFO  WaitHelper:29 - WaitHelper Class Object Created
2020-03-01 12:03:159 INFO  WaitHelper:54 - Implicit wait set to = 60 seconds
2020-03-01 12:03:165 INFO  WaitHelper:41 - Pageload timeout set to = 60 seconds
2020-03-01 12:03:49 INFO  TestBase:147 - Visiting to this URL = http://automationpractice.com/index.php
2020-03-01 12:03:50 INFO  Footer:21 - FooterBar Class Object Created
2020-03-01 12:03:775 INFO  Footer:143 - Clicking on 'new products'
2020-03-01 12:03:863 INFO  TestBase:207 - Navigated to url= http://automationpractice.com/index.php?controller=new-products
2020-03-01 12:03:872 INFO  Page_newProducts:21 - Page_newProducts Class Object Created
2020-03-01 12:03:872 INFO  VerificationHelper:20 - VericationHelper class Object created
2020-03-01 12:03:145 INFO  VerificationHelper:34 - element is Displayed
2020-03-01 12:03:183 INFO  VerificationHelper:89 - element text is => New products
2020-03-01 12:03:225 INFO  VerificationHelper:135 - verifying that='> New products' contains text= 'New products'
2020-03-01 12:03:228 INFO  AssertionHelper:108 - Test is <<PASSED>>
2020-03-01 12:03:230 INFO  TestBase:105 - ============TC_footer_ID_11_verifyNewProductsLinkFunctionality============Finished============
2020-03-01 12:03:230 INFO  TestBase:110 - ============Closing the browser============
2020-03-01 12:03:971 INFO  TestBase:83 - ============Launching the browser============
2020-03-01 12:03:270 INFO  TestBase:88 - ============TC_footer_ID_12_verifyBestSellersLinkFunctionality============Started============
2020-03-01 12:03:272 INFO  WaitHelper:29 - WaitHelper Class Object Created
2020-03-01 12:03:276 INFO  WaitHelper:54 - Implicit wait set to = 60 seconds
2020-03-01 12:03:282 INFO  WaitHelper:41 - Pageload timeout set to = 60 seconds
2020-03-01 12:03:900 INFO  TestBase:147 - Visiting to this URL = http://automationpractice.com/index.php
2020-03-01 12:03:903 INFO  Footer:21 - FooterBar Class Object Created
2020-03-01 12:03:251 INFO  Footer:148 - Clicking on 'best sellers
2020-03-01 12:03:315 INFO  TestBase:207 - Navigated to url= http://automationpractice.com/index.php?controller=best-sales
2020-03-01 12:03:323 INFO  Page_bestSales:23 - Page_bestSales Class Object Created
2020-03-01 12:03:328 INFO  VerificationHelper:20 - VericationHelper class Object created
2020-03-01 12:03:664 INFO  VerificationHelper:34 - element is Displayed
2020-03-01 12:03:698 INFO  VerificationHelper:89 - element text is => Best sellers
2020-03-01 12:03:738 INFO  VerificationHelper:135 - verifying that='> Best sellers' contains text= 'Best sellers'
2020-03-01 12:03:739 INFO  AssertionHelper:108 - Test is <<PASSED>>
2020-03-01 12:03:743 INFO  TestBase:105 - ============TC_footer_ID_12_verifyBestSellersLinkFunctionality============Finished============
2020-03-01 12:03:744 INFO  TestBase:110 - ============Closing the browser============
2020-03-01 12:03:467 INFO  TestBase:83 - ============Launching the browser============
2020-03-01 12:03:730 INFO  TestBase:88 - ============TC_footer_ID_13_verifyOurStoresLinkFunctionality============Started============
2020-03-01 12:03:738 INFO  WaitHelper:29 - WaitHelper Class Object Created
2020-03-01 12:03:743 INFO  WaitHelper:54 - Implicit wait set to = 60 seconds
2020-03-01 12:03:758 INFO  WaitHelper:41 - Pageload timeout set to = 60 seconds
2020-03-01 12:03:543 INFO  TestBase:147 - Visiting to this URL = http://automationpractice.com/index.php
2020-03-01 12:03:546 INFO  Footer:21 - FooterBar Class Object Created
2020-03-01 12:03:929 INFO  Footer:153 - Clicking on 'Our Stores' link
2020-03-01 12:03:957 INFO  TestBase:207 - Navigated to url= http://automationpractice.com/index.php?controller=stores
2020-03-01 12:03:969 INFO  Page_stores:23 - Page_stores Class Object Created
2020-03-01 12:03:969 INFO  VerificationHelper:20 - VericationHelper class Object created
2020-03-01 12:03:578 INFO  VerificationHelper:34 - element is Displayed
2020-03-01 12:03:671 INFO  VerificationHelper:89 - element text is => Our store(s)!
2020-03-01 12:03:817 INFO  VerificationHelper:135 - verifying that='> Our store(s)!' contains text= 'Our store(s)!'
2020-03-01 12:03:817 INFO  AssertionHelper:108 - Test is <<PASSED>>
2020-03-01 12:03:822 INFO  TestBase:105 - ============TC_footer_ID_13_verifyOurStoresLinkFunctionality============Finished============
2020-03-01 12:03:822 INFO  TestBase:110 - ============Closing the browser============
2020-03-01 12:03:558 INFO  TestBase:83 - ============Launching the browser============
2020-03-01 12:03:863 INFO  TestBase:88 - ============TC_footer_ID_14_verifyContactusLinkFunctionality============Started============
2020-03-01 12:03:874 INFO  WaitHelper:29 - WaitHelper Class Object Created
2020-03-01 12:03:879 INFO  WaitHelper:54 - Implicit wait set to = 60 seconds
2020-03-01 12:03:884 INFO  WaitHelper:41 - Pageload timeout set to = 60 seconds
2020-03-01 12:03:685 INFO  TestBase:147 - Visiting to this URL = http://automationpractice.com/index.php
2020-03-01 12:03:686 INFO  Footer:21 - FooterBar Class Object Created
2020-03-01 12:03:310 INFO  Footer:158 - Clicking on 'Contact Us' link
2020-03-01 12:03:355 INFO  TestBase:207 - Navigated to url= http://automationpractice.com/index.php?controller=contact
2020-03-01 12:03:362 INFO  Page_contact:22 - Page_contact Class Object Created
2020-03-01 12:03:363 INFO  VerificationHelper:20 - VericationHelper class Object created
2020-03-01 12:03:874 INFO  VerificationHelper:34 - element is Displayed
2020-03-01 12:03:918 INFO  VerificationHelper:89 - element text is => Contact
2020-03-01 12:03:967 INFO  VerificationHelper:135 - verifying that='> Contact' contains text= 'Contact'
2020-03-01 12:03:967 INFO  AssertionHelper:108 - Test is <<PASSED>>
2020-03-01 12:03:970 INFO  TestBase:105 - ============TC_footer_ID_14_verifyContactusLinkFunctionality============Finished============
2020-03-01 12:03:970 INFO  TestBase:110 - ============Closing the browser============
2020-03-01 12:03:697 INFO  TestBase:83 - ============Launching the browser============
2020-03-01 12:03:989 INFO  TestBase:88 - ============TC_footer_ID_15_verifyTermsAndConditionsOfUseLinkFunctionality============Started============
2020-03-01 12:03:993 INFO  WaitHelper:29 - WaitHelper Class Object Created
2020-03-01 12:03:997 INFO  WaitHelper:54 - Implicit wait set to = 60 seconds
2020-03-01 12:03:999 INFO  WaitHelper:41 - Pageload timeout set to = 60 seconds
2020-03-01 12:03:896 INFO  TestBase:147 - Visiting to this URL = http://automationpractice.com/index.php
2020-03-01 12:03:898 INFO  Footer:21 - FooterBar Class Object Created
2020-03-01 12:03:543 INFO  Footer:163 - Clicking on 'Terms and conditions of use link
2020-03-01 12:03:599 INFO  TestBase:207 - Navigated to url= http://automationpractice.com/index.php?id_cms=3&controller=cms
2020-03-01 12:03:607 INFO  Page_termsAndConditionsOfUse:21 - Page_termsAndConditionsOfUse Class Object Created
2020-03-01 12:03:608 INFO  VerificationHelper:20 - VericationHelper class Object created
2020-03-01 12:03:74 INFO  VerificationHelper:34 - element is Displayed
2020-03-01 12:03:104 INFO  VerificationHelper:89 - element text is => Terms and conditions of use
2020-03-01 12:03:151 INFO  VerificationHelper:135 - verifying that='> Terms and conditions of use' contains text= 'Terms and conditions of use'
2020-03-01 12:03:151 INFO  AssertionHelper:108 - Test is <<PASSED>>
2020-03-01 12:03:152 INFO  TestBase:105 - ============TC_footer_ID_15_verifyTermsAndConditionsOfUseLinkFunctionality============Finished============
2020-03-01 12:03:152 INFO  TestBase:110 - ============Closing the browser============
2020-03-01 12:03:877 INFO  TestBase:83 - ============Launching the browser============
2020-03-01 12:03:192 INFO  TestBase:88 - ============TC_footer_ID_16_verifyAboutUsLinkFunctionality============Started============
2020-03-01 12:03:197 INFO  WaitHelper:29 - WaitHelper Class Object Created
2020-03-01 12:03:214 INFO  WaitHelper:54 - Implicit wait set to = 60 seconds
2020-03-01 12:03:228 INFO  WaitHelper:41 - Pageload timeout set to = 60 seconds
2020-03-01 12:03:901 INFO  TestBase:147 - Visiting to this URL = http://automationpractice.com/index.php
2020-03-01 12:03:903 INFO  Footer:21 - FooterBar Class Object Created
2020-03-01 12:03:537 INFO  Footer:168 - Clicking on 'About Us' link 
2020-03-01 12:03:579 INFO  TestBase:207 - Navigated to url= http://automationpractice.com/index.php?id_cms=4&controller=cms
2020-03-01 12:03:589 INFO  Page_aboutUs:21 - Page_aboutUs Class Object Created
2020-03-01 12:03:590 INFO  VerificationHelper:20 - VericationHelper class Object created
2020-03-01 12:03:93 INFO  VerificationHelper:34 - element is Displayed
2020-03-01 12:03:125 INFO  VerificationHelper:89 - element text is => About us
2020-03-01 12:03:169 INFO  VerificationHelper:135 - verifying that='> About us' contains text= 'About us'
2020-03-01 12:03:170 INFO  AssertionHelper:108 - Test is <<PASSED>>
2020-03-01 12:03:171 INFO  TestBase:105 - ============TC_footer_ID_16_verifyAboutUsLinkFunctionality============Finished============
2020-03-01 12:03:172 INFO  TestBase:110 - ============Closing the browser============
2020-03-01 12:03:885 INFO  TestBase:83 - ============Launching the browser============
2020-03-01 12:03:185 INFO  TestBase:88 - ============TC_footer_ID_17_verifySitemapLinkFunctionality============Started============
2020-03-01 12:03:191 INFO  WaitHelper:29 - WaitHelper Class Object Created
2020-03-01 12:03:202 INFO  WaitHelper:54 - Implicit wait set to = 60 seconds
2020-03-01 12:03:208 INFO  WaitHelper:41 - Pageload timeout set to = 60 seconds
2020-03-01 12:03:153 INFO  TestBase:147 - Visiting to this URL = http://automationpractice.com/index.php
2020-03-01 12:03:154 INFO  Footer:21 - FooterBar Class Object Created
2020-03-01 12:03:833 INFO  Footer:173 - Clicking on 'sitemap' link
2020-03-01 12:03:874 INFO  TestBase:207 - Navigated to url= http://automationpractice.com/index.php?controller=sitemap
2020-03-01 12:03:881 INFO  Page_sitemap:21 - Page_sitemap Class Object Created
2020-03-01 12:03:881 INFO  VerificationHelper:20 - VericationHelper class Object created
2020-03-01 12:03:266 INFO  VerificationHelper:34 - element is Displayed
2020-03-01 12:03:293 INFO  VerificationHelper:89 - element text is => Sitemap
2020-03-01 12:03:340 INFO  VerificationHelper:135 - verifying that='> Sitemap' contains text= 'Sitemap'
2020-03-01 12:03:341 INFO  AssertionHelper:108 - Test is <<PASSED>>
2020-03-01 12:03:342 INFO  TestBase:105 - ============TC_footer_ID_17_verifySitemapLinkFunctionality============Finished============
2020-03-01 12:03:342 INFO  TestBase:110 - ============Closing the browser============
2020-03-01 12:03:36 INFO  TestBase:70 - ============Ending the TESTS execution============
2020-03-01 12:03:60 INFO  TestBase:124 - ============Ending the suite execution============
