<?xml version="1.0" encoding="UTF-8"?>
<testng-results skipped="0" failed="1" ignored="22" total="28" passed="5">
  <reporter-output>
  </reporter-output>
  <suite name="Default suite" duration-ms="117705" started-at="2020-03-01T07:40:37Z" finished-at="2020-03-01T07:42:34Z">
    <groups>
    </groups>
    <test name="Default test" duration-ms="117705" started-at="2020-03-01T07:40:37Z" finished-at="2020-03-01T07:42:34Z">
      <class name="com.AutomationFramework.companyName.automationEcommerce.testScripts.footer">
        <test-method status="PASS" signature="beforeSuite()[pri:0, instance:com.AutomationFramework.companyName.automationEcommerce.testScripts.footer@eec5a4a]" name="beforeSuite" is-config="true" duration-ms="150" started-at="2020-03-01T07:40:37Z" finished-at="2020-03-01T07:40:37Z">
          <reporter-output>
          </reporter-output>
        </test-method> <!-- beforeSuite -->
        <test-method status="PASS" signature="beforeTest()[pri:0, instance:com.AutomationFramework.companyName.automationEcommerce.testScripts.footer@eec5a4a]" name="beforeTest" is-config="true" duration-ms="11" started-at="2020-03-01T07:40:37Z" finished-at="2020-03-01T07:40:37Z">
          <reporter-output>
          </reporter-output>
        </test-method> <!-- beforeTest -->
        <test-method status="PASS" signature="beforeMethod(java.lang.reflect.Method)[pri:0, instance:com.AutomationFramework.companyName.automationEcommerce.testScripts.footer@eec5a4a]" name="beforeMethod" is-config="true" duration-ms="10085" started-at="2020-03-01T07:40:37Z" finished-at="2020-03-01T07:40:47Z">
          <params>
            <param index="0">
              <value>
                <![CDATA[public void com.AutomationFramework.companyName.automationEcommerce.testScripts.footer.TC_footer_ID_23_verifyMyAccountLinkFunctionality()]]>
              </value>
            </param>
          </params>
          <reporter-output>
          </reporter-output>
        </test-method> <!-- beforeMethod -->
        <test-method status="PASS" signature="TC_footer_ID_23_verifyMyAccountLinkFunctionality()[pri:0, instance:com.AutomationFramework.companyName.automationEcommerce.testScripts.footer@eec5a4a]" name="TC_footer_ID_23_verifyMyAccountLinkFunctionality" duration-ms="8459" started-at="2020-03-01T07:40:47Z" finished-at="2020-03-01T07:40:55Z">
          <reporter-output>
          </reporter-output>
        </test-method> <!-- TC_footer_ID_23_verifyMyAccountLinkFunctionality -->
        <test-method status="PASS" signature="afterMethod(org.testng.ITestResult)[pri:0, instance:com.AutomationFramework.companyName.automationEcommerce.testScripts.footer@eec5a4a]" name="afterMethod" is-config="true" duration-ms="775" started-at="2020-03-01T07:40:55Z" finished-at="2020-03-01T07:40:56Z">
          <params>
            <param index="0">
              <value>
                <![CDATA[[TestResult name=TC_footer_ID_23_verifyMyAccountLinkFunctionality status=SUCCESS method=footer.TC_footer_ID_23_verifyMyAccountLinkFunctionality()[pri:0, instance:com.AutomationFramework.companyName.automationEcommerce.testScripts.footer@eec5a4a] output={null}]]]>
              </value>
            </param>
          </params>
          <reporter-output>
          </reporter-output>
        </test-method> <!-- afterMethod -->
        <test-method status="PASS" signature="beforeMethod(java.lang.reflect.Method)[pri:0, instance:com.AutomationFramework.companyName.automationEcommerce.testScripts.footer@eec5a4a]" name="beforeMethod" is-config="true" duration-ms="9310" started-at="2020-03-01T07:40:56Z" finished-at="2020-03-01T07:41:05Z">
          <params>
            <param index="0">
              <value>
                <![CDATA[public void com.AutomationFramework.companyName.automationEcommerce.testScripts.footer.TC_footer_ID_24_verifyMyOrdersLinkFunctionality()]]>
              </value>
            </param>
          </params>
          <reporter-output>
          </reporter-output>
        </test-method> <!-- beforeMethod -->
        <test-method status="PASS" signature="TC_footer_ID_24_verifyMyOrdersLinkFunctionality()[pri:0, instance:com.AutomationFramework.companyName.automationEcommerce.testScripts.footer@eec5a4a]" name="TC_footer_ID_24_verifyMyOrdersLinkFunctionality" duration-ms="8204" started-at="2020-03-01T07:41:05Z" finished-at="2020-03-01T07:41:14Z">
          <reporter-output>
          </reporter-output>
        </test-method> <!-- TC_footer_ID_24_verifyMyOrdersLinkFunctionality -->
        <test-method status="PASS" signature="afterMethod(org.testng.ITestResult)[pri:0, instance:com.AutomationFramework.companyName.automationEcommerce.testScripts.footer@eec5a4a]" name="afterMethod" is-config="true" duration-ms="740" started-at="2020-03-01T07:41:14Z" finished-at="2020-03-01T07:41:14Z">
          <params>
            <param index="0">
              <value>
                <![CDATA[[TestResult name=TC_footer_ID_24_verifyMyOrdersLinkFunctionality status=SUCCESS method=footer.TC_footer_ID_24_verifyMyOrdersLinkFunctionality()[pri:0, instance:com.AutomationFramework.companyName.automationEcommerce.testScripts.footer@eec5a4a] output={null}]]]>
              </value>
            </param>
          </params>
          <reporter-output>
          </reporter-output>
        </test-method> <!-- afterMethod -->
        <test-method status="PASS" signature="beforeMethod(java.lang.reflect.Method)[pri:0, instance:com.AutomationFramework.companyName.automationEcommerce.testScripts.footer@eec5a4a]" name="beforeMethod" is-config="true" duration-ms="9338" started-at="2020-03-01T07:41:14Z" finished-at="2020-03-01T07:41:24Z">
          <params>
            <param index="0">
              <value>
                <![CDATA[public void com.AutomationFramework.companyName.automationEcommerce.testScripts.footer.TC_footer_ID_25_verifyMyCreditSlipsLinkFunctionality()]]>
              </value>
            </param>
          </params>
          <reporter-output>
          </reporter-output>
        </test-method> <!-- beforeMethod -->
        <test-method status="FAIL" signature="TC_footer_ID_25_verifyMyCreditSlipsLinkFunctionality()[pri:0, instance:com.AutomationFramework.companyName.automationEcommerce.testScripts.footer@eec5a4a]" name="TC_footer_ID_25_verifyMyCreditSlipsLinkFunctionality" duration-ms="8651" started-at="2020-03-01T07:41:24Z" finished-at="2020-03-01T07:41:32Z">
          <exception class="java.lang.AssertionError">
            <message>
              <![CDATA[expected [true] but found [false]]]>
            </message>
            <full-stacktrace>
              <![CDATA[java.lang.AssertionError: expected [true] but found [false]
at org.testng.Assert.fail(Assert.java:96)
at org.testng.Assert.failNotEquals(Assert.java:776)
at org.testng.Assert.assertTrue(Assert.java:44)
at org.testng.Assert.assertTrue(Assert.java:54)
at com.AutomationFramework.companyName.automationEcommerce.helper.assertion.AssertionHelper.fail(AssertionHelper.java:102)
at com.AutomationFramework.companyName.automationEcommerce.helper.assertion.AssertionHelper.updateTestStatus(AssertionHelper.java:117)
at com.AutomationFramework.companyName.automationEcommerce.testScripts.footer.TC_footer_ID_25_verifyMyCreditSlipsLinkFunctionality(footer.java:445)
at sun.reflect.NativeMethodAccessorImpl.invoke0(Native Method)
at sun.reflect.NativeMethodAccessorImpl.invoke(NativeMethodAccessorImpl.java:62)
at sun.reflect.DelegatingMethodAccessorImpl.invoke(DelegatingMethodAccessorImpl.java:43)
at java.lang.reflect.Method.invoke(Method.java:498)
at org.testng.internal.MethodInvocationHelper.invokeMethod(MethodInvocationHelper.java:124)
at org.testng.internal.Invoker.invokeMethod(Invoker.java:583)
at org.testng.internal.Invoker.invokeTestMethod(Invoker.java:719)
at org.testng.internal.Invoker.invokeTestMethods(Invoker.java:989)
at org.testng.internal.TestMethodWorker.invokeTestMethods(TestMethodWorker.java:125)
at org.testng.internal.TestMethodWorker.run(TestMethodWorker.java:109)
at org.testng.TestRunner.privateRun(TestRunner.java:648)
at org.testng.TestRunner.run(TestRunner.java:505)
at org.testng.SuiteRunner.runTest(SuiteRunner.java:455)
at org.testng.SuiteRunner.runSequentially(SuiteRunner.java:450)
at org.testng.SuiteRunner.privateRun(SuiteRunner.java:415)
at org.testng.SuiteRunner.run(SuiteRunner.java:364)
at org.testng.SuiteRunnerWorker.runSuite(SuiteRunnerWorker.java:52)
at org.testng.SuiteRunnerWorker.run(SuiteRunnerWorker.java:84)
at org.testng.TestNG.runSuitesSequentially(TestNG.java:1208)
at org.testng.TestNG.runSuitesLocally(TestNG.java:1137)
at org.testng.TestNG.runSuites(TestNG.java:1049)
at org.testng.TestNG.run(TestNG.java:1017)
at org.testng.remote.AbstractRemoteTestNG.run(AbstractRemoteTestNG.java:114)
at org.testng.remote.RemoteTestNG.initAndRun(RemoteTestNG.java:251)
at org.testng.remote.RemoteTestNG.main(RemoteTestNG.java:77)
]]>
            </full-stacktrace>
          </exception> <!-- java.lang.AssertionError -->
          <reporter-output>
          </reporter-output>
        </test-method> <!-- TC_footer_ID_25_verifyMyCreditSlipsLinkFunctionality -->
        <test-method status="PASS" signature="afterMethod(org.testng.ITestResult)[pri:0, instance:com.AutomationFramework.companyName.automationEcommerce.testScripts.footer@eec5a4a]" name="afterMethod" is-config="true" duration-ms="683" started-at="2020-03-01T07:41:32Z" finished-at="2020-03-01T07:41:33Z">
          <params>
            <param index="0">
              <value>
                <![CDATA[[TestResult name=TC_footer_ID_25_verifyMyCreditSlipsLinkFunctionality status=FAILURE method=footer.TC_footer_ID_25_verifyMyCreditSlipsLinkFunctionality()[pri:0, instance:com.AutomationFramework.companyName.automationEcommerce.testScripts.footer@eec5a4a] output={null}]]]>
              </value>
            </param>
          </params>
          <reporter-output>
          </reporter-output>
        </test-method> <!-- afterMethod -->
        <test-method status="PASS" signature="beforeMethod(java.lang.reflect.Method)[pri:0, instance:com.AutomationFramework.companyName.automationEcommerce.testScripts.footer@eec5a4a]" name="beforeMethod" is-config="true" duration-ms="9509" started-at="2020-03-01T07:41:33Z" finished-at="2020-03-01T07:41:42Z">
          <params>
            <param index="0">
              <value>
                <![CDATA[public void com.AutomationFramework.companyName.automationEcommerce.testScripts.footer.TC_footer_ID_26_verifyMyAddressesLinkFunctionality()]]>
              </value>
            </param>
          </params>
          <reporter-output>
          </reporter-output>
        </test-method> <!-- beforeMethod -->
        <test-method status="PASS" signature="TC_footer_ID_26_verifyMyAddressesLinkFunctionality()[pri:0, instance:com.AutomationFramework.companyName.automationEcommerce.testScripts.footer@eec5a4a]" name="TC_footer_ID_26_verifyMyAddressesLinkFunctionality" duration-ms="8389" started-at="2020-03-01T07:41:42Z" finished-at="2020-03-01T07:41:51Z">
          <reporter-output>
          </reporter-output>
        </test-method> <!-- TC_footer_ID_26_verifyMyAddressesLinkFunctionality -->
        <test-method status="PASS" signature="afterMethod(org.testng.ITestResult)[pri:0, instance:com.AutomationFramework.companyName.automationEcommerce.testScripts.footer@eec5a4a]" name="afterMethod" is-config="true" duration-ms="663" started-at="2020-03-01T07:41:51Z" finished-at="2020-03-01T07:41:52Z">
          <params>
            <param index="0">
              <value>
                <![CDATA[[TestResult name=TC_footer_ID_26_verifyMyAddressesLinkFunctionality status=SUCCESS method=footer.TC_footer_ID_26_verifyMyAddressesLinkFunctionality()[pri:0, instance:com.AutomationFramework.companyName.automationEcommerce.testScripts.footer@eec5a4a] output={null}]]]>
              </value>
            </param>
          </params>
          <reporter-output>
          </reporter-output>
        </test-method> <!-- afterMethod -->
        <test-method status="PASS" signature="beforeMethod(java.lang.reflect.Method)[pri:0, instance:com.AutomationFramework.companyName.automationEcommerce.testScripts.footer@eec5a4a]" name="beforeMethod" is-config="true" duration-ms="9334" started-at="2020-03-01T07:41:52Z" finished-at="2020-03-01T07:42:01Z">
          <params>
            <param index="0">
              <value>
                <![CDATA[public void com.AutomationFramework.companyName.automationEcommerce.testScripts.footer.TC_footer_ID_27_verifyMyPersonalInfoLinkFunctionality()]]>
              </value>
            </param>
          </params>
          <reporter-output>
          </reporter-output>
        </test-method> <!-- beforeMethod -->
        <test-method status="PASS" signature="TC_footer_ID_27_verifyMyPersonalInfoLinkFunctionality()[pri:0, instance:com.AutomationFramework.companyName.automationEcommerce.testScripts.footer@eec5a4a]" name="TC_footer_ID_27_verifyMyPersonalInfoLinkFunctionality" duration-ms="11453" started-at="2020-03-01T07:42:01Z" finished-at="2020-03-01T07:42:12Z">
          <reporter-output>
          </reporter-output>
        </test-method> <!-- TC_footer_ID_27_verifyMyPersonalInfoLinkFunctionality -->
        <test-method status="PASS" signature="afterMethod(org.testng.ITestResult)[pri:0, instance:com.AutomationFramework.companyName.automationEcommerce.testScripts.footer@eec5a4a]" name="afterMethod" is-config="true" duration-ms="806" started-at="2020-03-01T07:42:12Z" finished-at="2020-03-01T07:42:13Z">
          <params>
            <param index="0">
              <value>
                <![CDATA[[TestResult name=TC_footer_ID_27_verifyMyPersonalInfoLinkFunctionality status=SUCCESS method=footer.TC_footer_ID_27_verifyMyPersonalInfoLinkFunctionality()[pri:0, instance:com.AutomationFramework.companyName.automationEcommerce.testScripts.footer@eec5a4a] output={null}]]]>
              </value>
            </param>
          </params>
          <reporter-output>
          </reporter-output>
        </test-method> <!-- afterMethod -->
        <test-method status="PASS" signature="beforeMethod(java.lang.reflect.Method)[pri:0, instance:com.AutomationFramework.companyName.automationEcommerce.testScripts.footer@eec5a4a]" name="beforeMethod" is-config="true" duration-ms="9548" started-at="2020-03-01T07:42:13Z" finished-at="2020-03-01T07:42:23Z">
          <params>
            <param index="0">
              <value>
                <![CDATA[public void com.AutomationFramework.companyName.automationEcommerce.testScripts.footer.TC_footer_ID_28_verifySignoutLinkFunctionality()]]>
              </value>
            </param>
          </params>
          <reporter-output>
          </reporter-output>
        </test-method> <!-- beforeMethod -->
        <test-method status="PASS" signature="TC_footer_ID_28_verifySignoutLinkFunctionality()[pri:0, instance:com.AutomationFramework.companyName.automationEcommerce.testScripts.footer@eec5a4a]" name="TC_footer_ID_28_verifySignoutLinkFunctionality" duration-ms="11062" started-at="2020-03-01T07:42:23Z" finished-at="2020-03-01T07:42:34Z">
          <reporter-output>
          </reporter-output>
        </test-method> <!-- TC_footer_ID_28_verifySignoutLinkFunctionality -->
        <test-method status="PASS" signature="afterMethod(org.testng.ITestResult)[pri:0, instance:com.AutomationFramework.companyName.automationEcommerce.testScripts.footer@eec5a4a]" name="afterMethod" is-config="true" duration-ms="649" started-at="2020-03-01T07:42:34Z" finished-at="2020-03-01T07:42:34Z">
          <params>
            <param index="0">
              <value>
                <![CDATA[[TestResult name=TC_footer_ID_28_verifySignoutLinkFunctionality status=SUCCESS method=footer.TC_footer_ID_28_verifySignoutLinkFunctionality()[pri:0, instance:com.AutomationFramework.companyName.automationEcommerce.testScripts.footer@eec5a4a] output={null}]]]>
              </value>
            </param>
          </params>
          <reporter-output>
          </reporter-output>
        </test-method> <!-- afterMethod -->
        <test-method status="PASS" signature="afterTest()[pri:0, instance:com.AutomationFramework.companyName.automationEcommerce.testScripts.footer@eec5a4a]" name="afterTest" is-config="true" duration-ms="0" started-at="2020-03-01T07:42:34Z" finished-at="2020-03-01T07:42:34Z">
          <reporter-output>
          </reporter-output>
        </test-method> <!-- afterTest -->
        <test-method status="PASS" signature="afterSuite()[pri:0, instance:com.AutomationFramework.companyName.automationEcommerce.testScripts.footer@eec5a4a]" name="afterSuite" is-config="true" duration-ms="506" started-at="2020-03-01T07:42:34Z" finished-at="2020-03-01T07:42:35Z">
          <reporter-output>
          </reporter-output>
        </test-method> <!-- afterSuite -->
      </class> <!-- com.AutomationFramework.companyName.automationEcommerce.testScripts.footer -->
    </test> <!-- Default test -->
  </suite> <!-- Default suite -->
</testng-results>
