<?xml version="1.0" encoding="UTF-8"?>
<!-- Generated by org.testng.reporters.JUnitReportReporter -->
<testsuite skipped="10" hostname="DESKTOP-046U7N0" name="com.AutomationFramework.companyName.automationEcommerce.testScripts.authentication" tests="11" failures="0" timestamp="01 Mar 2020 11:13:56 GMT" time="16.035" errors="1">
  <testcase name="TC_authentication_ID_06_verifyErrorMessage" time="0.000" classname="com.AutomationFramework.companyName.automationEcommerce.testScripts.authentication">
    <skipped/>
  </testcase> <!-- TC_authentication_ID_06_verifyErrorMessage -->
  <testcase name="beforeMethod" time="16.035" classname="com.AutomationFramework.companyName.automationEcommerce.testScripts.authentication">
    <error type="org.openqa.selenium.SessionNotCreatedException" message="session not created
from chrome not reachable
  (Session info: chrome=80.0.3987.122)
Build info: version: &#039;3.141.59&#039;, revision: &#039;e82be7d358&#039;, time: &#039;2018-11-14T08:17:03&#039;
System info: host: &#039;DESKTOP-046U7N0&#039;, ip: &#039;192.168.1.205&#039;, os.name: &#039;Windows 10&#039;, os.arch: &#039;amd64&#039;, os.version: &#039;10.0&#039;, java.version: &#039;1.8.0_241&#039;
Driver info: driver.version: ChromeDriver
remote stacktrace: Backtrace:
	Ordinal0 [0x002A0C83+1707139]
	Ordinal0 [0x002068F1+1075441]
	Ordinal0 [0x0017DE72+515698]
	Ordinal0 [0x00177CA8+490664]
	Ordinal0 [0x0017839B+492443]
	Ordinal0 [0x001792F5+496373]
	Ordinal0 [0x00174F05+478981]
	Ordinal0 [0x0017ECA0+519328]
	Ordinal0 [0x0012CA67+182887]
	Ordinal0 [0x0012BDDD+179677]
	Ordinal0 [0x00129D4B+171339]
	Ordinal0 [0x00111D4A+73034]
	Ordinal0 [0x00112DC0+77248]
	Ordinal0 [0x00112D59+77145]
	Ordinal0 [0x0021BB67+1162087]
	GetHandleVerifier [0x0033A966+508998]
	GetHandleVerifier [0x0033A6A4+508292]
	GetHandleVerifier [0x0034F7B7+594583]
	GetHandleVerifier [0x0033B1D6+511158]
	Ordinal0 [0x0021402C+1130540]
	Ordinal0 [0x0021D4CB+1168587]
	Ordinal0 [0x0021D633+1168947]
	Ordinal0 [0x00235B35+1268533]
	BaseThreadInitThunk [0x77A66359+25]
	RtlGetAppContainerNamedObjectPath [0x77BD7B74+228]
	RtlGetAppContainerNamedObjectPath [0x77BD7B44+180]
">
      <![CDATA[org.openqa.selenium.SessionNotCreatedException: session not created
from chrome not reachable
  (Session info: chrome=80.0.3987.122)
Build info: version: '3.141.59', revision: 'e82be7d358', time: '2018-11-14T08:17:03'
System info: host: 'DESKTOP-046U7N0', ip: '192.168.1.205', os.name: 'Windows 10', os.arch: 'amd64', os.version: '10.0', java.version: '1.8.0_241'
Driver info: driver.version: ChromeDriver
remote stacktrace: Backtrace:
Ordinal0 [0x002A0C83+1707139]
Ordinal0 [0x002068F1+1075441]
Ordinal0 [0x0017DE72+515698]
Ordinal0 [0x00177CA8+490664]
Ordinal0 [0x0017839B+492443]
Ordinal0 [0x001792F5+496373]
Ordinal0 [0x00174F05+478981]
Ordinal0 [0x0017ECA0+519328]
Ordinal0 [0x0012CA67+182887]
Ordinal0 [0x0012BDDD+179677]
Ordinal0 [0x00129D4B+171339]
Ordinal0 [0x00111D4A+73034]
Ordinal0 [0x00112DC0+77248]
Ordinal0 [0x00112D59+77145]
Ordinal0 [0x0021BB67+1162087]
GetHandleVerifier [0x0033A966+508998]
GetHandleVerifier [0x0033A6A4+508292]
GetHandleVerifier [0x0034F7B7+594583]
GetHandleVerifier [0x0033B1D6+511158]
Ordinal0 [0x0021402C+1130540]
Ordinal0 [0x0021D4CB+1168587]
Ordinal0 [0x0021D633+1168947]
Ordinal0 [0x00235B35+1268533]
BaseThreadInitThunk [0x77A66359+25]
RtlGetAppContainerNamedObjectPath [0x77BD7B74+228]
RtlGetAppContainerNamedObjectPath [0x77BD7B44+180]

at sun.reflect.NativeConstructorAccessorImpl.newInstance0(Native Method)
at sun.reflect.NativeConstructorAccessorImpl.newInstance(NativeConstructorAccessorImpl.java:62)
at sun.reflect.DelegatingConstructorAccessorImpl.newInstance(DelegatingConstructorAccessorImpl.java:45)
at java.lang.reflect.Constructor.newInstance(Constructor.java:423)
at org.openqa.selenium.remote.W3CHandshakeResponse.lambda$errorHandler$0(W3CHandshakeResponse.java:62)
at org.openqa.selenium.remote.HandshakeResponse.lambda$getResponseFunction$0(HandshakeResponse.java:30)
at org.openqa.selenium.remote.ProtocolHandshake.lambda$createSession$0(ProtocolHandshake.java:126)
at java.util.stream.ReferencePipeline$3$1.accept(ReferencePipeline.java:193)
at java.util.Spliterators$ArraySpliterator.tryAdvance(Spliterators.java:958)
at java.util.stream.ReferencePipeline.forEachWithCancel(ReferencePipeline.java:126)
at java.util.stream.AbstractPipeline.copyIntoWithCancel(AbstractPipeline.java:499)
at java.util.stream.AbstractPipeline.copyInto(AbstractPipeline.java:486)
at java.util.stream.AbstractPipeline.wrapAndCopyInto(AbstractPipeline.java:472)
at java.util.stream.FindOps$FindOp.evaluateSequential(FindOps.java:152)
at java.util.stream.AbstractPipeline.evaluate(AbstractPipeline.java:234)
at java.util.stream.ReferencePipeline.findFirst(ReferencePipeline.java:464)
at org.openqa.selenium.remote.ProtocolHandshake.createSession(ProtocolHandshake.java:128)
at org.openqa.selenium.remote.ProtocolHandshake.createSession(ProtocolHandshake.java:74)
at org.openqa.selenium.remote.HttpCommandExecutor.execute(HttpCommandExecutor.java:136)
at org.openqa.selenium.remote.service.DriverCommandExecutor.execute(DriverCommandExecutor.java:83)
at org.openqa.selenium.remote.RemoteWebDriver.execute(RemoteWebDriver.java:552)
at org.openqa.selenium.remote.RemoteWebDriver.startSession(RemoteWebDriver.java:213)
at org.openqa.selenium.remote.RemoteWebDriver.<init>(RemoteWebDriver.java:131)
at org.openqa.selenium.chrome.ChromeDriver.<init>(ChromeDriver.java:181)
at org.openqa.selenium.chrome.ChromeDriver.<init>(ChromeDriver.java:168)
at org.openqa.selenium.chrome.ChromeDriver.<init>(ChromeDriver.java:157)
at com.AutomationFramework.companyName.automationEcommerce.helper.browserConfiguration.ChromeBrowser.getChromeDriver(ChromeBrowser.java:37)
at com.AutomationFramework.companyName.automationEcommerce.testbase.TestBase.getBrowserObject(TestBase.java:180)
at com.AutomationFramework.companyName.automationEcommerce.testbase.TestBase.setWebDriverTo(TestBase.java:159)
at com.AutomationFramework.companyName.automationEcommerce.testbase.TestBase.beforeMethod(TestBase.java:85)
at sun.reflect.NativeMethodAccessorImpl.invoke0(Native Method)
at sun.reflect.NativeMethodAccessorImpl.invoke(NativeMethodAccessorImpl.java:62)
at sun.reflect.DelegatingMethodAccessorImpl.invoke(DelegatingMethodAccessorImpl.java:43)
at java.lang.reflect.Method.invoke(Method.java:498)
at org.testng.internal.MethodInvocationHelper.invokeMethod(MethodInvocationHelper.java:124)
at org.testng.internal.MethodInvocationHelper.invokeMethodConsideringTimeout(MethodInvocationHelper.java:59)
at org.testng.internal.Invoker.invokeConfigurationMethod(Invoker.java:458)
at org.testng.internal.Invoker.invokeConfigurations(Invoker.java:222)
at org.testng.internal.Invoker.invokeMethod(Invoker.java:523)
at org.testng.internal.Invoker.invokeTestMethod(Invoker.java:719)
at org.testng.internal.Invoker.invokeTestMethods(Invoker.java:989)
at org.testng.internal.TestMethodWorker.invokeTestMethods(TestMethodWorker.java:125)
at org.testng.internal.TestMethodWorker.run(TestMethodWorker.java:109)
at org.testng.TestRunner.privateRun(TestRunner.java:648)
at org.testng.TestRunner.run(TestRunner.java:505)
at org.testng.SuiteRunner.runTest(SuiteRunner.java:455)
at org.testng.SuiteRunner.runSequentially(SuiteRunner.java:450)
at org.testng.SuiteRunner.privateRun(SuiteRunner.java:415)
at org.testng.SuiteRunner.run(SuiteRunner.java:364)
at org.testng.SuiteRunnerWorker.runSuite(SuiteRunnerWorker.java:52)
at org.testng.SuiteRunnerWorker.run(SuiteRunnerWorker.java:84)
at org.testng.TestNG.runSuitesSequentially(TestNG.java:1208)
at org.testng.TestNG.runSuitesLocally(TestNG.java:1137)
at org.testng.TestNG.runSuites(TestNG.java:1049)
at org.testng.TestNG.run(TestNG.java:1017)
at org.testng.remote.AbstractRemoteTestNG.run(AbstractRemoteTestNG.java:114)
at org.testng.remote.RemoteTestNG.initAndRun(RemoteTestNG.java:251)
at org.testng.remote.RemoteTestNG.main(RemoteTestNG.java:77)
]]>
    </error>
  </testcase> <!-- beforeMethod -->
  <testcase name="TC_authentication_ID_08_verifyLoginFunctionality" classname="com.AutomationFramework.companyName.automationEcommerce.testScripts.authentication">
    <skipped/>
  </testcase> <!-- TC_authentication_ID_08_verifyLoginFunctionality -->
  <testcase name="TC_authentication_ID_03_verifyLabel" classname="com.AutomationFramework.companyName.automationEcommerce.testScripts.authentication">
    <skipped/>
  </testcase> <!-- TC_authentication_ID_03_verifyLabel -->
  <testcase name="TC_authentication_ID_05_verifyForgotYourPassswordLinkFunctionality" classname="com.AutomationFramework.companyName.automationEcommerce.testScripts.authentication">
    <skipped/>
  </testcase> <!-- TC_authentication_ID_05_verifyForgotYourPassswordLinkFunctionality -->
  <testcase name="TC_authentication_ID_04_verifyErrorMessage" classname="com.AutomationFramework.companyName.automationEcommerce.testScripts.authentication">
    <skipped/>
  </testcase> <!-- TC_authentication_ID_04_verifyErrorMessage -->
  <testcase name="TC_authentication_ID_07_verifyLoginFunctionality" classname="com.AutomationFramework.companyName.automationEcommerce.testScripts.authentication">
    <skipped/>
  </testcase> <!-- TC_authentication_ID_07_verifyLoginFunctionality -->
  <testcase name="TC_authentication_ID_01_verifyHomeIconbuttonFunctionality" classname="com.AutomationFramework.companyName.automationEcommerce.testScripts.authentication">
    <skipped/>
  </testcase> <!-- TC_authentication_ID_01_verifyHomeIconbuttonFunctionality -->
  <testcase name="TC_authentication_ID_02_verifySectionTitles" classname="com.AutomationFramework.companyName.automationEcommerce.testScripts.authentication">
    <skipped/>
  </testcase> <!-- TC_authentication_ID_02_verifySectionTitles -->
  <testcase name="TC_authentication_ID_10_verifyLoginFunctionality" classname="com.AutomationFramework.companyName.automationEcommerce.testScripts.authentication">
    <skipped/>
  </testcase> <!-- TC_authentication_ID_10_verifyLoginFunctionality -->
  <testcase name="TC_authentication_ID_09_verifyLoginFunctionality" classname="com.AutomationFramework.companyName.automationEcommerce.testScripts.authentication">
    <skipped/>
  </testcase> <!-- TC_authentication_ID_09_verifyLoginFunctionality -->
</testsuite> <!-- com.AutomationFramework.companyName.automationEcommerce.testScripts.authentication -->
